TN:
SF:src\components\Layout\AppFooter.tsx
FN:3,AppFooter
FNF:1
FNH:0
FNDA:0,AppFooter
DA:4,0
DA:6,0
LF:2
LH:0
BRF:0
BRH:0
end_of_record
TN:
SF:src\components\Layout\AppHeader.tsx
FN:15,AppHeader
FNF:1
FNH:0
FNDA:0,AppHeader
DA:23,0
LF:1
LH:0
BRDA:20,0,0,0
BRDA:29,1,0,0
BRDA:29,1,1,0
BRDA:43,2,0,0
BRDA:43,2,1,0
BRF:5
BRH:0
end_of_record
TN:
SF:src\components\Layout\AppShell.tsx
FN:25,AppShell
FN:38,(anonymous_1)
FN:46,(anonymous_2)
FN:62,(anonymous_3)
FN:64,(anonymous_4)
FN:72,(anonymous_5)
FN:90,(anonymous_6)
FN:94,(anonymous_7)
FNF:8
FNH:0
FNDA:0,AppShell
FNDA:0,(anonymous_1)
FNDA:0,(anonymous_2)
FNDA:0,(anonymous_3)
FNDA:0,(anonymous_4)
FNDA:0,(anonymous_5)
FNDA:0,(anonymous_6)
FNDA:0,(anonymous_7)
DA:26,0
DA:27,0
DA:30,0
DA:32,0
DA:35,0
DA:36,0
DA:38,0
DA:39,0
DA:40,0
DA:42,0
DA:43,0
DA:46,0
DA:48,0
DA:49,0
DA:53,0
DA:54,0
DA:55,0
DA:57,0
DA:61,0
DA:64,0
DA:65,0
DA:66,0
DA:67,0
DA:71,0
DA:72,0
DA:75,0
DA:77,0
DA:78,0
DA:80,0
DA:81,0
DA:83,0
DA:90,0
DA:91,0
DA:94,0
DA:95,0
DA:97,0
DA:99,0
DA:101,0
DA:103,0
DA:113,0
DA:115,0
DA:117,0
DA:119,0
DA:121,0
DA:125,0
LF:45
LH:0
BRDA:48,0,0,0
BRDA:48,0,1,0
BRDA:53,1,0,0
BRDA:53,1,1,0
BRDA:65,2,0,0
BRDA:65,2,1,0
BRDA:72,3,0,0
BRDA:72,3,1,0
BRDA:75,4,0,0
BRDA:75,4,1,0
BRDA:95,5,0,0
BRDA:95,5,1,0
BRDA:95,5,2,0
BRDA:95,5,3,0
BRDA:95,5,4,0
BRDA:95,5,5,0
BRDA:95,5,6,0
BRDA:95,5,7,0
BRDA:95,5,8,0
BRF:19
BRH:0
end_of_record
TN:
SF:src\components\Layout\TabNavigation.tsx
FN:23,TabNavigation
FN:34,(anonymous_1)
FN:64,(anonymous_2)
FN:69,(anonymous_3)
FN:70,(anonymous_4)
FNF:5
FNH:0
FNDA:0,TabNavigation
FNDA:0,(anonymous_1)
FNDA:0,(anonymous_2)
FNDA:0,(anonymous_3)
FNDA:0,(anonymous_4)
DA:28,0
DA:29,0
DA:30,0
DA:33,0
DA:36,0
DA:37,0
DA:38,0
DA:40,0
DA:51,0
DA:62,0
DA:65,0
DA:69,0
DA:70,0
LF:13
LH:0
BRDA:37,0,0,0
BRDA:37,0,1,0
BRDA:38,1,0,0
BRDA:38,1,1,0
BRDA:38,2,0,0
BRDA:38,2,1,0
BRDA:68,3,0,0
BRDA:68,3,1,0
BRDA:69,4,0,0
BRDA:69,4,1,0
BRF:10
BRH:0
end_of_record
TN:
SF:src\components\Layout\ViewLayout\ViewLayout.tsx
FN:43,getVariantClass
FN:59,ViewLayoutBase
FNF:2
FNH:0
FNDA:0,getVariantClass
FNDA:0,ViewLayoutBase
DA:44,0
DA:46,0
DA:48,0
DA:50,0
DA:52,0
DA:66,0
DA:69,0
DA:71,0
DA:81,0
DA:82,0
LF:10
LH:0
BRDA:44,0,0,0
BRDA:44,0,1,0
BRDA:44,0,2,0
BRDA:44,0,3,0
BRDA:69,1,0,0
BRDA:69,1,1,0
BRF:6
BRH:0
end_of_record
TN:
SF:src\components\Layout\ViewLayout\ViewLayoutPanel.tsx
FN:15,getWidthClass
FN:42,ViewLayoutPanel
FNF:2
FNH:0
FNDA:0,getWidthClass
FNDA:0,ViewLayoutPanel
DA:16,0
DA:18,0
DA:20,0
DA:22,0
DA:25,0
DA:28,0
DA:52,0
DA:53,0
DA:56,0
DA:75,0
DA:80,0
DA:82,0
LF:12
LH:0
BRDA:16,0,0,0
BRDA:16,0,1,0
BRDA:16,0,2,0
BRDA:16,0,3,0
BRDA:16,0,4,0
BRDA:16,0,5,0
BRDA:45,1,0,0
BRDA:52,2,0,0
BRDA:52,2,1,0
BRDA:52,2,2,0
BRDA:53,3,0,0
BRDA:53,3,1,0
BRDA:53,3,2,0
BRDA:59,4,0,0
BRDA:59,4,1,0
BRDA:60,5,0,0
BRDA:60,5,1,0
BRDA:62,6,0,0
BRDA:62,6,1,0
BRDA:63,7,0,0
BRDA:63,7,1,0
BRDA:63,7,2,0
BRDA:67,8,0,0
BRDA:67,8,1,0
BRDA:68,9,0,0
BRDA:68,9,1,0
BRDA:75,10,0,0
BRDA:75,10,1,0
BRDA:80,11,0,0
BRDA:80,11,1,0
BRF:30
BRH:0
end_of_record
TN:
SF:src\components\Modals\AnnouncementsModal.tsx
FN:15,AnnouncementsModal
FNF:1
FNH:0
FNDA:0,AnnouncementsModal
DA:16,0
LF:1
LH:0
BRF:0
BRH:0
end_of_record
TN:
SF:src\components\Modals\AssetManagerModal.tsx
FN:79,AssetManagerModal
FN:177,(anonymous_1)
FN:187,(anonymous_2)
FN:197,(anonymous_3)
FN:209,(anonymous_4)
FN:223,(anonymous_5)
FN:227,(anonymous_6)
FN:234,(anonymous_7)
FN:238,(anonymous_8)
FN:249,(anonymous_9)
FN:260,(anonymous_10)
FN:293,(anonymous_11)
FN:311,(anonymous_12)
FN:320,(anonymous_13)
FN:325,(anonymous_14)
FN:345,(anonymous_15)
FN:368,(anonymous_16)
FN:373,(anonymous_17)
FN:393,(anonymous_18)
FN:412,(anonymous_19)
FN:419,(anonymous_20)
FN:423,(anonymous_21)
FN:428,(anonymous_22)
FN:441,(anonymous_23)
FN:453,(anonymous_24)
FN:463,(anonymous_25)
FN:471,(anonymous_26)
FN:481,(anonymous_27)
FN:509,(anonymous_28)
FN:512,(anonymous_29)
FN:535,(anonymous_30)
FN:597,(anonymous_31)
FNF:32
FNH:0
FNDA:0,AssetManagerModal
FNDA:0,(anonymous_1)
FNDA:0,(anonymous_2)
FNDA:0,(anonymous_3)
FNDA:0,(anonymous_4)
FNDA:0,(anonymous_5)
FNDA:0,(anonymous_6)
FNDA:0,(anonymous_7)
FNDA:0,(anonymous_8)
FNDA:0,(anonymous_9)
FNDA:0,(anonymous_10)
FNDA:0,(anonymous_11)
FNDA:0,(anonymous_12)
FNDA:0,(anonymous_13)
FNDA:0,(anonymous_14)
FNDA:0,(anonymous_15)
FNDA:0,(anonymous_16)
FNDA:0,(anonymous_17)
FNDA:0,(anonymous_18)
FNDA:0,(anonymous_19)
FNDA:0,(anonymous_20)
FNDA:0,(anonymous_21)
FNDA:0,(anonymous_22)
FNDA:0,(anonymous_23)
FNDA:0,(anonymous_24)
FNDA:0,(anonymous_25)
FNDA:0,(anonymous_26)
FNDA:0,(anonymous_27)
FNDA:0,(anonymous_28)
FNDA:0,(anonymous_29)
FNDA:0,(anonymous_30)
FNDA:0,(anonymous_31)
DA:66,0
DA:93,0
DA:94,0
DA:95,0
DA:96,0
DA:97,0
DA:98,0
DA:99,0
DA:102,0
DA:122,0
DA:140,0
DA:152,0
DA:164,0
DA:176,0
DA:178,0
DA:179,0
DA:186,0
DA:188,0
DA:189,0
DA:196,0
DA:198,0
DA:199,0
DA:208,0
DA:210,0
DA:211,0
DA:213,0
DA:223,0
DA:224,0
DA:227,0
DA:228,0
DA:229,0
DA:230,0
DA:234,0
DA:235,0
DA:238,0
DA:239,0
DA:240,0
DA:248,0
DA:250,0
DA:251,0
DA:260,0
DA:261,0
DA:262,0
DA:270,0
DA:271,0
DA:281,0
DA:282,0
DA:293,0
DA:303,0
DA:304,0
DA:311,0
DA:321,0
DA:326,0
DA:346,0
DA:366,0
DA:369,0
DA:373,0
DA:394,0
DA:395,0
DA:412,0
DA:413,0
DA:419,0
DA:424,0
DA:428,0
DA:441,0
DA:453,0
DA:463,0
DA:471,0
DA:481,0
DA:509,0
DA:513,0
DA:535,0
DA:536,0
DA:538,0
DA:557,0
DA:597,0
DA:598,0
DA:654,0
LF:78
LH:0
BRDA:85,0,0,0
BRDA:86,1,0,0
BRDA:87,2,0,0
BRDA:88,3,0,0
BRDA:90,4,0,0
BRDA:93,5,0,0
BRDA:93,5,1,0
BRDA:94,6,0,0
BRDA:94,6,1,0
BRDA:123,7,0,0
BRDA:123,7,1,0
BRDA:126,8,0,0
BRDA:126,8,1,0
BRDA:126,9,0,0
BRDA:126,9,1,0
BRDA:180,10,0,0
BRDA:180,10,1,0
BRDA:190,11,0,0
BRDA:190,11,1,0
BRDA:190,12,0,0
BRDA:190,12,1,0
BRDA:199,13,0,0
BRDA:199,13,1,0
BRDA:210,14,0,0
BRDA:210,14,1,0
BRDA:228,15,0,0
BRDA:228,15,1,0
BRDA:239,16,0,0
BRDA:239,16,1,0
BRDA:261,17,0,0
BRDA:261,17,1,0
BRDA:270,18,0,0
BRDA:270,18,1,0
BRDA:281,19,0,0
BRDA:281,19,1,0
BRDA:281,20,0,0
BRDA:281,20,1,0
BRDA:281,20,2,0
BRDA:286,21,0,0
BRDA:286,21,1,0
BRDA:290,22,0,0
BRDA:290,22,1,0
BRDA:303,23,0,0
BRDA:303,23,1,0
BRDA:307,24,0,0
BRDA:307,24,1,0
BRDA:307,24,2,0
BRDA:310,25,0,0
BRDA:310,25,1,0
BRDA:311,26,0,0
BRDA:311,26,1,0
BRDA:319,27,0,0
BRDA:319,27,1,0
BRDA:324,28,0,0
BRDA:324,28,1,0
BRDA:327,29,0,0
BRDA:327,29,1,0
BRDA:338,30,0,0
BRDA:338,30,1,0
BRDA:338,30,2,0
BRDA:338,30,3,0
BRDA:338,30,4,0
BRDA:349,31,0,0
BRDA:349,31,1,0
BRDA:356,32,0,0
BRDA:356,32,1,0
BRDA:372,33,0,0
BRDA:372,33,1,0
BRDA:372,34,0,0
BRDA:372,34,1,0
BRDA:387,35,0,0
BRDA:387,35,1,0
BRDA:388,36,0,0
BRDA:388,36,1,0
BRDA:390,37,0,0
BRDA:390,37,1,0
BRDA:418,38,0,0
BRDA:418,38,1,0
BRDA:427,39,0,0
BRDA:427,39,1,0
BRDA:444,40,0,0
BRDA:444,40,1,0
BRDA:462,41,0,0
BRDA:462,41,1,0
BRDA:470,42,0,0
BRDA:470,42,1,0
BRDA:479,43,0,0
BRDA:479,43,1,0
BRDA:483,44,0,0
BRDA:483,44,1,0
BRDA:491,45,0,0
BRDA:491,45,1,0
BRDA:491,46,0,0
BRDA:491,46,1,0
BRDA:493,47,0,0
BRDA:493,47,1,0
BRDA:496,48,0,0
BRDA:496,48,1,0
BRDA:502,49,0,0
BRDA:502,49,1,0
BRDA:521,50,0,0
BRDA:521,50,1,0
BRDA:536,51,0,0
BRDA:536,51,1,0
BRDA:538,52,0,0
BRDA:538,52,1,0
BRDA:560,53,0,0
BRDA:560,53,1,0
BRDA:573,54,0,0
BRDA:573,54,1,0
BRDA:581,55,0,0
BRDA:581,55,1,0
BRDA:583,56,0,0
BRDA:583,56,1,0
BRDA:601,57,0,0
BRDA:601,57,1,0
BRDA:606,58,0,0
BRDA:606,58,1,0
BRDA:616,59,0,0
BRDA:616,59,1,0
BRDA:619,60,0,0
BRDA:619,60,1,0
BRDA:623,61,0,0
BRDA:623,61,1,0
BRDA:631,62,0,0
BRDA:631,62,1,0
BRDA:633,63,0,0
BRDA:633,63,1,0
BRDA:658,64,0,0
BRDA:658,64,1,0
BRDA:660,65,0,0
BRDA:660,65,1,0
BRDA:662,66,0,0
BRDA:662,66,1,0
BRF:134
BRH:0
end_of_record
TN:
SF:src\components\Modals\CreateVersionModal.tsx
FN:26,CreateVersionModal
FN:40,(anonymous_1)
FN:52,(anonymous_2)
FN:61,(anonymous_3)
FN:70,(anonymous_4)
FN:75,(anonymous_5)
FN:99,(anonymous_6)
FN:160,(anonymous_7)
FN:174,(anonymous_8)
FN:182,(anonymous_9)
FN:190,(anonymous_10)
FN:205,(anonymous_11)
FN:222,(anonymous_12)
FNF:13
FNH:0
FNDA:0,CreateVersionModal
FNDA:0,(anonymous_1)
FNDA:0,(anonymous_2)
FNDA:0,(anonymous_3)
FNDA:0,(anonymous_4)
FNDA:0,(anonymous_5)
FNDA:0,(anonymous_6)
FNDA:0,(anonymous_7)
FNDA:0,(anonymous_8)
FNDA:0,(anonymous_9)
FNDA:0,(anonymous_10)
FNDA:0,(anonymous_11)
FNDA:0,(anonymous_12)
DA:32,0
DA:34,0
DA:35,0
DA:36,0
DA:37,0
DA:38,0
DA:40,0
DA:41,0
DA:42,0
DA:43,0
DA:44,0
DA:46,0
DA:47,0
DA:52,0
DA:53,0
DA:54,0
DA:55,0
DA:56,0
DA:57,0
DA:61,0
DA:62,0
DA:63,0
DA:64,0
DA:66,0
DA:70,0
DA:71,0
DA:72,0
DA:75,0
DA:76,0
DA:77,0
DA:80,0
DA:81,0
DA:82,0
DA:85,0
DA:86,0
DA:87,0
DA:90,0
DA:91,0
DA:97,0
DA:99,0
DA:103,0
DA:111,0
DA:112,0
DA:115,0
DA:116,0
DA:118,0
DA:119,0
DA:120,0
DA:121,0
DA:123,0
DA:127,0
DA:160,0
DA:174,0
DA:182,0
DA:190,0
DA:205,0
DA:222,0
LF:57
LH:0
BRDA:53,0,0,0
BRDA:53,0,1,0
BRDA:80,1,0,0
BRDA:80,1,1,0
BRDA:85,2,0,0
BRDA:85,2,1,0
BRDA:107,3,0,0
BRDA:107,3,1,0
BRDA:108,4,0,0
BRDA:108,4,1,0
BRDA:118,5,0,0
BRDA:118,5,1,0
BRDA:235,6,0,0
BRDA:235,6,1,0
BRDA:239,7,0,0
BRDA:239,7,1,0
BRF:16
BRH:0
end_of_record
TN:
SF:src\components\Modals\DeleteProjectModal.tsx
FN:23,DeleteProjectModal
FN:34,(anonymous_1)
FN:40,(anonymous_2)
FNF:3
FNH:0
FNDA:0,DeleteProjectModal
FNDA:0,(anonymous_1)
FNDA:0,(anonymous_2)
DA:29,0
DA:30,0
DA:31,0
DA:34,0
DA:35,0
DA:36,0
DA:40,0
DA:41,0
DA:43,0
DA:44,0
DA:45,0
DA:46,0
DA:47,0
DA:48,0
DA:49,0
DA:51,0
DA:52,0
DA:53,0
DA:57,0
DA:59,0
LF:20
LH:0
BRDA:35,0,0,0
BRDA:35,0,1,0
BRDA:41,1,0,0
BRDA:41,1,1,0
BRDA:51,2,0,0
BRDA:51,2,1,0
BRDA:57,3,0,0
BRDA:57,3,1,0
BRDA:97,4,0,0
BRDA:97,4,1,0
BRF:10
BRH:0
end_of_record
TN:
SF:src\components\Modals\ExportProjectModal.tsx
FN:26,ExportProjectModal
FN:40,(anonymous_1)
FN:49,(anonymous_2)
FN:76,(anonymous_3)
FN:87,(anonymous_4)
FN:88,(anonymous_5)
FN:108,(anonymous_6)
FN:122,(anonymous_7)
FN:174,(anonymous_8)
FN:175,(anonymous_9)
FN:191,(anonymous_10)
FN:192,(anonymous_11)
FN:206,(anonymous_12)
FN:206,(anonymous_13)
FNF:14
FNH:0
FNDA:0,ExportProjectModal
FNDA:0,(anonymous_1)
FNDA:0,(anonymous_2)
FNDA:0,(anonymous_3)
FNDA:0,(anonymous_4)
FNDA:0,(anonymous_5)
FNDA:0,(anonymous_6)
FNDA:0,(anonymous_7)
FNDA:0,(anonymous_8)
FNDA:0,(anonymous_9)
FNDA:0,(anonymous_10)
FNDA:0,(anonymous_11)
FNDA:0,(anonymous_12)
FNDA:0,(anonymous_13)
DA:28,0
DA:30,0
DA:35,0
DA:36,0
DA:37,0
DA:40,0
DA:41,0
DA:44,0
DA:47,0
DA:48,0
DA:49,0
DA:52,0
DA:56,0
DA:57,0
DA:61,0
DA:62,0
DA:66,0
DA:67,0
DA:68,0
DA:69,0
DA:71,0
DA:76,0
DA:77,0
DA:79,0
DA:80,0
DA:81,0
DA:83,0
DA:84,0
DA:87,0
DA:88,0
DA:92,0
DA:94,0
DA:95,0
DA:98,0
DA:99,0
DA:100,0
DA:101,0
DA:102,0
DA:103,0
DA:104,0
DA:105,0
DA:108,0
DA:109,0
DA:110,0
DA:111,0
DA:114,0
DA:115,0
DA:116,0
DA:117,0
DA:122,0
DA:123,0
DA:124,0
DA:125,0
DA:126,0
DA:130,0
DA:132,0
DA:175,0
DA:192,0
DA:206,0
LF:59
LH:0
BRDA:41,0,0,0
BRDA:41,0,1,0
BRDA:47,1,0,0
BRDA:47,1,1,0
BRDA:47,2,0,0
BRDA:47,2,1,0
BRDA:49,3,0,0
BRDA:49,3,1,0
BRDA:56,4,0,0
BRDA:56,4,1,0
BRDA:56,5,0,0
BRDA:56,5,1,0
BRDA:61,6,0,0
BRDA:61,6,1,0
BRDA:66,7,0,0
BRDA:66,7,1,0
BRDA:68,8,0,0
BRDA:68,8,1,0
BRDA:77,9,0,0
BRDA:77,9,1,0
BRDA:114,10,0,0
BRDA:114,10,1,0
BRDA:123,11,0,0
BRDA:123,11,1,0
BRDA:130,12,0,0
BRDA:130,12,1,0
BRDA:158,13,0,0
BRDA:158,13,1,0
BRDA:162,14,0,0
BRDA:162,14,1,0
BRDA:177,15,0,0
BRDA:177,15,1,0
BRDA:182,16,0,0
BRDA:182,16,1,0
BRDA:223,17,0,0
BRDA:223,17,1,0
BRDA:233,18,0,0
BRDA:233,18,1,0
BRF:38
BRH:0
end_of_record
TN:
SF:src\components\Modals\IconManagementModal.tsx
FN:30,IconManagementModal
FN:41,(anonymous_1)
FN:43,(anonymous_2)
FN:50,(anonymous_3)
FN:56,(anonymous_4)
FN:61,(anonymous_5)
FN:69,(anonymous_6)
FN:71,(anonymous_7)
FN:102,(anonymous_8)
FN:103,(anonymous_9)
FN:152,(anonymous_10)
FN:159,(anonymous_11)
FN:179,(anonymous_12)
FN:190,(anonymous_13)
FNF:14
FNH:0
FNDA:0,IconManagementModal
FNDA:0,(anonymous_1)
FNDA:0,(anonymous_2)
FNDA:0,(anonymous_3)
FNDA:0,(anonymous_4)
FNDA:0,(anonymous_5)
FNDA:0,(anonymous_6)
FNDA:0,(anonymous_7)
FNDA:0,(anonymous_8)
FNDA:0,(anonymous_9)
FNDA:0,(anonymous_10)
FNDA:0,(anonymous_11)
FNDA:0,(anonymous_12)
FNDA:0,(anonymous_13)
DA:37,0
DA:38,0
DA:41,0
DA:42,0
DA:43,0
DA:44,0
DA:46,0
DA:50,0
DA:51,0
DA:54,0
DA:55,0
DA:56,0
DA:60,0
DA:61,0
DA:64,0
DA:68,0
DA:70,0
DA:71,0
DA:73,0
DA:74,0
DA:86,0
DA:87,0
DA:89,0
DA:91,0
DA:93,0
DA:96,0
DA:102,0
DA:103,0
DA:104,0
DA:111,0
DA:152,0
DA:159,0
DA:180,0
DA:181,0
DA:190,0
LF:35
LH:0
BRDA:54,0,0,0
BRDA:54,0,1,0
BRDA:60,1,0,0
BRDA:60,1,1,0
BRDA:73,2,0,0
BRDA:73,2,1,0
BRDA:86,3,0,0
BRDA:86,3,1,0
BRDA:91,4,0,0
BRDA:91,4,1,0
BRDA:103,5,0,0
BRDA:103,5,1,0
BRDA:167,6,0,0
BRDA:167,6,1,0
BRDA:170,7,0,0
BRDA:170,7,1,0
BRDA:172,8,0,0
BRDA:172,8,1,0
BRDA:196,9,0,0
BRDA:196,9,1,0
BRDA:199,10,0,0
BRDA:199,10,1,0
BRDA:202,11,0,0
BRDA:202,11,1,0
BRF:24
BRH:0
end_of_record
TN:
SF:src\components\Modals\ImportProjectModal.tsx
FN:27,ImportProjectModal
FN:42,(anonymous_1)
FN:80,(anonymous_2)
FN:95,(anonymous_3)
FN:105,(anonymous_4)
FN:110,(anonymous_5)
FN:116,(anonymous_6)
FN:123,(anonymous_7)
FN:128,(anonymous_8)
FN:143,(anonymous_9)
FN:154,(anonymous_10)
FN:155,(anonymous_11)
FN:165,(anonymous_12)
FN:182,(anonymous_13)
FN:231,(anonymous_14)
FNF:15
FNH:0
FNDA:0,ImportProjectModal
FNDA:0,(anonymous_1)
FNDA:0,(anonymous_2)
FNDA:0,(anonymous_3)
FNDA:0,(anonymous_4)
FNDA:0,(anonymous_5)
FNDA:0,(anonymous_6)
FNDA:0,(anonymous_7)
FNDA:0,(anonymous_8)
FNDA:0,(anonymous_9)
FNDA:0,(anonymous_10)
FNDA:0,(anonymous_11)
FNDA:0,(anonymous_12)
FNDA:0,(anonymous_13)
FNDA:0,(anonymous_14)
DA:29,0
DA:31,0
DA:32,0
DA:33,0
DA:34,0
DA:35,0
DA:36,0
DA:37,0
DA:38,0
DA:41,0
DA:43,0
DA:44,0
DA:45,0
DA:46,0
DA:48,0
DA:49,0
DA:52,0
DA:54,0
DA:55,0
DA:56,0
DA:57,0
DA:61,0
DA:62,0
DA:66,0
DA:67,0
DA:68,0
DA:70,0
DA:71,0
DA:72,0
DA:79,0
DA:81,0
DA:82,0
DA:83,0
DA:85,0
DA:86,0
DA:87,0
DA:94,0
DA:96,0
DA:97,0
DA:98,0
DA:105,0
DA:106,0
DA:107,0
DA:110,0
DA:111,0
DA:112,0
DA:113,0
DA:116,0
DA:117,0
DA:118,0
DA:119,0
DA:123,0
DA:124,0
DA:128,0
DA:129,0
DA:130,0
DA:131,0
DA:132,0
DA:133,0
DA:134,0
DA:135,0
DA:136,0
DA:138,0
DA:143,0
DA:144,0
DA:146,0
DA:147,0
DA:148,0
DA:150,0
DA:151,0
DA:154,0
DA:155,0
DA:159,0
DA:161,0
DA:162,0
DA:165,0
DA:166,0
DA:167,0
DA:170,0
DA:171,0
DA:172,0
DA:173,0
DA:178,0
DA:183,0
DA:184,0
DA:185,0
DA:186,0
DA:187,0
DA:209,0
DA:232,0
DA:233,0
DA:234,0
LF:92
LH:0
BRDA:54,0,0,0
BRDA:54,0,1,0
BRDA:61,1,0,0
BRDA:61,1,1,0
BRDA:61,2,0,0
BRDA:61,2,1,0
BRDA:70,3,0,0
BRDA:70,3,1,0
BRDA:86,4,0,0
BRDA:86,4,1,0
BRDA:97,5,0,0
BRDA:97,5,1,0
BRDA:97,6,0,0
BRDA:97,6,1,0
BRDA:129,7,0,0
BRDA:129,7,1,0
BRDA:135,8,0,0
BRDA:135,8,1,0
BRDA:144,9,0,0
BRDA:144,9,1,0
BRDA:170,10,0,0
BRDA:170,10,1,0
BRDA:178,11,0,0
BRDA:178,11,1,0
BRDA:178,12,0,0
BRDA:178,12,1,0
BRDA:186,13,0,0
BRDA:186,13,1,0
BRDA:218,14,0,0
BRDA:218,14,1,0
BRDA:223,15,0,0
BRDA:223,15,1,0
BRDA:224,16,0,0
BRDA:224,16,1,0
BRDA:232,17,0,0
BRDA:232,17,1,0
BRDA:232,18,0,0
BRDA:232,18,1,0
BRDA:266,19,0,0
BRDA:266,19,1,0
BRDA:274,20,0,0
BRDA:274,20,1,0
BRDA:274,20,2,0
BRDA:281,21,0,0
BRDA:281,21,1,0
BRDA:281,21,2,0
BRDA:281,21,3,0
BRDA:286,22,0,0
BRDA:286,22,1,0
BRDA:307,23,0,0
BRDA:307,23,1,0
BRDA:320,24,0,0
BRDA:320,24,1,0
BRDA:330,25,0,0
BRDA:330,25,1,0
BRF:55
BRH:0
end_of_record
TN:
SF:src\components\Modals\InfoModal.tsx
FN:16,InfoModal
FNF:1
FNH:0
FNDA:0,InfoModal
DA:17,0
LF:1
LH:0
BRF:0
BRH:0
end_of_record
TN:
SF:src\components\Modals\ProjectHistoryModal.tsx
FN:37,ProjectHistoryModal
FN:49,(anonymous_1)
FN:56,(anonymous_2)
FN:66,(anonymous_3)
FN:91,(anonymous_4)
FN:98,(anonymous_5)
FN:104,(anonymous_6)
FN:109,(anonymous_7)
FN:113,(anonymous_8)
FN:117,(anonymous_9)
FN:128,(anonymous_10)
FN:160,(anonymous_11)
FN:194,(anonymous_12)
FN:201,(anonymous_13)
FN:208,(anonymous_14)
FN:225,(anonymous_15)
FN:230,(anonymous_16)
FN:231,(anonymous_17)
FN:233,(anonymous_18)
FN:259,DetailsPanel
FN:301,DiffSummarySection
FN:321,(anonymous_21)
FN:327,(anonymous_22)
FN:377,TimelineItemCard
FN:391,(anonymous_24)
FN:433,(anonymous_25)
FN:444,(anonymous_26)
FN:461,formatTimestamp
FNF:28
FNH:0
FNDA:0,ProjectHistoryModal
FNDA:0,(anonymous_1)
FNDA:0,(anonymous_2)
FNDA:0,(anonymous_3)
FNDA:0,(anonymous_4)
FNDA:0,(anonymous_5)
FNDA:0,(anonymous_6)
FNDA:0,(anonymous_7)
FNDA:0,(anonymous_8)
FNDA:0,(anonymous_9)
FNDA:0,(anonymous_10)
FNDA:0,(anonymous_11)
FNDA:0,(anonymous_12)
FNDA:0,(anonymous_13)
FNDA:0,(anonymous_14)
FNDA:0,(anonymous_15)
FNDA:0,(anonymous_16)
FNDA:0,(anonymous_17)
FNDA:0,(anonymous_18)
FNDA:0,DetailsPanel
FNDA:0,DiffSummarySection
FNDA:0,(anonymous_21)
FNDA:0,(anonymous_22)
FNDA:0,TimelineItemCard
FNDA:0,(anonymous_24)
FNDA:0,(anonymous_25)
FNDA:0,(anonymous_26)
FNDA:0,formatTimestamp
DA:38,0
DA:39,0
DA:41,0
DA:42,0
DA:43,0
DA:44,0
DA:45,0
DA:48,0
DA:50,0
DA:56,0
DA:66,0
DA:67,0
DA:68,0
DA:69,0
DA:71,0
DA:76,0
DA:77,0
DA:78,0
DA:83,0
DA:84,0
DA:86,0
DA:91,0
DA:92,0
DA:93,0
DA:98,0
DA:99,0
DA:102,0
DA:103,0
DA:104,0
DA:107,0
DA:108,0
DA:109,0
DA:113,0
DA:117,0
DA:118,0
DA:121,0
DA:125,0
DA:128,0
DA:129,0
DA:131,0
DA:135,0
DA:136,0
DA:139,0
DA:140,0
DA:146,0
DA:148,0
DA:152,0
DA:153,0
DA:155,0
DA:156,0
DA:160,0
DA:161,0
DA:162,0
DA:165,0
DA:166,0
DA:167,0
DA:168,0
DA:169,0
DA:171,0
DA:172,0
DA:176,0
DA:194,0
DA:201,0
DA:208,0
DA:226,0
DA:230,0
DA:231,0
DA:233,0
DA:260,0
DA:261,0
DA:268,0
DA:303,0
DA:307,0
DA:321,0
DA:327,0
DA:384,0
DA:386,0
DA:392,0
DA:393,0
DA:394,0
DA:434,0
DA:435,0
DA:445,0
DA:446,0
DA:462,0
DA:463,0
DA:464,0
DA:466,0
DA:467,0
DA:468,0
DA:469,0
DA:471,0
LF:92
LH:0
BRDA:92,0,0,0
BRDA:92,0,1,0
BRDA:102,1,0,0
BRDA:102,1,1,0
BRDA:102,2,0,0
BRDA:102,2,1,0
BRDA:107,3,0,0
BRDA:107,3,1,0
BRDA:107,4,0,0
BRDA:107,4,1,0
BRDA:118,5,0,0
BRDA:118,5,1,0
BRDA:121,6,0,0
BRDA:121,6,1,0
BRDA:129,7,0,0
BRDA:129,7,1,0
BRDA:131,8,0,0
BRDA:131,8,1,0
BRDA:135,9,0,0
BRDA:135,9,1,0
BRDA:146,10,0,0
BRDA:146,10,1,0
BRDA:161,11,0,0
BRDA:161,11,1,0
BRDA:184,12,0,0
BRDA:184,12,1,0
BRDA:185,13,0,0
BRDA:185,13,1,0
BRDA:193,14,0,0
BRDA:193,14,1,0
BRDA:200,15,0,0
BRDA:200,15,1,0
BRDA:207,16,0,0
BRDA:207,16,1,0
BRDA:214,17,0,0
BRDA:214,17,1,0
BRDA:219,18,0,0
BRDA:219,18,1,0
BRDA:233,19,0,0
BRDA:233,19,1,0
BRDA:260,20,0,0
BRDA:260,20,1,0
BRDA:272,21,0,0
BRDA:272,21,1,0
BRDA:280,22,0,0
BRDA:280,22,1,0
BRDA:280,22,2,0
BRDA:288,23,0,0
BRDA:288,23,1,0
BRDA:303,24,0,0
BRDA:303,24,1,0
BRDA:303,24,2,0
BRDA:310,25,0,0
BRDA:310,25,1,0
BRDA:315,26,0,0
BRDA:315,26,1,0
BRDA:318,27,0,0
BRDA:318,27,1,0
BRDA:324,28,0,0
BRDA:324,28,1,0
BRDA:330,29,0,0
BRDA:330,29,1,0
BRDA:335,30,0,0
BRDA:335,30,1,0
BRDA:343,31,0,0
BRDA:343,31,1,0
BRDA:346,32,0,0
BRDA:346,32,1,0
BRDA:350,33,0,0
BRDA:350,33,1,0
BRDA:351,34,0,0
BRDA:351,34,1,0
BRDA:389,35,0,0
BRDA:389,35,1,0
BRDA:389,36,0,0
BRDA:389,36,1,0
BRDA:392,37,0,0
BRDA:392,37,1,0
BRDA:392,38,0,0
BRDA:392,38,1,0
BRDA:410,39,0,0
BRDA:410,39,1,0
BRDA:425,40,0,0
BRDA:425,40,1,0
BRDA:425,40,2,0
BRDA:440,41,0,0
BRDA:440,41,1,0
BRDA:466,42,0,0
BRDA:466,42,1,0
BRDA:467,43,0,0
BRDA:467,43,1,0
BRDA:468,44,0,0
BRDA:468,44,1,0
BRDA:469,45,0,0
BRDA:469,45,1,0
BRF:95
BRH:0
end_of_record
TN:
SF:src\components\Modals\SettingsModal.tsx
FN:27,SettingsModal
FN:35,(anonymous_1)
FN:37,(anonymous_2)
FN:45,(anonymous_3)
FN:56,(anonymous_4)
FN:59,(anonymous_5)
FN:63,(anonymous_6)
FN:68,(anonymous_7)
FN:86,(anonymous_8)
FN:108,(anonymous_9)
FN:130,(anonymous_10)
FN:132,(anonymous_11)
FN:175,(anonymous_12)
FNF:13
FNH:0
FNDA:0,SettingsModal
FNDA:0,(anonymous_1)
FNDA:0,(anonymous_2)
FNDA:0,(anonymous_3)
FNDA:0,(anonymous_4)
FNDA:0,(anonymous_5)
FNDA:0,(anonymous_6)
FNDA:0,(anonymous_7)
FNDA:0,(anonymous_8)
FNDA:0,(anonymous_9)
FNDA:0,(anonymous_10)
FNDA:0,(anonymous_11)
FNDA:0,(anonymous_12)
DA:28,0
DA:29,0
DA:30,0
DA:31,0
DA:32,0
DA:35,0
DA:36,0
DA:37,0
DA:38,0
DA:39,0
DA:45,0
DA:46,0
DA:47,0
DA:48,0
DA:49,0
DA:51,0
DA:52,0
DA:56,0
DA:57,0
DA:58,0
DA:59,0
DA:63,0
DA:64,0
DA:65,0
DA:66,0
DA:67,0
DA:68,0
DA:72,0
DA:87,0
DA:109,0
DA:130,0
DA:133,0
DA:134,0
DA:175,0
LF:34
LH:0
BRDA:36,0,0,0
BRDA:36,0,1,0
BRDA:36,1,0,0
BRDA:36,1,1,0
BRDA:38,2,0,0
BRDA:38,2,1,0
BRDA:49,3,0,0
BRDA:49,3,1,0
BRDA:57,4,0,0
BRDA:57,4,1,0
BRDA:64,5,0,0
BRDA:64,5,1,0
BRDA:107,6,0,0
BRDA:107,6,1,0
BRDA:156,7,0,0
BRDA:156,7,1,0
BRDA:157,8,0,0
BRDA:157,8,1,0
BRDA:161,9,0,0
BRDA:161,9,1,0
BRDA:163,10,0,0
BRDA:163,10,1,0
BRDA:165,11,0,0
BRDA:165,11,1,0
BRF:24
BRH:0
end_of_record
TN:
SF:src\components\Modals\SnapshotRecoveryModal.tsx
FN:26,SnapshotRecoveryModal
FN:39,(anonymous_1)
FN:53,(anonymous_2)
FN:69,(anonymous_3)
FN:75,(anonymous_4)
FN:80,(anonymous_5)
FN:135,(anonymous_6)
FN:140,(anonymous_7)
FN:169,(anonymous_8)
FN:185,(anonymous_9)
FN:198,(anonymous_10)
FN:199,(anonymous_11)
FN:250,(anonymous_12)
FN:259,(anonymous_13)
FNF:14
FNH:0
FNDA:0,SnapshotRecoveryModal
FNDA:0,(anonymous_1)
FNDA:0,(anonymous_2)
FNDA:0,(anonymous_3)
FNDA:0,(anonymous_4)
FNDA:0,(anonymous_5)
FNDA:0,(anonymous_6)
FNDA:0,(anonymous_7)
FNDA:0,(anonymous_8)
FNDA:0,(anonymous_9)
FNDA:0,(anonymous_10)
FNDA:0,(anonymous_11)
FNDA:0,(anonymous_12)
FNDA:0,(anonymous_13)
DA:28,0
DA:30,0
DA:31,0
DA:33,0
DA:34,0
DA:35,0
DA:36,0
DA:37,0
DA:39,0
DA:40,0
DA:42,0
DA:43,0
DA:44,0
DA:46,0
DA:50,0
DA:53,0
DA:55,0
DA:57,0
DA:61,0
DA:62,0
DA:64,0
DA:69,0
DA:70,0
DA:71,0
DA:75,0
DA:76,0
DA:77,0
DA:80,0
DA:81,0
DA:83,0
DA:84,0
DA:85,0
DA:87,0
DA:93,0
DA:96,0
DA:97,0
DA:98,0
DA:99,0
DA:102,0
DA:109,0
DA:110,0
DA:112,0
DA:115,0
DA:116,0
DA:118,0
DA:119,0
DA:121,0
DA:135,0
DA:136,0
DA:137,0
DA:140,0
DA:141,0
DA:142,0
DA:143,0
DA:144,0
DA:145,0
DA:146,0
DA:149,0
DA:150,0
DA:151,0
DA:152,0
DA:153,0
DA:154,0
DA:155,0
DA:156,0
DA:160,0
DA:169,0
DA:170,0
DA:171,0
DA:172,0
DA:174,0
DA:177,0
DA:179,0
DA:186,0
DA:187,0
DA:188,0
DA:198,0
DA:200,0
DA:201,0
DA:202,0
DA:251,0
DA:259,0
LF:82
LH:0
BRDA:40,0,0,0
BRDA:40,0,1,0
BRDA:70,1,0,0
BRDA:70,1,1,0
BRDA:70,2,0,0
BRDA:70,2,1,0
BRDA:81,3,0,0
BRDA:81,3,1,0
BRDA:81,4,0,0
BRDA:81,4,1,0
BRDA:96,5,0,0
BRDA:96,5,1,0
BRDA:97,6,0,0
BRDA:97,6,1,0
BRDA:98,7,0,0
BRDA:98,7,1,0
BRDA:149,8,0,0
BRDA:149,8,1,0
BRDA:151,9,0,0
BRDA:151,9,1,0
BRDA:152,10,0,0
BRDA:152,10,1,0
BRDA:153,11,0,0
BRDA:153,11,1,0
BRDA:154,12,0,0
BRDA:154,12,1,0
BRDA:155,13,0,0
BRDA:155,13,1,0
BRDA:156,14,0,0
BRDA:156,14,1,0
BRDA:163,15,0,0
BRDA:163,15,1,0
BRDA:171,16,0,0
BRDA:171,16,1,0
BRDA:172,17,0,0
BRDA:172,17,1,0
BRDA:174,18,0,0
BRDA:174,18,1,0
BRDA:177,19,0,0
BRDA:177,19,1,0
BRDA:186,20,0,0
BRDA:186,20,1,0
BRDA:186,21,0,0
BRDA:186,21,1,0
BRDA:186,21,2,0
BRDA:200,22,0,0
BRDA:200,22,1,0
BRDA:200,23,0,0
BRDA:200,23,1,0
BRDA:200,23,2,0
BRDA:218,24,0,0
BRDA:218,24,1,0
BRDA:218,24,2,0
BRDA:225,25,0,0
BRDA:225,25,1,0
BRDA:234,26,0,0
BRDA:234,26,1,0
BRDA:234,26,2,0
BRDA:243,27,0,0
BRDA:243,27,1,0
BRDA:243,27,2,0
BRDA:243,27,3,0
BRDA:246,28,0,0
BRDA:246,28,1,0
BRDA:269,29,0,0
BRDA:269,29,1,0
BRDA:269,29,2,0
BRDA:294,30,0,0
BRDA:294,30,1,0
BRF:69
BRH:0
end_of_record
TN:
SF:src\components\Modals\SyncDetailsModal.tsx
FN:40,SyncDetailsModal
FN:53,(anonymous_1)
FN:71,(anonymous_2)
FN:77,(anonymous_3)
FN:92,(anonymous_4)
FN:106,(anonymous_5)
FN:128,(anonymous_6)
FN:136,(anonymous_7)
FN:149,(anonymous_8)
FN:280,formatTimeSince
FNF:10
FNH:0
FNDA:0,SyncDetailsModal
FNDA:0,(anonymous_1)
FNDA:0,(anonymous_2)
FNDA:0,(anonymous_3)
FNDA:0,(anonymous_4)
FNDA:0,(anonymous_5)
FNDA:0,(anonymous_6)
FNDA:0,(anonymous_7)
FNDA:0,(anonymous_8)
FNDA:0,formatTimeSince
DA:26,0
DA:41,0
DA:43,0
DA:44,0
DA:45,0
DA:46,0
DA:53,0
DA:54,0
DA:55,0
DA:56,0
DA:57,0
DA:59,0
DA:66,0
DA:71,0
DA:72,0
DA:73,0
DA:77,0
DA:78,0
DA:79,0
DA:80,0
DA:81,0
DA:82,0
DA:85,0
DA:86,0
DA:88,0
DA:92,0
DA:93,0
DA:94,0
DA:95,0
DA:96,0
DA:97,0
DA:99,0
DA:100,0
DA:102,0
DA:106,0
DA:107,0
DA:112,0
DA:115,0
DA:116,0
DA:117,0
DA:118,0
DA:119,0
DA:121,0
DA:122,0
DA:124,0
DA:128,0
DA:129,0
DA:130,0
DA:131,0
DA:132,0
DA:133,0
DA:136,0
DA:137,0
DA:139,0
DA:141,0
DA:143,0
DA:145,0
DA:149,0
DA:150,0
DA:152,0
DA:154,0
DA:156,0
DA:158,0
DA:160,0
DA:162,0
DA:166,0
DA:281,0
DA:283,0
DA:284,0
DA:287,0
DA:288,0
DA:289,0
DA:292,0
DA:293,0
DA:294,0
DA:297,0
DA:298,0
LF:77
LH:0
BRDA:63,0,0,0
BRDA:63,0,1,0
BRDA:72,1,0,0
BRDA:72,1,1,0
BRDA:72,2,0,0
BRDA:72,2,1,0
BRDA:81,3,0,0
BRDA:81,3,1,0
BRDA:107,4,0,0
BRDA:107,4,1,0
BRDA:129,5,0,0
BRDA:129,5,1,0
BRDA:137,6,0,0
BRDA:137,6,1,0
BRDA:137,6,2,0
BRDA:137,6,3,0
BRDA:150,7,0,0
BRDA:150,7,1,0
BRDA:150,7,2,0
BRDA:150,7,3,0
BRDA:150,7,4,0
BRDA:150,7,5,0
BRDA:183,8,0,0
BRDA:183,8,1,0
BRDA:197,9,0,0
BRDA:197,9,1,0
BRDA:206,10,0,0
BRDA:206,10,1,0
BRDA:206,10,2,0
BRDA:223,11,0,0
BRDA:223,11,1,0
BRDA:242,12,0,0
BRDA:242,12,1,0
BRDA:283,13,0,0
BRDA:283,13,1,0
BRDA:288,14,0,0
BRDA:288,14,1,0
BRDA:289,15,0,0
BRDA:289,15,1,0
BRDA:293,16,0,0
BRDA:293,16,1,0
BRDA:294,17,0,0
BRDA:294,17,1,0
BRDA:298,18,0,0
BRDA:298,18,1,0
BRF:45
BRH:0
end_of_record
TN:
SF:src\components\Modals\TabConflictModal.tsx
FN:17,TabConflictModal
FN:31,(anonymous_1)
FN:42,(anonymous_2)
FN:43,(anonymous_3)
FNF:4
FNH:0
FNDA:0,TabConflictModal
FNDA:0,(anonymous_1)
FNDA:0,(anonymous_2)
FNDA:0,(anonymous_3)
DA:23,0
DA:25,0
DA:32,0
DA:33,0
DA:42,0
DA:45,0
LF:6
LH:0
BRDA:23,0,0,0
BRDA:23,0,1,0
BRDA:32,1,0,0
BRDA:32,1,1,0
BRDA:32,2,0,0
BRDA:32,2,1,0
BRDA:59,3,0,0
BRDA:59,3,1,0
BRF:8
BRH:0
end_of_record
TN:
SF:src\components\Shared\Assets\AssetThumbnail.tsx
FN:66,formatFileSize
FN:76,AssetThumbnail
FN:98,(anonymous_2)
FN:106,(anonymous_3)
FN:114,(anonymous_4)
FN:125,(anonymous_5)
FN:130,(anonymous_6)
FN:137,(anonymous_7)
FN:146,(anonymous_8)
FN:149,(anonymous_9)
FN:159,(anonymous_10)
FN:167,(anonymous_11)
FN:176,(anonymous_12)
FN:185,(anonymous_13)
FN:225,(anonymous_14)
FN:226,(anonymous_15)
FN:227,(anonymous_16)
FNF:17
FNH:0
FNDA:0,formatFileSize
FNDA:0,AssetThumbnail
FNDA:0,(anonymous_2)
FNDA:0,(anonymous_3)
FNDA:0,(anonymous_4)
FNDA:0,(anonymous_5)
FNDA:0,(anonymous_6)
FNDA:0,(anonymous_7)
FNDA:0,(anonymous_8)
FNDA:0,(anonymous_9)
FNDA:0,(anonymous_10)
FNDA:0,(anonymous_11)
FNDA:0,(anonymous_12)
FNDA:0,(anonymous_13)
FNDA:0,(anonymous_14)
FNDA:0,(anonymous_15)
FNDA:0,(anonymous_16)
DA:22,0
DA:67,0
DA:68,0
DA:69,0
DA:90,0
DA:91,0
DA:94,0
DA:97,0
DA:99,0
DA:100,0
DA:106,0
DA:107,0
DA:108,0
DA:113,0
DA:115,0
DA:116,0
DA:117,0
DA:118,0
DA:125,0
DA:126,0
DA:130,0
DA:131,0
DA:133,0
DA:134,0
DA:137,0
DA:141,0
DA:142,0
DA:146,0
DA:149,0
DA:155,0
DA:156,0
DA:159,0
DA:163,0
DA:164,0
DA:167,0
DA:171,0
DA:172,0
DA:176,0
DA:180,0
DA:181,0
DA:185,0
DA:189,0
DA:203,0
DA:213,0
DA:215,0
DA:216,0
DA:218,0
DA:225,0
DA:226,0
DA:228,0
DA:229,0
DA:230,0
LF:52
LH:0
BRDA:67,0,0,0
BRDA:67,0,1,0
BRDA:68,1,0,0
BRDA:68,1,1,0
BRDA:78,2,0,0
BRDA:86,3,0,0
BRDA:87,4,0,0
BRDA:88,5,0,0
BRDA:107,6,0,0
BRDA:107,6,1,0
BRDA:107,7,0,0
BRDA:107,7,1,0
BRDA:117,8,0,0
BRDA:117,8,1,0
BRDA:133,9,0,0
BRDA:133,9,1,0
BRDA:141,10,0,0
BRDA:141,10,1,0
BRDA:155,11,0,0
BRDA:155,11,1,0
BRDA:163,12,0,0
BRDA:163,12,1,0
BRDA:171,13,0,0
BRDA:171,13,1,0
BRDA:171,14,0,0
BRDA:171,14,1,0
BRDA:180,15,0,0
BRDA:180,15,1,0
BRDA:205,16,0,0
BRDA:205,16,1,0
BRDA:206,17,0,0
BRDA:206,17,1,0
BRDA:207,18,0,0
BRDA:207,18,1,0
BRDA:215,19,0,0
BRDA:215,19,1,0
BRDA:216,20,0,0
BRDA:216,20,1,0
BRDA:228,21,0,0
BRDA:228,21,1,0
BRDA:228,22,0,0
BRDA:228,22,1,0
BRDA:228,22,2,0
BRDA:235,23,0,0
BRDA:235,23,1,0
BRDA:239,24,0,0
BRDA:239,24,1,0
BRDA:254,25,0,0
BRDA:254,25,1,0
BRDA:280,26,0,0
BRDA:280,26,1,0
BRDA:281,27,0,0
BRDA:281,27,1,0
BRDA:283,28,0,0
BRDA:283,28,1,0
BRF:55
BRH:0
end_of_record
TN:
SF:src\components\Shared\Assets\SaveAsNewProjectButton.tsx
FN:24,SaveAsNewProjectButton
FN:33,(anonymous_1)
FN:40,(anonymous_2)
FN:46,(anonymous_3)
FN:51,(anonymous_4)
FN:87,(anonymous_5)
FN:99,(anonymous_6)
FN:101,(anonymous_7)
FN:117,(anonymous_8)
FNF:9
FNH:0
FNDA:0,SaveAsNewProjectButton
FNDA:0,(anonymous_1)
FNDA:0,(anonymous_2)
FNDA:0,(anonymous_3)
FNDA:0,(anonymous_4)
FNDA:0,(anonymous_5)
FNDA:0,(anonymous_6)
FNDA:0,(anonymous_7)
FNDA:0,(anonymous_8)
DA:25,0
DA:26,0
DA:27,0
DA:28,0
DA:29,0
DA:30,0
DA:33,0
DA:34,0
DA:35,0
DA:36,0
DA:40,0
DA:41,0
DA:43,0
DA:46,0
DA:47,0
DA:48,0
DA:51,0
DA:52,0
DA:55,0
DA:56,0
DA:57,0
DA:60,0
DA:61,0
DA:62,0
DA:67,0
DA:69,0
DA:72,0
DA:73,0
DA:76,0
DA:77,0
DA:80,0
DA:82,0
DA:86,0
DA:88,0
DA:89,0
DA:90,0
DA:91,0
DA:92,0
DA:93,0
DA:99,0
DA:101,0
DA:102,0
DA:103,0
DA:109,0
DA:110,0
DA:117,0
DA:139,0
LF:47
LH:0
BRDA:34,0,0,0
BRDA:34,0,1,0
BRDA:34,1,0,0
BRDA:34,1,1,0
BRDA:43,2,0,0
BRDA:43,2,1,0
BRDA:55,3,0,0
BRDA:55,3,1,0
BRDA:76,4,0,0
BRDA:76,4,1,0
BRDA:88,5,0,0
BRDA:88,5,1,0
BRDA:91,6,0,0
BRDA:91,6,1,0
BRDA:102,7,0,0
BRDA:102,7,1,0
BRDA:109,8,0,0
BRDA:109,8,1,0
BRDA:148,9,0,0
BRDA:148,9,1,0
BRDA:149,10,0,0
BRDA:149,10,1,0
BRF:22
BRH:0
end_of_record
TN:
SF:src\components\Shared\Controls\CanvasSlider.tsx
FN:53,drawSliderToggle
FN:87,CanvasSlider2
FN:106,(anonymous_2)
FN:114,(anonymous_3)
FN:124,(anonymous_4)
FN:129,(anonymous_5)
FN:143,(anonymous_6)
FN:154,(anonymous_7)
FN:157,(anonymous_8)
FN:162,(anonymous_9)
FN:169,(anonymous_10)
FN:177,(anonymous_11)
FNF:12
FNH:0
FNDA:0,drawSliderToggle
FNDA:0,CanvasSlider2
FNDA:0,(anonymous_2)
FNDA:0,(anonymous_3)
FNDA:0,(anonymous_4)
FNDA:0,(anonymous_5)
FNDA:0,(anonymous_6)
FNDA:0,(anonymous_7)
FNDA:0,(anonymous_8)
FNDA:0,(anonymous_9)
FNDA:0,(anonymous_10)
FNDA:0,(anonymous_11)
DA:54,0
DA:55,0
DA:56,0
DA:57,0
DA:60,0
DA:65,0
DA:66,0
DA:69,0
DA:70,0
DA:71,0
DA:72,0
DA:73,0
DA:76,0
DA:77,0
DA:78,0
DA:79,0
DA:80,0
DA:87,0
DA:99,0
DA:100,0
DA:103,0
DA:106,0
DA:107,0
DA:108,0
DA:110,0
DA:111,0
DA:114,0
DA:116,0
DA:117,0
DA:120,0
DA:121,0
DA:124,0
DA:128,0
DA:130,0
DA:131,0
DA:133,0
DA:134,0
DA:135,0
DA:136,0
DA:142,0
DA:144,0
DA:145,0
DA:146,0
DA:147,0
DA:148,0
DA:154,0
DA:155,0
DA:157,0
DA:158,0
DA:159,0
DA:162,0
DA:163,0
DA:166,0
DA:167,0
DA:169,0
DA:170,0
DA:171,0
DA:176,0
DA:178,0
DA:180,0
DA:181,0
DA:183,0
DA:186,0
DA:187,0
DA:190,0
DA:191,0
DA:193,0
DA:194,0
DA:196,0
DA:197,0
DA:199,0
DA:202,0
DA:203,0
DA:208,0
DA:212,0
LF:75
LH:0
BRDA:90,0,0,0
BRDA:91,1,0,0
BRDA:92,2,0,0
BRDA:93,3,0,0
BRDA:97,4,0,0
BRDA:108,5,0,0
BRDA:108,5,1,0
BRDA:111,6,0,0
BRDA:111,6,1,0
BRDA:131,7,0,0
BRDA:131,7,1,0
BRDA:144,8,0,0
BRDA:144,8,1,0
BRDA:155,9,0,0
BRDA:155,9,1,0
BRDA:178,10,0,0
BRDA:178,10,1,0
BRDA:183,11,0,0
BRDA:183,11,1,0
BRDA:183,11,2,0
BRDA:183,11,3,0
BRDA:183,11,4,0
BRDA:183,11,5,0
BRDA:183,11,6,0
BRDA:208,12,0,0
BRDA:208,12,1,0
BRDA:221,13,0,0
BRDA:221,13,1,0
BRDA:228,14,0,0
BRDA:228,14,1,0
BRDA:228,15,0,0
BRDA:228,15,1,0
BRF:32
BRH:0
end_of_record
TN:
SF:src\components\Shared\Controls\DrawerTokenTabs.tsx
FN:41,DrawerTokenTabs2
FN:48,(anonymous_1)
FN:50,(anonymous_2)
FN:64,(anonymous_3)
FNF:4
FNH:0
FNDA:0,DrawerTokenTabs2
FNDA:0,(anonymous_1)
FNDA:0,(anonymous_2)
FNDA:0,(anonymous_3)
DA:41,0
DA:46,0
DA:49,0
DA:51,0
DA:64,0
LF:5
LH:0
BRDA:53,0,0,0
BRDA:53,0,1,0
BRDA:53,0,2,0
BRDA:63,1,0,0
BRDA:63,1,1,0
BRDA:49,2,0,0
BRDA:49,2,1,0
BRF:7
BRH:0
end_of_record
TN:
SF:src\components\Shared\Controls\EditableSlider.tsx
FN:46,EditableSlider2
FN:64,(anonymous_1)
FN:70,(anonymous_2)
FN:81,(anonymous_3)
FN:94,(anonymous_4)
FN:101,(anonymous_5)
FN:145,(anonymous_6)
FNF:7
FNH:0
FNDA:0,EditableSlider2
FNDA:0,(anonymous_1)
FNDA:0,(anonymous_2)
FNDA:0,(anonymous_3)
FNDA:0,(anonymous_4)
FNDA:0,(anonymous_5)
FNDA:0,(anonymous_6)
DA:46,0
DA:59,0
DA:60,0
DA:61,0
DA:64,0
DA:65,0
DA:66,0
DA:70,0
DA:71,0
DA:72,0
DA:73,0
DA:74,0
DA:75,0
DA:80,0
DA:82,0
DA:83,0
DA:84,0
DA:85,0
DA:86,0
DA:93,0
DA:95,0
DA:101,0
DA:102,0
DA:103,0
DA:107,0
DA:108,0
DA:110,0
DA:145,0
LF:28
LH:0
BRDA:51,0,0,0
BRDA:52,1,0,0
BRDA:55,2,0,0
BRDA:66,3,0,0
BRDA:66,3,1,0
BRDA:73,4,0,0
BRDA:73,4,1,0
BRDA:82,5,0,0
BRDA:82,5,1,0
BRDA:84,6,0,0
BRDA:84,6,1,0
BRDA:85,7,0,0
BRDA:85,7,1,0
BRDA:102,8,0,0
BRDA:102,8,1,0
BRDA:107,9,0,0
BRDA:107,9,1,0
BRDA:108,10,0,0
BRDA:108,10,1,0
BRDA:111,11,0,0
BRDA:111,11,1,0
BRDA:111,12,0,0
BRDA:111,12,1,0
BRDA:113,13,0,0
BRDA:113,13,1,0
BRDA:116,14,0,0
BRDA:116,14,1,0
BRDA:117,15,0,0
BRDA:117,15,1,0
BRDA:118,16,0,0
BRDA:118,16,1,0
BRDA:119,17,0,0
BRDA:119,17,1,0
BRDA:122,18,0,0
BRDA:122,18,1,0
BRDA:136,19,0,0
BRDA:136,19,1,0
BRDA:144,20,0,0
BRDA:144,20,1,0
BRF:39
BRH:0
end_of_record
TN:
SF:src\components\Shared\Controls\FileDropzone.tsx
FN:49,FileDropzone
FN:71,(anonymous_1)
FN:73,(anonymous_2)
FN:74,(anonymous_3)
FN:87,(anonymous_4)
FN:95,(anonymous_5)
FNF:6
FNH:0
FNDA:0,FileDropzone
FNDA:0,(anonymous_1)
FNDA:0,(anonymous_2)
FNDA:0,(anonymous_3)
FNDA:0,(anonymous_4)
FNDA:0,(anonymous_5)
DA:63,0
DA:66,0
DA:72,0
DA:73,0
DA:74,0
DA:75,0
DA:76,0
DA:83,0
DA:84,0
DA:87,0
DA:88,0
DA:89,0
DA:94,0
DA:96,0
DA:97,0
DA:98,0
DA:105,0
DA:117,0
LF:18
LH:0
BRDA:53,0,0,0
BRDA:56,1,0,0
BRDA:59,2,0,0
BRDA:60,3,0,0
BRDA:73,4,0,0
BRDA:73,4,1,0
BRDA:75,5,0,0
BRDA:75,5,1,0
BRDA:88,6,0,0
BRDA:88,6,1,0
BRDA:88,7,0,0
BRDA:88,7,1,0
BRDA:96,8,0,0
BRDA:96,8,1,0
BRDA:96,9,0,0
BRDA:96,9,1,0
BRDA:96,9,2,0
BRDA:96,9,3,0
BRDA:107,10,0,0
BRDA:107,10,1,0
BRDA:108,11,0,0
BRDA:108,11,1,0
BRDA:109,12,0,0
BRDA:109,12,1,0
BRDA:110,13,0,0
BRDA:110,13,1,0
BRDA:111,14,0,0
BRDA:111,14,1,0
BRDA:124,15,0,0
BRDA:124,15,1,0
BRDA:126,16,0,0
BRDA:126,16,1,0
BRDA:131,17,0,0
BRDA:131,17,1,0
BRDA:153,18,0,0
BRDA:153,18,1,0
BRDA:156,19,0,0
BRDA:156,19,1,0
BRDA:156,20,0,0
BRDA:156,20,1,0
BRDA:163,21,0,0
BRDA:163,21,1,0
BRF:42
BRH:0
end_of_record
TN:
SF:src\components\Shared\Controls\IconUploader.tsx
FN:32,(anonymous_0)
FN:34,IconUploader
FN:51,(anonymous_2)
FN:54,(anonymous_3)
FN:71,(anonymous_4)
FN:86,(anonymous_5)
FN:91,(anonymous_6)
FN:106,(anonymous_7)
FN:123,(anonymous_8)
FN:133,(anonymous_9)
FN:139,(anonymous_10)
FN:149,(anonymous_11)
FN:156,(anonymous_12)
FN:164,(anonymous_13)
FN:195,(anonymous_14)
FN:257,(anonymous_15)
FNF:16
FNH:0
FNDA:0,(anonymous_0)
FNDA:0,IconUploader
FNDA:0,(anonymous_2)
FNDA:0,(anonymous_3)
FNDA:0,(anonymous_4)
FNDA:0,(anonymous_5)
FNDA:0,(anonymous_6)
FNDA:0,(anonymous_7)
FNDA:0,(anonymous_8)
FNDA:0,(anonymous_9)
FNDA:0,(anonymous_10)
FNDA:0,(anonymous_11)
FNDA:0,(anonymous_12)
FNDA:0,(anonymous_13)
FNDA:0,(anonymous_14)
FNDA:0,(anonymous_15)
DA:30,0
DA:31,0
DA:32,0
DA:44,0
DA:45,0
DA:46,0
DA:47,0
DA:50,0
DA:53,0
DA:54,0
DA:55,0
DA:59,0
DA:60,0
DA:61,0
DA:64,0
DA:70,0
DA:72,0
DA:73,0
DA:75,0
DA:77,0
DA:78,0
DA:79,0
DA:80,0
DA:81,0
DA:85,0
DA:86,0
DA:87,0
DA:88,0
DA:89,0
DA:91,0
DA:92,0
DA:93,0
DA:95,0
DA:97,0
DA:98,0
DA:105,0
DA:107,0
DA:108,0
DA:109,0
DA:111,0
DA:113,0
DA:114,0
DA:115,0
DA:122,0
DA:124,0
DA:125,0
DA:126,0
DA:133,0
DA:134,0
DA:135,0
DA:138,0
DA:140,0
DA:141,0
DA:142,0
DA:143,0
DA:149,0
DA:150,0
DA:151,0
DA:152,0
DA:156,0
DA:157,0
DA:158,0
DA:163,0
DA:165,0
DA:166,0
DA:167,0
DA:168,0
DA:169,0
DA:175,0
DA:177,0
DA:196,0
DA:197,0
DA:198,0
DA:257,0
LF:74
LH:0
BRDA:37,0,0,0
BRDA:39,1,0,0
BRDA:40,2,0,0
BRDA:41,3,0,0
BRDA:42,4,0,0
BRDA:53,5,0,0
BRDA:53,5,1,0
BRDA:60,6,0,0
BRDA:60,6,1,0
BRDA:78,7,0,0
BRDA:78,7,1,0
BRDA:111,8,0,0
BRDA:111,8,1,0
BRDA:114,9,0,0
BRDA:114,9,1,0
BRDA:125,10,0,0
BRDA:125,10,1,0
BRDA:125,11,0,0
BRDA:125,11,1,0
BRDA:142,12,0,0
BRDA:142,12,1,0
BRDA:157,13,0,0
BRDA:157,13,1,0
BRDA:168,14,0,0
BRDA:168,14,1,0
BRDA:179,15,0,0
BRDA:179,15,1,0
BRDA:187,16,0,0
BRDA:187,16,1,0
BRDA:188,17,0,0
BRDA:188,17,1,0
BRDA:189,18,0,0
BRDA:189,18,1,0
BRDA:189,19,0,0
BRDA:189,19,1,0
BRDA:196,20,0,0
BRDA:196,20,1,0
BRDA:196,21,0,0
BRDA:196,21,1,0
BRDA:196,21,2,0
BRDA:201,22,0,0
BRDA:201,22,1,0
BRDA:203,23,0,0
BRDA:203,23,1,0
BRDA:216,24,0,0
BRDA:216,24,1,0
BRDA:221,25,0,0
BRDA:221,25,1,0
BRDA:225,26,0,0
BRDA:225,26,1,0
BRDA:228,27,0,0
BRDA:228,27,1,0
BRDA:228,27,2,0
BRDA:264,28,0,0
BRDA:264,28,1,0
BRF:55
BRH:0
end_of_record
TN:
SF:src\components\Shared\Controls\ImageSelector.tsx
FN:19,(anonymous_0)
FN:44,(anonymous_1)
FN:53,(anonymous_2)
FN:64,(anonymous_3)
FNF:4
FNH:0
FNDA:0,(anonymous_0)
FNDA:0,(anonymous_1)
FNDA:0,(anonymous_2)
FNDA:0,(anonymous_3)
DA:18,0
DA:29,0
DA:31,0
DA:44,0
DA:54,0
DA:64,0
DA:99,0
LF:7
LH:0
BRDA:23,0,0,0
BRDA:24,1,0,0
BRDA:25,2,0,0
BRDA:26,3,0,0
BRDA:27,4,0,0
BRDA:29,5,0,0
BRDA:29,5,1,0
BRDA:34,6,0,0
BRDA:34,6,1,0
BRDA:36,7,0,0
BRDA:36,7,1,0
BRDA:56,8,0,0
BRDA:56,8,1,0
BRDA:69,9,0,0
BRDA:69,9,1,0
BRDA:74,10,0,0
BRDA:74,10,1,0
BRDA:76,11,0,0
BRDA:76,11,1,0
BRDA:83,12,0,0
BRDA:83,12,1,0
BRF:21
BRH:0
end_of_record
TN:
SF:src\components\Shared\Controls\MeasurementSlider.tsx
FN:60,MeasurementSlider
FN:71,(anonymous_1)
FN:76,(anonymous_2)
FN:84,(anonymous_3)
FNF:4
FNH:0
FNDA:0,MeasurementSlider
FNDA:0,(anonymous_1)
FNDA:0,(anonymous_2)
FNDA:0,(anonymous_3)
DA:70,0
DA:71,0
DA:76,0
DA:77,0
DA:78,0
DA:79,0
DA:83,0
DA:85,0
DA:86,0
DA:92,0
DA:94,0
LF:11
LH:0
BRDA:104,0,0,0
BRDA:104,0,1,0
BRF:2
BRH:0
end_of_record
TN:
SF:src\components\Shared\Controls\SettingsLinkToggle.tsx
FN:37,(anonymous_0)
FN:55,(anonymous_1)
FN:71,SettingsLinkToggle2
FN:79,(anonymous_3)
FN:86,(anonymous_4)
FNF:5
FNH:0
FNDA:0,(anonymous_0)
FNDA:0,(anonymous_1)
FNDA:0,SettingsLinkToggle2
FNDA:0,(anonymous_3)
FNDA:0,(anonymous_4)
DA:37,0
DA:38,0
DA:55,0
DA:56,0
DA:71,0
DA:79,0
DA:80,0
DA:81,0
DA:85,0
DA:87,0
DA:88,0
DA:89,0
DA:96,0
DA:98,0
LF:14
LH:0
BRDA:74,0,0,0
BRDA:76,1,0,0
BRDA:77,2,0,0
BRDA:80,3,0,0
BRDA:80,3,1,0
BRDA:87,4,0,0
BRDA:87,4,1,0
BRDA:87,5,0,0
BRDA:87,5,1,0
BRDA:87,5,2,0
BRDA:96,6,0,0
BRDA:96,6,1,0
BRDA:96,7,0,0
BRDA:96,7,1,0
BRDA:101,8,0,0
BRDA:101,8,1,0
BRDA:101,9,0,0
BRDA:101,9,1,0
BRDA:109,10,0,0
BRDA:109,10,1,0
BRF:20
BRH:0
end_of_record
TN:
SF:src\components\Shared\Downloads\DownloadsDrawer.tsx
FN:24,createBundledZip
FN:43,executeDownloadsFallback
FN:52,DownloadItemCard2
FN:90,DownloadsDrawer2
FN:102,(anonymous_4)
FN:107,(anonymous_5)
FN:112,(anonymous_6)
FN:128,(anonymous_7)
FN:136,(anonymous_8)
FN:142,(anonymous_9)
FN:144,(anonymous_10)
FN:150,(anonymous_11)
FN:150,(anonymous_12)
FN:153,(anonymous_13)
FN:156,(anonymous_14)
FN:163,(anonymous_15)
FN:167,(anonymous_16)
FN:229,(anonymous_17)
FN:234,(anonymous_18)
FNF:19
FNH:0
FNDA:0,createBundledZip
FNDA:0,executeDownloadsFallback
FNDA:0,DownloadItemCard2
FNDA:0,DownloadsDrawer2
FNDA:0,(anonymous_4)
FNDA:0,(anonymous_5)
FNDA:0,(anonymous_6)
FNDA:0,(anonymous_7)
FNDA:0,(anonymous_8)
FNDA:0,(anonymous_9)
FNDA:0,(anonymous_10)
FNDA:0,(anonymous_11)
FNDA:0,(anonymous_12)
FNDA:0,(anonymous_13)
FNDA:0,(anonymous_14)
FNDA:0,(anonymous_15)
FNDA:0,(anonymous_16)
FNDA:0,(anonymous_17)
FNDA:0,(anonymous_18)
DA:25,0
DA:27,0
DA:28,0
DA:29,0
DA:30,0
DA:31,0
DA:32,0
DA:37,0
DA:44,0
DA:45,0
DA:52,0
DA:61,0
DA:90,0
DA:91,0
DA:94,0
DA:95,0
DA:96,0
DA:99,0
DA:102,0
DA:103,0
DA:104,0
DA:107,0
DA:108,0
DA:110,0
DA:111,0
DA:112,0
DA:114,0
DA:116,0
DA:117,0
DA:118,0
DA:120,0
DA:123,0
DA:128,0
DA:129,0
DA:130,0
DA:131,0
DA:136,0
DA:137,0
DA:138,0
DA:142,0
DA:143,0
DA:144,0
DA:145,0
DA:150,0
DA:153,0
DA:154,0
DA:156,0
DA:157,0
DA:158,0
DA:162,0
DA:163,0
DA:166,0
DA:168,0
DA:174,0
DA:177,0
DA:230,0
DA:234,0
DA:267,0
LF:58
LH:0
BRDA:29,0,0,0
BRDA:29,0,1,0
BRDA:30,1,0,0
BRDA:30,1,1,0
BRDA:64,2,0,0
BRDA:64,2,1,0
BRDA:64,3,0,0
BRDA:64,3,1,0
BRDA:66,4,0,0
BRDA:66,4,1,0
BRDA:67,5,0,0
BRDA:67,5,1,0
BRDA:73,6,0,0
BRDA:73,6,1,0
BRDA:77,7,0,0
BRDA:77,7,1,0
BRDA:108,8,0,0
BRDA:108,8,1,0
BRDA:108,9,0,0
BRDA:108,9,1,0
BRDA:114,10,0,0
BRDA:114,10,1,0
BRDA:116,11,0,0
BRDA:116,11,1,0
BRDA:129,12,0,0
BRDA:129,12,1,0
BRDA:154,13,0,0
BRDA:154,13,1,0
BRDA:157,14,0,0
BRDA:157,14,1,0
BRDA:174,15,0,0
BRDA:174,15,1,0
BRDA:179,16,0,0
BRDA:179,16,1,0
BRDA:186,17,0,0
BRDA:186,17,1,0
BRDA:191,18,0,0
BRDA:191,18,1,0
BRDA:205,19,0,0
BRDA:205,19,1,0
BRDA:211,20,0,0
BRDA:211,20,1,0
BRDA:239,21,0,0
BRDA:239,21,1,0
BRDA:242,22,0,0
BRDA:242,22,1,0
BRDA:242,23,0,0
BRDA:242,23,1,0
BRDA:244,24,0,0
BRDA:244,24,1,0
BRDA:250,25,0,0
BRDA:250,25,1,0
BRDA:254,26,0,0
BRDA:254,26,1,0
BRF:54
BRH:0
end_of_record
TN:
SF:src\components\Shared\Drawer\AdditionalTokensDrawer.tsx
FN:28,countActiveJinxes
FN:29,(anonymous_1)
FN:48,AdditionalTokensDrawer2
FN:65,(anonymous_3)
FN:74,(anonymous_4)
FN:81,(anonymous_5)
FN:88,(anonymous_6)
FN:95,(anonymous_7)
FN:102,(anonymous_8)
FN:109,(anonymous_9)
FN:116,(anonymous_10)
FN:123,(anonymous_11)
FNF:12
FNH:0
FNDA:0,countActiveJinxes
FNDA:0,(anonymous_1)
FNDA:0,AdditionalTokensDrawer2
FNDA:0,(anonymous_3)
FNDA:0,(anonymous_4)
FNDA:0,(anonymous_5)
FNDA:0,(anonymous_6)
FNDA:0,(anonymous_7)
FNDA:0,(anonymous_8)
FNDA:0,(anonymous_9)
FNDA:0,(anonymous_10)
FNDA:0,(anonymous_11)
DA:29,0
DA:30,0
DA:31,0
DA:33,0
DA:34,0
DA:35,0
DA:36,0
DA:37,0
DA:38,0
DA:39,0
DA:40,0
DA:45,0
DA:48,0
DA:58,0
DA:59,0
DA:60,0
DA:61,0
DA:64,0
DA:65,0
DA:68,0
DA:69,0
DA:70,0
DA:73,0
DA:75,0
DA:80,0
DA:82,0
DA:87,0
DA:89,0
DA:94,0
DA:96,0
DA:101,0
DA:103,0
DA:108,0
DA:110,0
DA:115,0
DA:117,0
DA:122,0
DA:124,0
DA:129,0
LF:39
LH:0
BRDA:34,0,0,0
BRDA:34,0,1,0
BRDA:36,1,0,0
BRDA:36,1,1,0
BRDA:38,2,0,0
BRDA:38,2,1,0
BRDA:59,3,0,0
BRDA:59,3,1,0
BRDA:60,4,0,0
BRDA:60,4,1,0
BRDA:61,5,0,0
BRDA:61,5,1,0
BRDA:64,6,0,0
BRDA:64,6,1,0
BRDA:70,7,0,0
BRDA:70,7,1,0
BRDA:183,8,0,0
BRDA:183,8,1,0
BRDA:185,9,0,0
BRDA:185,9,1,0
BRF:20
BRH:0
end_of_record
TN:
SF:src\components\Shared\Drawer\BackgroundDrawer.tsx
FN:42,BackgroundDrawer2
FN:56,(anonymous_1)
FN:81,(anonymous_2)
FNF:3
FNH:0
FNDA:0,BackgroundDrawer2
FNDA:0,(anonymous_1)
FNDA:0,(anonymous_2)
DA:42,0
DA:55,0
DA:56,0
DA:78,0
DA:81,0
DA:85,0
LF:6
LH:0
BRDA:50,0,0,0
BRDA:51,1,0,0
BRDA:62,2,0,0
BRDA:62,2,1,0
BRF:4
BRH:0
end_of_record
TN:
SF:src\components\Shared\Drawer\DecorativesDrawer.tsx
FN:28,DecorativesDrawer2
FNF:1
FNH:0
FNDA:0,DecorativesDrawer2
DA:28,0
DA:36,0
LF:2
LH:0
BRDA:34,0,0,0
BRF:1
BRH:0
end_of_record
TN:
SF:src\components\Shared\Drawer\FontDrawer.tsx
FN:46,FontDrawer2
FN:61,(anonymous_1)
FN:102,(anonymous_2)
FNF:3
FNH:0
FNDA:0,FontDrawer2
FNDA:0,(anonymous_1)
FNDA:0,(anonymous_2)
DA:46,0
DA:61,0
DA:62,0
DA:99,0
DA:102,0
DA:106,0
LF:6
LH:0
BRDA:54,0,0,0
BRDA:55,1,0,0
BRDA:57,2,0,0
BRDA:69,3,0,0
BRDA:69,3,1,0
BRDA:83,4,0,0
BRDA:83,4,1,0
BRF:7
BRH:0
end_of_record
TN:
SF:src\components\Shared\Drawer\IconDrawer.tsx
FN:41,IconDrawer2
FN:55,(anonymous_1)
FN:80,(anonymous_2)
FNF:3
FNH:0
FNDA:0,IconDrawer2
FNDA:0,(anonymous_1)
FNDA:0,(anonymous_2)
DA:41,0
DA:54,0
DA:55,0
DA:77,0
DA:80,0
DA:84,0
LF:6
LH:0
BRDA:49,0,0,0
BRDA:50,1,0,0
BRDA:61,2,0,0
BRDA:61,2,1,0
BRF:4
BRH:0
end_of_record
TN:
SF:src\components\Shared\Drawer\OfficialCharacterDrawer.tsx
FN:77,groupByTeam
FN:79,(anonymous_1)
FN:80,(anonymous_2)
FN:100,CharacterRow2
FN:147,TeamSection2
FN:160,(anonymous_5)
FN:176,(anonymous_6)
FN:182,(anonymous_7)
FN:195,OfficialCharacterDrawer2
FN:222,(anonymous_9)
FN:222,(anonymous_10)
FN:222,(anonymous_11)
FN:252,(anonymous_12)
FN:257,loadCharacters
FN:275,(anonymous_14)
FN:281,(anonymous_15)
FN:284,(anonymous_16)
FN:289,(anonymous_17)
FN:294,(anonymous_18)
FN:298,(anonymous_19)
FN:304,(anonymous_20)
FN:305,(anonymous_21)
FN:335,(anonymous_22)
FN:363,(anonymous_23)
FN:364,(anonymous_24)
FN:376,(anonymous_25)
FN:378,(anonymous_26)
FN:381,(anonymous_27)
FN:431,(anonymous_28)
FN:445,(anonymous_29)
FN:455,(anonymous_30)
FN:458,(anonymous_31)
FN:504,(anonymous_32)
FN:513,(anonymous_33)
FNF:34
FNH:0
FNDA:0,groupByTeam
FNDA:0,(anonymous_1)
FNDA:0,(anonymous_2)
FNDA:0,CharacterRow2
FNDA:0,TeamSection2
FNDA:0,(anonymous_5)
FNDA:0,(anonymous_6)
FNDA:0,(anonymous_7)
FNDA:0,OfficialCharacterDrawer2
FNDA:0,(anonymous_9)
FNDA:0,(anonymous_10)
FNDA:0,(anonymous_11)
FNDA:0,(anonymous_12)
FNDA:0,loadCharacters
FNDA:0,(anonymous_14)
FNDA:0,(anonymous_15)
FNDA:0,(anonymous_16)
FNDA:0,(anonymous_17)
FNDA:0,(anonymous_18)
FNDA:0,(anonymous_19)
FNDA:0,(anonymous_20)
FNDA:0,(anonymous_21)
FNDA:0,(anonymous_22)
FNDA:0,(anonymous_23)
FNDA:0,(anonymous_24)
FNDA:0,(anonymous_25)
FNDA:0,(anonymous_26)
FNDA:0,(anonymous_27)
FNDA:0,(anonymous_28)
FNDA:0,(anonymous_29)
FNDA:0,(anonymous_30)
FNDA:0,(anonymous_31)
FNDA:0,(anonymous_32)
FNDA:0,(anonymous_33)
DA:52,0
DA:62,0
DA:78,0
DA:80,0
DA:81,0
DA:100,0
DA:107,0
DA:147,0
DA:157,0
DA:159,0
DA:160,0
DA:162,0
DA:177,0
DA:182,0
DA:195,0
DA:200,0
DA:201,0
DA:202,0
DA:205,0
DA:208,0
DA:216,0
DA:217,0
DA:218,0
DA:221,0
DA:222,0
DA:239,0
DA:245,0
DA:252,0
DA:253,0
DA:255,0
DA:258,0
DA:259,0
DA:260,0
DA:261,0
DA:262,0
DA:263,0
DA:265,0
DA:267,0
DA:268,0
DA:273,0
DA:275,0
DA:276,0
DA:281,0
DA:284,0
DA:285,0
DA:288,0
DA:292,0
DA:294,0
DA:297,0
DA:298,0
DA:301,0
DA:303,0
DA:304,0
DA:305,0
DA:308,0
DA:311,0
DA:314,0
DA:317,0
DA:324,0
DA:327,0
DA:328,0
DA:335,0
DA:336,0
DA:339,0
DA:345,0
DA:346,0
DA:351,0
DA:356,0
DA:357,0
DA:363,0
DA:364,0
DA:365,0
DA:366,0
DA:367,0
DA:369,0
DA:371,0
DA:376,0
DA:378,0
DA:381,0
DA:382,0
DA:383,0
DA:385,0
DA:389,0
DA:391,0
DA:394,0
DA:431,0
DA:445,0
DA:455,0
DA:459,0
DA:505,0
DA:513,0
DA:530,0
LF:92
LH:0
BRDA:110,0,0,0
BRDA:110,0,1,0
BRDA:114,1,0,0
BRDA:114,1,1,0
BRDA:115,2,0,0
BRDA:115,2,1,0
BRDA:121,3,0,0
BRDA:121,3,1,0
BRDA:157,4,0,0
BRDA:157,4,1,0
BRDA:159,5,0,0
BRDA:159,5,1,0
BRDA:165,6,0,0
BRDA:165,6,1,0
BRDA:174,7,0,0
BRDA:174,7,1,0
BRDA:181,8,0,0
BRDA:181,8,1,0
BRDA:247,9,0,0
BRDA:247,9,1,0
BRDA:253,10,0,0
BRDA:253,10,1,0
BRDA:253,11,0,0
BRDA:253,11,1,0
BRDA:261,12,0,0
BRDA:261,12,1,0
BRDA:267,13,0,0
BRDA:267,13,1,0
BRDA:292,14,0,0
BRDA:292,14,1,0
BRDA:298,15,0,0
BRDA:298,15,1,0
BRDA:301,16,0,0
BRDA:301,16,1,0
BRDA:335,17,0,0
BRDA:335,17,1,0
BRDA:366,18,0,0
BRDA:366,18,1,0
BRDA:378,19,0,0
BRDA:378,19,1,0
BRDA:382,20,0,0
BRDA:382,20,1,0
BRDA:389,21,0,0
BRDA:389,21,1,0
BRDA:391,22,0,0
BRDA:391,22,1,0
BRDA:397,23,0,0
BRDA:397,23,1,0
BRDA:404,24,0,0
BRDA:404,24,1,0
BRDA:433,25,0,0
BRDA:433,25,1,0
BRDA:475,26,0,0
BRDA:475,26,1,0
BRDA:477,27,0,0
BRDA:477,27,1,0
BRDA:479,28,0,0
BRDA:479,28,1,0
BRDA:485,29,0,0
BRDA:485,29,1,0
BRDA:486,30,0,0
BRDA:486,30,1,0
BRDA:488,31,0,0
BRDA:488,31,1,0
BRDA:496,32,0,0
BRDA:496,32,1,0
BRDA:498,33,0,0
BRDA:498,33,1,0
BRF:68
BRH:0
end_of_record
TN:
SF:src\components\Shared\Drawer\QRCodeDrawer.tsx
FN:158,filterDefined
FN:172,createSettingsFromOptions
FN:228,settingsToQROptions
FN:289,ColorSection2
FN:317,(anonymous_4)
FN:320,(anonymous_5)
FN:356,(anonymous_6)
FN:363,(anonymous_7)
FN:400,TokenOptionsPanel2
FN:413,(anonymous_9)
FN:425,(anonymous_10)
FN:436,(anonymous_11)
FN:446,QRStylingPanel2
FN:457,(anonymous_13)
FN:459,(anonymous_14)
FN:461,(anonymous_15)
FN:464,(anonymous_16)
FN:465,(anonymous_17)
FN:467,(anonymous_18)
FN:478,(anonymous_19)
FN:480,(anonymous_20)
FN:482,(anonymous_21)
FN:485,(anonymous_22)
FN:486,(anonymous_23)
FN:488,(anonymous_24)
FN:499,(anonymous_25)
FN:501,(anonymous_26)
FN:503,(anonymous_27)
FN:506,(anonymous_28)
FN:507,(anonymous_29)
FN:509,(anonymous_30)
FN:519,BackgroundImagePanel2
FN:532,(anonymous_32)
FN:544,(anonymous_33)
FN:545,(anonymous_34)
FN:554,(anonymous_35)
FN:555,(anonymous_36)
FN:567,(anonymous_37)
FN:574,(anonymous_38)
FN:587,(anonymous_39)
FN:603,(anonymous_40)
FN:621,(anonymous_41)
FN:635,(anonymous_42)
FN:647,(anonymous_43)
FN:659,(anonymous_44)
FN:678,QRCodeDrawer2
FN:686,(anonymous_46)
FN:698,(anonymous_47)
FN:706,(anonymous_48)
FN:707,(anonymous_49)
FN:713,(anonymous_50)
FN:722,(anonymous_51)
FNF:52
FNH:0
FNDA:0,filterDefined
FNDA:0,createSettingsFromOptions
FNDA:0,settingsToQROptions
FNDA:0,ColorSection2
FNDA:0,(anonymous_4)
FNDA:0,(anonymous_5)
FNDA:0,(anonymous_6)
FNDA:0,(anonymous_7)
FNDA:0,TokenOptionsPanel2
FNDA:0,(anonymous_9)
FNDA:0,(anonymous_10)
FNDA:0,(anonymous_11)
FNDA:0,QRStylingPanel2
FNDA:0,(anonymous_13)
FNDA:0,(anonymous_14)
FNDA:0,(anonymous_15)
FNDA:0,(anonymous_16)
FNDA:0,(anonymous_17)
FNDA:0,(anonymous_18)
FNDA:0,(anonymous_19)
FNDA:0,(anonymous_20)
FNDA:0,(anonymous_21)
FNDA:0,(anonymous_22)
FNDA:0,(anonymous_23)
FNDA:0,(anonymous_24)
FNDA:0,(anonymous_25)
FNDA:0,(anonymous_26)
FNDA:0,(anonymous_27)
FNDA:0,(anonymous_28)
FNDA:0,(anonymous_29)
FNDA:0,(anonymous_30)
FNDA:0,BackgroundImagePanel2
FNDA:0,(anonymous_32)
FNDA:0,(anonymous_33)
FNDA:0,(anonymous_34)
FNDA:0,(anonymous_35)
FNDA:0,(anonymous_36)
FNDA:0,(anonymous_37)
FNDA:0,(anonymous_38)
FNDA:0,(anonymous_39)
FNDA:0,(anonymous_40)
FNDA:0,(anonymous_41)
FNDA:0,(anonymous_42)
FNDA:0,(anonymous_43)
FNDA:0,(anonymous_44)
FNDA:0,QRCodeDrawer2
FNDA:0,(anonymous_46)
FNDA:0,(anonymous_47)
FNDA:0,(anonymous_48)
FNDA:0,(anonymous_49)
FNDA:0,(anonymous_50)
FNDA:0,(anonymous_51)
DA:88,0
DA:97,0
DA:103,0
DA:109,0
DA:112,0
DA:114,0
DA:159,0
DA:160,0
DA:161,0
DA:162,0
DA:165,0
DA:177,0
DA:182,0
DA:183,0
DA:187,0
DA:222,0
DA:229,0
DA:289,0
DA:307,0
DA:309,0
DA:317,0
DA:321,0
DA:356,0
DA:363,0
DA:400,0
DA:404,0
DA:413,0
DA:425,0
DA:446,0
DA:450,0
DA:457,0
DA:459,0
DA:461,0
DA:464,0
DA:465,0
DA:467,0
DA:478,0
DA:480,0
DA:482,0
DA:485,0
DA:486,0
DA:488,0
DA:499,0
DA:501,0
DA:503,0
DA:506,0
DA:507,0
DA:509,0
DA:519,0
DA:523,0
DA:532,0
DA:544,0
DA:545,0
DA:554,0
DA:555,0
DA:567,0
DA:575,0
DA:587,0
DA:603,0
DA:622,0
DA:635,0
DA:647,0
DA:659,0
DA:678,0
DA:685,0
DA:687,0
DA:695,0
DA:698,0
DA:699,0
DA:700,0
DA:705,0
DA:707,0
DA:713,0
DA:714,0
DA:718,0
DA:722,0
DA:723,0
DA:728,0
DA:745,0
LF:79
LH:0
BRDA:161,0,0,0
BRDA:161,0,1,0
BRDA:182,1,0,0
BRDA:182,1,1,0
BRDA:304,2,0,0
BRDA:305,3,0,0
BRDA:307,4,0,0
BRDA:307,4,1,0
BRDA:307,4,2,0
BRDA:310,5,0,0
BRDA:310,5,1,0
BRDA:313,6,0,0
BRDA:313,6,1,0
BRDA:331,7,0,0
BRDA:331,7,1,0
BRDA:337,8,0,0
BRDA:337,8,1,0
BRDA:360,9,0,0
BRDA:360,9,1,0
BRDA:370,10,0,0
BRDA:370,10,1,0
BRDA:370,10,2,0
BRDA:370,10,3,0
BRDA:370,10,4,0
BRDA:372,11,0,0
BRDA:372,11,1,0
BRDA:420,12,0,0
BRDA:420,12,1,0
BRDA:531,13,0,0
BRDA:531,13,1,0
BRDA:542,14,0,0
BRDA:542,14,1,0
BRDA:548,15,0,0
BRDA:548,15,1,0
BRDA:571,16,0,0
BRDA:571,16,1,0
BRDA:583,17,0,0
BRDA:583,17,1,0
BRDA:583,17,2,0
BRDA:630,18,0,0
BRDA:630,18,1,0
BRDA:641,19,0,0
BRDA:641,19,1,0
BRDA:699,20,0,0
BRDA:699,20,1,0
BRF:45
BRH:0
end_of_record
TN:
SF:src\components\Shared\Drawer\SettingsDrawer.tsx
FN:58,getDrawerPosition
FN:83,useDrawerAnimation
FN:86,(anonymous_2)
FN:91,(anonymous_3)
FN:92,(anonymous_4)
FN:102,useDrawerPosition
FN:105,(anonymous_6)
FN:108,(anonymous_7)
FN:117,(anonymous_8)
FN:129,useDrawerCloseHandlers
FN:131,(anonymous_10)
FN:134,(anonymous_11)
FN:141,(anonymous_12)
FN:146,(anonymous_13)
FN:160,useDrawerAccessibility
FN:166,(anonymous_15)
FN:170,(anonymous_16)
FN:177,(anonymous_17)
FN:203,SettingsDrawer2
FNF:19
FNH:0
FNDA:0,getDrawerPosition
FNDA:0,useDrawerAnimation
FNDA:0,(anonymous_2)
FNDA:0,(anonymous_3)
FNDA:0,(anonymous_4)
FNDA:0,useDrawerPosition
FNDA:0,(anonymous_6)
FNDA:0,(anonymous_7)
FNDA:0,(anonymous_8)
FNDA:0,useDrawerCloseHandlers
FNDA:0,(anonymous_10)
FNDA:0,(anonymous_11)
FNDA:0,(anonymous_12)
FNDA:0,(anonymous_13)
FNDA:0,useDrawerAccessibility
FNDA:0,(anonymous_15)
FNDA:0,(anonymous_16)
FNDA:0,(anonymous_17)
FNDA:0,SettingsDrawer2
DA:59,0
DA:62,0
DA:63,0
DA:64,0
DA:66,0
DA:67,0
DA:68,0
DA:69,0
DA:70,0
DA:73,0
DA:84,0
DA:86,0
DA:87,0
DA:88,0
DA:91,0
DA:92,0
DA:96,0
DA:103,0
DA:105,0
DA:106,0
DA:108,0
DA:111,0
DA:114,0
DA:115,0
DA:117,0
DA:118,0
DA:119,0
DA:123,0
DA:131,0
DA:132,0
DA:134,0
DA:135,0
DA:136,0
DA:140,0
DA:141,0
DA:145,0
DA:147,0
DA:148,0
DA:154,0
DA:166,0
DA:167,0
DA:168,0
DA:169,0
DA:170,0
DA:171,0
DA:177,0
DA:178,0
DA:180,0
DA:181,0
DA:182,0
DA:183,0
DA:184,0
DA:189,0
DA:192,0
DA:193,0
DA:203,0
DA:215,0
DA:218,0
DA:219,0
DA:220,0
DA:221,0
DA:224,0
DA:227,0
DA:234,0
DA:283,0
LF:65
LH:0
BRDA:66,0,0,0
BRDA:66,0,1,0
BRDA:87,1,0,0
BRDA:87,1,1,0
BRDA:106,2,0,0
BRDA:106,2,1,0
BRDA:132,3,0,0
BRDA:132,3,1,0
BRDA:135,4,0,0
BRDA:135,4,1,0
BRDA:147,5,0,0
BRDA:147,5,1,0
BRDA:167,6,0,0
BRDA:167,6,1,0
BRDA:178,7,0,0
BRDA:178,7,1,0
BRDA:178,8,0,0
BRDA:178,8,1,0
BRDA:180,9,0,0
BRDA:180,9,1,0
BRDA:182,10,0,0
BRDA:182,10,1,0
BRDA:192,11,0,0
BRDA:192,11,1,0
BRDA:224,12,0,0
BRDA:224,12,1,0
BRDA:237,13,0,0
BRDA:237,13,1,0
BRDA:245,14,0,0
BRDA:245,14,1,0
BRDA:249,15,0,0
BRDA:249,15,1,0
BRDA:255,16,0,0
BRDA:255,16,1,0
BRF:34
BRH:0
end_of_record
TN:
SF:src\components\Shared\Feedback\AutoSaveIndicator.tsx
FN:18,AutoSaveIndicator
FN:27,(anonymous_1)
FN:51,(anonymous_2)
FN:96,(anonymous_3)
FN:97,(anonymous_4)
FN:117,(anonymous_5)
FN:129,(anonymous_6)
FN:141,(anonymous_7)
FN:152,formatTimeSince
FNF:9
FNH:0
FNDA:0,AutoSaveIndicator
FNDA:0,(anonymous_1)
FNDA:0,(anonymous_2)
FNDA:0,(anonymous_3)
FNDA:0,(anonymous_4)
FNDA:0,(anonymous_5)
FNDA:0,(anonymous_6)
FNDA:0,(anonymous_7)
FNDA:0,formatTimeSince
DA:19,0
DA:20,0
DA:21,0
DA:24,0
DA:26,0
DA:28,0
DA:29,0
DA:32,0
DA:34,0
DA:36,0
DA:38,0
DA:40,0
DA:41,0
DA:43,0
DA:49,0
DA:51,0
DA:52,0
DA:55,0
DA:56,0
DA:58,0
DA:62,0
DA:65,0
DA:66,0
DA:68,0
DA:72,0
DA:73,0
DA:74,0
DA:78,0
DA:79,0
DA:83,0
DA:84,0
DA:87,0
DA:90,0
DA:96,0
DA:97,0
DA:118,0
DA:129,0
DA:141,0
DA:153,0
DA:155,0
DA:156,0
DA:159,0
DA:160,0
DA:163,0
DA:164,0
DA:165,0
DA:168,0
DA:169,0
DA:170,0
DA:173,0
DA:174,0
LF:51
LH:0
BRDA:28,0,0,0
BRDA:28,0,1,0
BRDA:32,1,0,0
BRDA:32,1,1,0
BRDA:32,1,2,0
BRDA:32,1,3,0
BRDA:40,2,0,0
BRDA:40,2,1,0
BRDA:55,3,0,0
BRDA:55,3,1,0
BRDA:65,4,0,0
BRDA:65,4,1,0
BRDA:72,5,0,0
BRDA:72,5,1,0
BRDA:78,6,0,0
BRDA:78,6,1,0
BRDA:83,7,0,0
BRDA:83,7,1,0
BRDA:105,8,0,0
BRDA:105,8,1,0
BRDA:113,9,0,0
BRDA:113,9,1,0
BRDA:125,10,0,0
BRDA:125,10,1,0
BRDA:138,11,0,0
BRDA:138,11,1,0
BRDA:155,12,0,0
BRDA:155,12,1,0
BRDA:159,13,0,0
BRDA:159,13,1,0
BRDA:164,14,0,0
BRDA:164,14,1,0
BRDA:169,15,0,0
BRDA:169,15,1,0
BRF:34
BRH:0
end_of_record
TN:
SF:src\components\Shared\Feedback\AutoSaveToggle.tsx
FN:23,AutoSaveToggle
FN:24,(anonymous_1)
FN:30,(anonymous_2)
FNF:3
FNH:0
FNDA:0,AutoSaveToggle
FNDA:0,(anonymous_1)
FNDA:0,(anonymous_2)
DA:24,0
DA:25,0
DA:26,0
DA:30,0
DA:31,0
DA:32,0
DA:34,0
DA:37,0
LF:8
LH:0
BRDA:23,0,0,0
BRDA:25,1,0,0
BRDA:25,1,1,0
BRDA:31,2,0,0
BRDA:31,2,1,0
BRDA:34,3,0,0
BRDA:34,3,1,0
BRDA:40,4,0,0
BRDA:40,4,1,0
BRDA:40,5,0,0
BRDA:40,5,1,0
BRDA:48,6,0,0
BRDA:48,6,1,0
BRDA:52,7,0,0
BRDA:52,7,1,0
BRF:15
BRH:0
end_of_record
TN:
SF:src\components\Shared\Feedback\ErrorBoundary.tsx
FN:80,(anonymous_0)
FN:123,(anonymous_1)
FN:88,(anonymous_2)
FN:95,(anonymous_3)
FN:110,(anonymous_4)
FN:127,(anonymous_5)
FNF:6
FNH:0
FNDA:0,(anonymous_0)
FNDA:0,(anonymous_1)
FNDA:0,(anonymous_2)
FNDA:0,(anonymous_3)
FNDA:0,(anonymous_4)
FNDA:0,(anonymous_5)
DA:81,0
DA:82,0
DA:89,0
DA:97,0
DA:104,0
DA:111,0
DA:116,0
DA:123,0
DA:124,0
DA:128,0
DA:129,0
DA:131,0
DA:133,0
DA:134,0
DA:141,0
DA:142,0
DA:146,0
DA:170,0
LF:18
LH:0
BRDA:111,0,0,0
BRDA:111,0,1,0
BRDA:112,1,0,0
BRDA:112,1,1,0
BRDA:112,1,2,0
BRDA:131,2,0,0
BRDA:131,2,1,0
BRDA:131,3,0,0
BRDA:131,3,1,0
BRDA:133,4,0,0
BRDA:133,4,1,0
BRDA:141,5,0,0
BRDA:141,5,1,0
BRF:13
BRH:0
end_of_record
TN:
SF:src\components\Shared\Feedback\GenerationProgressOverlay.tsx
FN:20,getPhaseLabel
FN:38,getPercentage
FN:43,GenerationProgressOverlay
FNF:3
FNH:0
FNDA:0,getPhaseLabel
FNDA:0,getPercentage
FNDA:0,GenerationProgressOverlay
DA:21,0
DA:23,0
DA:25,0
DA:27,0
DA:29,0
DA:31,0
DA:39,0
DA:40,0
DA:44,0
DA:45,0
DA:47,0
LF:11
LH:0
BRDA:21,0,0,0
BRDA:21,0,1,0
BRDA:21,0,2,0
BRDA:21,0,3,0
BRDA:21,0,4,0
BRDA:39,1,0,0
BRDA:39,1,1,0
BRF:7
BRH:0
end_of_record
TN:
SF:src\components\Shared\Feedback\InfoMessage.tsx
FN:20,InfoMessage
FNF:1
FNH:0
FNDA:0,InfoMessage
DA:21,0
LF:1
LH:0
BRF:0
BRH:0
end_of_record
TN:
SF:src\components\Shared\Feedback\StorageWarning.tsx
FN:51,StorageWarning
FN:68,(anonymous_1)
FN:78,(anonymous_2)
FN:89,(anonymous_3)
FN:109,(anonymous_4)
FNF:5
FNH:0
FNDA:0,StorageWarning
FNDA:0,(anonymous_1)
FNDA:0,(anonymous_2)
FNDA:0,(anonymous_3)
FNDA:0,(anonymous_4)
DA:57,0
DA:58,0
DA:61,0
DA:64,0
DA:65,0
DA:68,0
DA:69,0
DA:70,0
DA:72,0
DA:73,0
DA:74,0
DA:77,0
DA:78,0
DA:79,0
DA:83,0
DA:85,0
DA:89,0
DA:90,0
DA:91,0
DA:94,0
DA:96,0
DA:110,0
LF:22
LH:0
BRDA:55,0,0,0
BRDA:64,1,0,0
BRDA:64,1,1,0
BRDA:64,2,0,0
BRDA:64,2,1,0
BRDA:77,3,0,0
BRDA:77,3,1,0
BRDA:77,4,0,0
BRDA:77,4,1,0
BRDA:100,5,0,0
BRDA:100,5,1,0
BRDA:107,6,0,0
BRDA:107,6,1,0
BRDA:116,7,0,0
BRDA:116,7,1,0
BRDA:119,8,0,0
BRDA:119,8,1,0
BRDA:133,9,0,0
BRDA:133,9,1,0
BRDA:136,10,0,0
BRDA:136,10,1,0
BRDA:150,11,0,0
BRDA:150,11,1,0
BRF:23
BRH:0
end_of_record
TN:
SF:src\components\Shared\Feedback\SyncProgressBar.tsx
FN:17,SyncProgressBar
FN:24,(anonymous_1)
FN:25,(anonymous_2)
FN:42,(anonymous_3)
FN:48,(anonymous_4)
FN:59,(anonymous_5)
FN:61,(anonymous_6)
FN:65,(anonymous_7)
FN:69,(anonymous_8)
FN:74,(anonymous_9)
FN:82,(anonymous_10)
FNF:11
FNH:0
FNDA:0,SyncProgressBar
FNDA:0,(anonymous_1)
FNDA:0,(anonymous_2)
FNDA:0,(anonymous_3)
FNDA:0,(anonymous_4)
FNDA:0,(anonymous_5)
FNDA:0,(anonymous_6)
FNDA:0,(anonymous_7)
FNDA:0,(anonymous_8)
FNDA:0,(anonymous_9)
FNDA:0,(anonymous_10)
DA:18,0
DA:19,0
DA:20,0
DA:21,0
DA:24,0
DA:25,0
DA:27,0
DA:28,0
DA:29,0
DA:30,0
DA:31,0
DA:33,0
DA:34,0
DA:35,0
DA:36,0
DA:37,0
DA:38,0
DA:39,0
DA:41,0
DA:42,0
DA:43,0
DA:44,0
DA:46,0
DA:47,0
DA:48,0
DA:49,0
DA:50,0
DA:55,0
DA:59,0
DA:60,0
DA:61,0
DA:62,0
DA:63,0
DA:65,0
DA:69,0
DA:70,0
DA:71,0
DA:74,0
DA:75,0
DA:76,0
DA:77,0
DA:78,0
DA:79,0
DA:82,0
DA:83,0
DA:84,0
DA:87,0
DA:89,0
DA:90,0
DA:92,0
LF:50
LH:0
BRDA:27,0,0,0
BRDA:27,0,1,0
BRDA:30,1,0,0
BRDA:30,1,1,0
BRDA:33,2,0,0
BRDA:33,2,1,0
BRDA:37,3,0,0
BRDA:37,3,1,0
BRDA:37,4,0,0
BRDA:37,4,1,0
BRDA:39,5,0,0
BRDA:39,5,1,0
BRDA:46,6,0,0
BRDA:46,6,1,0
BRDA:60,7,0,0
BRDA:60,7,1,0
BRDA:60,8,0,0
BRDA:60,8,1,0
BRDA:60,8,2,0
BRDA:70,9,0,0
BRDA:70,9,1,0
BRDA:70,10,0,0
BRDA:70,10,1,0
BRDA:75,11,0,0
BRDA:75,11,1,0
BRDA:87,12,0,0
BRDA:87,12,1,0
BRDA:90,13,0,0
BRDA:90,13,1,0
BRDA:97,14,0,0
BRDA:97,14,1,0
BRDA:97,14,2,0
BRDA:106,15,0,0
BRDA:106,15,1,0
BRDA:107,16,0,0
BRDA:107,16,1,0
BRF:36
BRH:0
end_of_record
TN:
SF:src\components\Shared\Feedback\SyncStatusIndicator.tsx
FN:21,SyncStatusIndicator
FN:26,(anonymous_1)
FN:47,(anonymous_2)
FN:90,(anonymous_3)
FN:105,(anonymous_4)
FN:106,(anonymous_5)
FN:125,(anonymous_6)
FN:137,formatTimeSince
FNF:8
FNH:0
FNDA:0,SyncStatusIndicator
FNDA:0,(anonymous_1)
FNDA:0,(anonymous_2)
FNDA:0,(anonymous_3)
FNDA:0,(anonymous_4)
FNDA:0,(anonymous_5)
FNDA:0,(anonymous_6)
FNDA:0,formatTimeSince
DA:22,0
DA:23,0
DA:25,0
DA:27,0
DA:29,0
DA:31,0
DA:33,0
DA:35,0
DA:37,0
DA:39,0
DA:45,0
DA:47,0
DA:48,0
DA:51,0
DA:54,0
DA:55,0
DA:59,0
DA:61,0
DA:68,0
DA:72,0
DA:73,0
DA:74,0
DA:78,0
DA:79,0
DA:83,0
DA:84,0
DA:87,0
DA:90,0
DA:91,0
DA:92,0
DA:96,0
DA:97,0
DA:100,0
DA:105,0
DA:106,0
DA:126,0
DA:138,0
DA:140,0
DA:141,0
DA:144,0
DA:145,0
DA:146,0
DA:149,0
DA:150,0
DA:151,0
DA:154,0
DA:155,0
LF:47
LH:0
BRDA:27,0,0,0
BRDA:27,0,1,0
BRDA:27,0,2,0
BRDA:27,0,3,0
BRDA:27,0,4,0
BRDA:27,0,5,0
BRDA:54,1,0,0
BRDA:54,1,1,0
BRDA:59,2,0,0
BRDA:59,2,1,0
BRDA:59,3,0,0
BRDA:59,3,1,0
BRDA:61,4,0,0
BRDA:61,4,1,0
BRDA:63,5,0,0
BRDA:63,5,1,0
BRDA:65,6,0,0
BRDA:65,6,1,0
BRDA:72,7,0,0
BRDA:72,7,1,0
BRDA:78,8,0,0
BRDA:78,8,1,0
BRDA:78,9,0,0
BRDA:78,9,1,0
BRDA:83,10,0,0
BRDA:83,10,1,0
BRDA:91,11,0,0
BRDA:91,11,1,0
BRDA:96,12,0,0
BRDA:96,12,1,0
BRDA:116,13,0,0
BRDA:116,13,1,0
BRDA:116,13,2,0
BRDA:121,14,0,0
BRDA:121,14,1,0
BRDA:140,15,0,0
BRDA:140,15,1,0
BRDA:145,16,0,0
BRDA:145,16,1,0
BRDA:150,17,0,0
BRDA:150,17,1,0
BRF:41
BRH:0
end_of_record
TN:
SF:src\components\Shared\Feedback\ViewErrorFallback.tsx
FN:51,ViewErrorFallback
FN:54,(anonymous_1)
FN:62,(anonymous_2)
FN:72,(anonymous_3)
FN:115,(anonymous_4)
FNF:5
FNH:0
FNDA:0,ViewErrorFallback
FNDA:0,(anonymous_1)
FNDA:0,(anonymous_2)
FNDA:0,(anonymous_3)
FNDA:0,(anonymous_4)
DA:52,0
DA:54,0
DA:55,0
DA:57,0
DA:59,0
DA:60,0
DA:61,0
DA:62,0
DA:65,0
DA:66,0
DA:67,0
DA:68,0
DA:69,0
DA:70,0
DA:71,0
DA:72,0
DA:76,0
DA:116,0
LF:18
LH:0
BRDA:55,0,0,0
BRDA:55,0,1,0
BRDA:57,1,0,0
BRDA:57,1,1,0
BRDA:102,2,0,0
BRDA:102,2,1,0
BRDA:106,3,0,0
BRDA:106,3,1,0
BRDA:127,4,0,0
BRDA:127,4,1,0
BRDA:138,5,0,0
BRDA:138,5,1,0
BRF:12
BRH:0
end_of_record
TN:
SF:src\components\Shared\Form\Checkbox.stories.tsx
FN:213,(anonymous_0)
FN:226,(anonymous_1)
FN:256,(anonymous_2)
FNF:3
FNH:0
FNDA:0,(anonymous_0)
FNDA:0,(anonymous_1)
FNDA:0,(anonymous_2)
DA:15,0
DA:75,0
DA:84,0
DA:94,0
DA:108,0
DA:118,0
DA:133,0
DA:143,0
DA:153,0
DA:167,0
DA:177,0
DA:188,0
DA:198,0
DA:212,0
DA:214,0
DA:225,0
DA:227,0
DA:255,0
DA:257,0
LF:19
LH:0
BRF:0
BRH:0
end_of_record
TN:
SF:src\components\Shared\Form\Checkbox.tsx
FN:26,(anonymous_0)
FN:57,(anonymous_1)
FNF:2
FNH:0
FNDA:0,(anonymous_0)
FNDA:0,(anonymous_1)
DA:25,0
DA:40,0
DA:42,0
DA:46,0
DA:54,0
DA:58,0
DA:59,0
DA:61,0
DA:62,0
DA:63,0
DA:64,0
DA:85,0
LF:12
LH:0
BRDA:28,0,0,0
BRDA:31,1,0,0
BRDA:32,2,0,0
BRDA:40,3,0,0
BRDA:40,3,1,0
BRDA:42,4,0,0
BRDA:42,4,1,0
BRDA:49,5,0,0
BRDA:49,5,1,0
BRDA:58,6,0,0
BRDA:58,6,1,0
BRDA:61,7,0,0
BRDA:61,7,1,0
BRDA:63,8,0,0
BRDA:63,8,1,0
BRDA:73,9,0,0
BRDA:73,9,1,0
BRDA:73,9,2,0
BRDA:76,10,0,0
BRDA:76,10,1,0
BRDA:77,11,0,0
BRDA:77,11,1,0
BRF:22
BRH:0
end_of_record
TN:
SF:src\components\Shared\Form\FormGroup.tsx
FN:30,FormGroup
FNF:1
FNH:0
FNDA:0,FormGroup
DA:40,0
DA:49,0
LF:2
LH:0
BRDA:33,0,0,0
BRDA:38,1,0,0
BRDA:42,2,0,0
BRDA:42,2,1,0
BRDA:43,3,0,0
BRDA:43,3,1,0
BRDA:51,4,0,0
BRDA:51,4,1,0
BRDA:54,5,0,0
BRDA:54,5,1,0
BRDA:59,6,0,0
BRDA:59,6,1,0
BRDA:59,6,2,0
BRDA:60,7,0,0
BRDA:60,7,1,0
BRF:15
BRH:0
end_of_record
TN:
SF:src\components\Shared\Form\Input.stories.tsx
FN:61,(anonymous_0)
FN:169,(anonymous_1)
FN:175,(anonymous_2)
FN:225,(anonymous_3)
FN:278,(anonymous_4)
FN:291,(anonymous_5)
FNF:6
FNH:0
FNDA:0,(anonymous_0)
FNDA:0,(anonymous_1)
FNDA:0,(anonymous_2)
FNDA:0,(anonymous_3)
FNDA:0,(anonymous_4)
FNDA:0,(anonymous_5)
DA:16,0
DA:62,0
DA:79,0
DA:88,0
DA:102,0
DA:112,0
DA:122,0
DA:136,0
DA:146,0
DA:156,0
DA:169,0
DA:170,0
DA:175,0
DA:176,0
DA:184,0
DA:194,0
DA:204,0
DA:219,0
DA:226,0
DA:240,0
DA:251,0
DA:263,0
DA:277,0
DA:279,0
DA:290,0
DA:292,0
LF:26
LH:0
BRF:0
BRH:0
end_of_record
TN:
SF:src\components\Shared\Form\Input.tsx
FN:27,(anonymous_0)
FNF:1
FNH:0
FNDA:0,(anonymous_0)
DA:26,0
DA:41,0
DA:54,0
DA:58,0
DA:79,0
LF:5
LH:0
BRDA:29,0,0,0
BRDA:30,1,0,0
BRDA:34,2,0,0
BRDA:44,3,0,0
BRDA:44,3,1,0
BRDA:45,4,0,0
BRDA:45,4,1,0
BRDA:46,5,0,0
BRDA:46,5,1,0
BRDA:47,6,0,0
BRDA:47,6,1,0
BRDA:48,7,0,0
BRDA:48,7,1,0
BRDA:54,8,0,0
BRDA:54,8,1,0
BRDA:61,9,0,0
BRDA:61,9,1,0
BRDA:69,10,0,0
BRDA:69,10,1,0
BRDA:73,11,0,0
BRDA:73,11,1,0
BRF:21
BRH:0
end_of_record
TN:
SF:src\components\Shared\Form\Select.stories.tsx
FN:61,(anonymous_0)
FN:234,(anonymous_1)
FN:250,(anonymous_2)
FN:263,(anonymous_3)
FNF:4
FNH:0
FNDA:0,(anonymous_0)
FNDA:0,(anonymous_1)
FNDA:0,(anonymous_2)
FNDA:0,(anonymous_3)
DA:17,0
DA:62,0
DA:76,0
DA:88,0
DA:98,0
DA:108,0
DA:129,0
DA:140,0
DA:151,0
DA:166,0
DA:177,0
DA:188,0
DA:201,0
DA:213,0
DA:227,0
DA:235,0
DA:249,0
DA:251,0
DA:262,0
DA:264,0
LF:20
LH:0
BRF:0
BRH:0
end_of_record
TN:
SF:src\components\Shared\Form\Select.tsx
FN:35,(anonymous_0)
FN:81,(anonymous_1)
FNF:2
FNH:0
FNDA:0,(anonymous_0)
FNDA:0,(anonymous_1)
DA:34,0
DA:50,0
DA:61,0
DA:65,0
DA:82,0
DA:96,0
LF:6
LH:0
BRDA:37,0,0,0
BRDA:38,1,0,0
BRDA:42,2,0,0
BRDA:53,3,0,0
BRDA:53,3,1,0
BRDA:54,4,0,0
BRDA:54,4,1,0
BRDA:55,5,0,0
BRDA:55,5,1,0
BRDA:61,6,0,0
BRDA:61,6,1,0
BRDA:75,7,0,0
BRDA:75,7,1,0
BRDA:80,8,0,0
BRDA:80,8,1,0
BRDA:90,9,0,0
BRDA:90,9,1,0
BRF:17
BRH:0
end_of_record
TN:
SF:src\components\Shared\Form\Textarea.tsx
FN:28,(anonymous_0)
FN:68,(anonymous_1)
FN:94,(anonymous_2)
FN:101,(anonymous_3)
FN:104,(anonymous_4)
FN:111,(anonymous_5)
FN:114,(anonymous_6)
FN:122,(anonymous_7)
FN:136,(anonymous_8)
FNF:9
FNH:0
FNDA:0,(anonymous_0)
FNDA:0,(anonymous_1)
FNDA:0,(anonymous_2)
FNDA:0,(anonymous_3)
FNDA:0,(anonymous_4)
FNDA:0,(anonymous_5)
FNDA:0,(anonymous_6)
FNDA:0,(anonymous_7)
FNDA:0,(anonymous_8)
DA:27,0
DA:45,0
DA:48,0
DA:50,0
DA:62,0
DA:67,0
DA:69,0
DA:72,0
DA:73,0
DA:74,0
DA:75,0
DA:76,0
DA:77,0
DA:81,0
DA:84,0
DA:87,0
DA:88,0
DA:94,0
DA:95,0
DA:96,0
DA:101,0
DA:102,0
DA:104,0
DA:105,0
DA:106,0
DA:110,0
DA:111,0
DA:114,0
DA:115,0
DA:116,0
DA:118,0
DA:122,0
DA:124,0
DA:127,0
DA:128,0
DA:129,0
DA:130,0
DA:134,0
DA:136,0
DA:140,0
DA:157,0
LF:41
LH:0
BRDA:30,0,0,0
BRDA:31,1,0,0
BRDA:33,2,0,0
BRDA:34,3,0,0
BRDA:35,4,0,0
BRDA:48,5,0,0
BRDA:48,5,1,0
BRDA:53,6,0,0
BRDA:53,6,1,0
BRDA:54,7,0,0
BRDA:54,7,1,0
BRDA:55,8,0,0
BRDA:55,8,1,0
BRDA:56,9,0,0
BRDA:56,9,1,0
BRDA:62,10,0,0
BRDA:62,10,1,0
BRDA:69,11,0,0
BRDA:69,11,1,0
BRDA:69,12,0,0
BRDA:69,12,1,0
BRDA:73,13,0,0
BRDA:73,13,1,0
BRDA:74,14,0,0
BRDA:74,14,1,0
BRDA:75,15,0,0
BRDA:75,15,1,0
BRDA:76,16,0,0
BRDA:76,16,1,0
BRDA:77,17,0,0
BRDA:77,17,1,0
BRDA:95,18,0,0
BRDA:95,18,1,0
BRDA:95,19,0,0
BRDA:95,19,1,0
BRDA:102,20,0,0
BRDA:102,20,1,0
BRDA:105,21,0,0
BRDA:105,21,1,0
BRDA:115,22,0,0
BRDA:115,22,1,0
BRDA:127,23,0,0
BRDA:127,23,1,0
BRDA:129,24,0,0
BRDA:129,24,1,0
BRDA:134,25,0,0
BRDA:134,25,1,0
BRDA:134,26,0,0
BRDA:134,26,1,0
BRDA:151,27,0,0
BRDA:151,27,1,0
BRF:51
BRH:0
end_of_record
TN:
SF:src\components\Shared\Json\CodeMirrorEditor.tsx
FN:69,CodeMirrorEditor
FN:101,(anonymous_1)
FN:112,(anonymous_2)
FN:118,(anonymous_3)
FN:151,(anonymous_4)
FN:152,(anonymous_5)
FN:153,(anonymous_6)
FNF:7
FNH:0
FNDA:0,CodeMirrorEditor
FNDA:0,(anonymous_1)
FNDA:0,(anonymous_2)
FNDA:0,(anonymous_3)
FNDA:0,(anonymous_4)
FNDA:0,(anonymous_5)
FNDA:0,(anonymous_6)
DA:83,0
DA:84,0
DA:86,0
DA:88,0
DA:101,0
DA:102,0
DA:103,0
DA:112,0
DA:113,0
DA:114,0
DA:117,0
DA:119,0
DA:120,0
DA:122,0
DA:123,0
DA:124,0
DA:125,0
DA:126,0
DA:135,0
DA:151,0
DA:152,0
DA:153,0
LF:22
LH:0
BRDA:73,0,0,0
BRDA:74,1,0,0
BRDA:75,2,0,0
BRDA:77,3,0,0
BRDA:79,4,0,0
BRDA:80,5,0,0
BRDA:81,6,0,0
BRDA:102,7,0,0
BRDA:102,7,1,0
BRDA:123,8,0,0
BRDA:123,8,1,0
BRDA:123,9,0,0
BRDA:123,9,1,0
BRDA:123,9,2,0
BRDA:137,10,0,0
BRDA:137,10,1,0
BRDA:137,11,0,0
BRDA:137,11,1,0
BRDA:147,12,0,0
BRDA:147,12,1,0
BRDA:158,13,0,0
BRDA:158,13,1,0
BRF:22
BRH:0
end_of_record
TN:
SF:src\components\Shared\Json\JsonEditorPanel.tsx
FN:44,JsonEditorPanel
FNF:1
FNH:0
FNDA:0,JsonEditorPanel
DA:55,0
LF:1
LH:0
BRDA:48,0,0,0
BRDA:49,1,0,0
BRDA:50,2,0,0
BRDA:52,3,0,0
BRF:4
BRH:0
end_of_record
TN:
SF:src\components\Shared\ModalBase\ConfirmDialog.stories.tsx
FN:99,(anonymous_0)
FN:103,(anonymous_1)
FN:106,(anonymous_2)
FN:107,(anonymous_3)
FN:231,(anonymous_4)
FN:236,(anonymous_5)
FN:240,(anonymous_6)
FN:253,(anonymous_7)
FN:258,(anonymous_8)
FN:343,(anonymous_9)
FN:349,(anonymous_10)
FN:350,(anonymous_11)
FN:351,(anonymous_12)
FN:352,(anonymous_13)
FN:357,(anonymous_14)
FN:358,(anonymous_15)
FN:366,(anonymous_16)
FN:367,(anonymous_17)
FN:376,(anonymous_18)
FN:377,(anonymous_19)
FN:386,(anonymous_20)
FN:387,(anonymous_21)
FNF:22
FNH:0
FNDA:0,(anonymous_0)
FNDA:0,(anonymous_1)
FNDA:0,(anonymous_2)
FNDA:0,(anonymous_3)
FNDA:0,(anonymous_4)
FNDA:0,(anonymous_5)
FNDA:0,(anonymous_6)
FNDA:0,(anonymous_7)
FNDA:0,(anonymous_8)
FNDA:0,(anonymous_9)
FNDA:0,(anonymous_10)
FNDA:0,(anonymous_11)
FNDA:0,(anonymous_12)
FNDA:0,(anonymous_13)
FNDA:0,(anonymous_14)
FNDA:0,(anonymous_15)
FNDA:0,(anonymous_16)
FNDA:0,(anonymous_17)
FNDA:0,(anonymous_18)
FNDA:0,(anonymous_19)
FNDA:0,(anonymous_20)
FNDA:0,(anonymous_21)
DA:18,0
DA:87,0
DA:98,0
DA:100,0
DA:101,0
DA:103,0
DA:106,0
DA:108,0
DA:109,0
DA:126,0
DA:138,0
DA:154,0
DA:168,0
DA:185,0
DA:198,0
DA:216,0
DA:230,0
DA:232,0
DA:233,0
DA:234,0
DA:236,0
DA:237,0
DA:238,0
DA:240,0
DA:242,0
DA:243,0
DA:244,0
DA:246,0
DA:247,0
DA:251,0
DA:253,0
DA:259,0
DA:260,0
DA:284,0
DA:296,0
DA:312,0
DA:325,0
DA:342,0
DA:344,0
DA:346,0
DA:349,0
DA:350,0
DA:351,0
DA:352,0
DA:357,0
DA:358,0
DA:366,0
DA:367,0
DA:376,0
DA:377,0
DA:386,0
DA:387,0
LF:52
LH:0
BRDA:242,0,0,0
BRDA:242,0,1,0
BRF:2
BRH:0
end_of_record
TN:
SF:src\components\Shared\ModalBase\ConfirmDialog.tsx
FN:64,ConfirmDialog
FNF:1
FNH:0
FNDA:0,ConfirmDialog
DA:78,0
LF:1
LH:0
BRDA:70,0,0,0
BRDA:71,1,0,0
BRDA:72,2,0,0
BRDA:73,3,0,0
BRDA:74,4,0,0
BRDA:91,5,0,0
BRDA:91,5,1,0
BRDA:103,6,0,0
BRDA:103,6,1,0
BRDA:109,7,0,0
BRDA:109,7,1,0
BRF:11
BRH:0
end_of_record
TN:
SF:src\components\Shared\ModalBase\Modal.stories.tsx
FN:84,(anonymous_0)
FN:88,(anonymous_1)
FN:89,(anonymous_2)
FN:180,(anonymous_3)
FN:185,(anonymous_4)
FN:189,(anonymous_5)
FN:192,(anonymous_6)
FN:210,(anonymous_7)
FN:215,(anonymous_8)
FN:220,(anonymous_9)
FN:223,(anonymous_10)
FN:245,(anonymous_11)
FN:252,(anonymous_12)
FN:257,(anonymous_13)
FN:280,(anonymous_14)
FN:285,(anonymous_15)
FN:289,(anonymous_16)
FN:292,(anonymous_17)
FN:358,(anonymous_18)
FN:363,(anonymous_19)
FN:364,(anonymous_20)
FN:365,(anonymous_21)
FN:366,(anonymous_22)
FN:369,(anonymous_23)
FNF:24
FNH:0
FNDA:0,(anonymous_0)
FNDA:0,(anonymous_1)
FNDA:0,(anonymous_2)
FNDA:0,(anonymous_3)
FNDA:0,(anonymous_4)
FNDA:0,(anonymous_5)
FNDA:0,(anonymous_6)
FNDA:0,(anonymous_7)
FNDA:0,(anonymous_8)
FNDA:0,(anonymous_9)
FNDA:0,(anonymous_10)
FNDA:0,(anonymous_11)
FNDA:0,(anonymous_12)
FNDA:0,(anonymous_13)
FNDA:0,(anonymous_14)
FNDA:0,(anonymous_15)
FNDA:0,(anonymous_16)
FNDA:0,(anonymous_17)
FNDA:0,(anonymous_18)
FNDA:0,(anonymous_19)
FNDA:0,(anonymous_20)
FNDA:0,(anonymous_21)
FNDA:0,(anonymous_22)
FNDA:0,(anonymous_23)
DA:19,0
DA:69,0
DA:83,0
DA:85,0
DA:86,0
DA:88,0
DA:89,0
DA:106,0
DA:117,0
DA:130,0
DA:145,0
DA:160,0
DA:179,0
DA:181,0
DA:182,0
DA:185,0
DA:189,0
DA:192,0
DA:209,0
DA:211,0
DA:212,0
DA:215,0
DA:220,0
DA:223,0
DA:244,0
DA:246,0
DA:247,0
DA:249,0
DA:252,0
DA:257,0
DA:279,0
DA:281,0
DA:282,0
DA:285,0
DA:289,0
DA:292,0
DA:357,0
DA:359,0
DA:360,0
DA:363,0
DA:364,0
DA:365,0
DA:366,0
DA:369,0
LF:44
LH:0
BRDA:258,0,0,0
BRDA:258,0,1,0
BRDA:263,1,0,0
BRDA:263,1,1,0
BRDA:368,2,0,0
BRDA:368,2,1,0
BRF:6
BRH:0
end_of_record
TN:
SF:src\components\Shared\ModalBase\Modal.tsx
FN:84,Modal
FN:151,ModalBody
FN:166,ModalFooter
FNF:3
FNH:0
FNDA:0,Modal
FNDA:0,ModalBody
FNDA:0,ModalFooter
DA:76,0
DA:95,0
DA:102,0
DA:103,0
DA:105,0
DA:107,0
DA:151,0
DA:152,0
DA:166,0
DA:167,0
DA:174,0
LF:11
LH:0
BRDA:88,0,0,0
BRDA:91,1,0,0
BRDA:105,2,0,0
BRDA:105,2,1,0
BRDA:132,3,0,0
BRDA:132,3,1,0
BRDA:153,4,0,0
BRDA:153,4,1,0
BRDA:166,5,0,0
BRF:9
BRH:0
end_of_record
TN:
SF:src\components\Shared\Options\AdditionalOptionsPanel.tsx
FN:28,(anonymous_0)
FNF:1
FNH:0
FNDA:0,(anonymous_0)
DA:27,0
DA:29,0
DA:55,0
LF:3
LH:0
BRF:0
BRH:0
end_of_record
TN:
SF:src\components\Shared\Options\AppearancePanel.tsx
FN:26,(anonymous_0)
FN:33,(anonymous_1)
FN:50,(anonymous_2)
FN:72,(anonymous_3)
FN:80,(anonymous_4)
FNF:5
FNH:0
FNDA:0,(anonymous_0)
FNDA:0,(anonymous_1)
FNDA:0,(anonymous_2)
FNDA:0,(anonymous_3)
FNDA:0,(anonymous_4)
DA:25,0
DA:29,0
DA:33,0
DA:34,0
DA:35,0
DA:40,0
DA:41,0
DA:45,0
DA:50,0
DA:51,0
DA:52,0
DA:57,0
DA:58,0
DA:68,0
DA:72,0
DA:73,0
DA:74,0
DA:80,0
DA:81,0
DA:82,0
DA:87,0
DA:164,0
LF:22
LH:0
BRDA:26,0,0,0
BRDA:29,1,0,0
BRDA:29,1,1,0
BRDA:40,2,0,0
BRDA:40,2,1,0
BRDA:42,3,0,0
BRDA:42,3,1,0
BRDA:57,4,0,0
BRDA:57,4,1,0
BRDA:57,5,0,0
BRDA:57,5,1,0
BRDA:60,6,0,0
BRDA:60,6,1,0
BRF:13
BRH:0
end_of_record
TN:
SF:src\components\Shared\Options\FontManagerPanel.tsx
FN:45,FontItem2
FN:48,(anonymous_1)
FN:107,FontManagerPanel2
FN:118,(anonymous_3)
FN:123,(anonymous_4)
FN:157,(anonymous_5)
FN:169,(anonymous_6)
FN:237,(anonymous_7)
FNF:8
FNH:0
FNDA:0,FontItem2
FNDA:0,(anonymous_1)
FNDA:0,FontManagerPanel2
FNDA:0,(anonymous_3)
FNDA:0,(anonymous_4)
FNDA:0,(anonymous_5)
FNDA:0,(anonymous_6)
FNDA:0,(anonymous_7)
DA:23,0
DA:24,0
DA:25,0
DA:45,0
DA:46,0
DA:48,0
DA:49,0
DA:51,0
DA:52,0
DA:54,0
DA:55,0
DA:56,0
DA:58,0
DA:62,0
DA:66,0
DA:70,0
DA:107,0
DA:110,0
DA:111,0
DA:113,0
DA:114,0
DA:115,0
DA:118,0
DA:119,0
DA:122,0
DA:124,0
DA:125,0
DA:127,0
DA:128,0
DA:130,0
DA:131,0
DA:132,0
DA:133,0
DA:136,0
DA:137,0
DA:141,0
DA:142,0
DA:143,0
DA:145,0
DA:147,0
DA:148,0
DA:156,0
DA:158,0
DA:159,0
DA:160,0
DA:162,0
DA:169,0
DA:170,0
DA:173,0
DA:175,0
DA:237,0
LF:51
LH:0
BRDA:49,0,0,0
BRDA:49,0,1,0
BRDA:52,1,0,0
BRDA:52,1,1,0
BRDA:62,2,0,0
BRDA:62,2,1,0
BRDA:66,3,0,0
BRDA:66,3,1,0
BRDA:68,4,0,0
BRDA:68,4,1,0
BRDA:77,5,0,0
BRDA:77,5,1,0
BRDA:78,6,0,0
BRDA:78,6,1,0
BRDA:81,7,0,0
BRDA:81,7,1,0
BRDA:97,8,0,0
BRDA:97,8,1,0
BRDA:118,9,0,0
BRDA:118,9,1,0
BRDA:125,10,0,0
BRDA:125,10,1,0
BRDA:125,11,0,0
BRDA:125,11,1,0
BRDA:136,12,0,0
BRDA:136,12,1,0
BRDA:141,13,0,0
BRDA:141,13,1,0
BRDA:147,14,0,0
BRDA:147,14,1,0
BRDA:173,15,0,0
BRDA:173,15,1,0
BRDA:192,16,0,0
BRDA:192,16,1,0
BRDA:206,17,0,0
BRDA:206,17,1,0
BRDA:208,18,0,0
BRDA:208,18,1,0
BRDA:225,19,0,0
BRDA:225,19,1,0
BRDA:234,20,0,0
BRDA:234,20,1,0
BRDA:244,21,0,0
BRDA:244,21,1,0
BRF:44
BRH:0
end_of_record
TN:
SF:src\components\Shared\Options\ReminderTab.tsx
FN:16,(anonymous_0)
FN:19,(anonymous_1)
FN:35,(anonymous_2)
FN:58,(anonymous_3)
FN:65,(anonymous_4)
FN:85,(anonymous_5)
FN:98,(anonymous_6)
FN:99,(anonymous_7)
FN:111,(anonymous_8)
FN:114,(anonymous_9)
FN:137,(anonymous_10)
FN:147,(anonymous_11)
FN:148,(anonymous_12)
FN:160,(anonymous_13)
FN:172,(anonymous_14)
FNF:15
FNH:0
FNDA:0,(anonymous_0)
FNDA:0,(anonymous_1)
FNDA:0,(anonymous_2)
FNDA:0,(anonymous_3)
FNDA:0,(anonymous_4)
FNDA:0,(anonymous_5)
FNDA:0,(anonymous_6)
FNDA:0,(anonymous_7)
FNDA:0,(anonymous_8)
FNDA:0,(anonymous_9)
FNDA:0,(anonymous_10)
FNDA:0,(anonymous_11)
FNDA:0,(anonymous_12)
FNDA:0,(anonymous_13)
FNDA:0,(anonymous_14)
DA:16,0
DA:17,0
DA:19,0
DA:20,0
DA:27,0
DA:35,0
DA:36,0
DA:43,0
DA:51,0
DA:58,0
DA:65,0
DA:86,0
DA:98,0
DA:99,0
DA:111,0
DA:115,0
DA:137,0
DA:147,0
DA:148,0
DA:160,0
DA:172,0
DA:188,0
LF:22
LH:0
BRDA:20,0,0,0
BRDA:20,0,1,0
BRDA:36,1,0,0
BRDA:36,1,1,0
BRDA:57,2,0,0
BRDA:57,2,1,0
BRDA:64,3,0,0
BRDA:64,3,1,0
BRDA:72,4,0,0
BRDA:72,4,1,0
BRDA:84,5,0,0
BRDA:84,5,1,0
BRDA:91,6,0,0
BRDA:91,6,1,0
BRDA:110,7,0,0
BRDA:110,7,1,0
BRDA:130,8,0,0
BRDA:130,8,1,0
BRDA:146,9,0,0
BRDA:146,9,1,0
BRDA:159,10,0,0
BRDA:159,10,1,0
BRDA:171,11,0,0
BRDA:171,11,1,0
BRF:24
BRH:0
end_of_record
TN:
SF:src\components\Shared\Selectors\AccentSettingsSelector.tsx
FN:69,ArcSlotControl2
FN:77,(anonymous_1)
FN:88,(anonymous_2)
FN:99,(anonymous_3)
FN:130,(anonymous_4)
FN:140,(anonymous_5)
FN:171,binomialProbability
FN:189,calculateDistribution
FN:254,(anonymous_8)
FN:255,(anonymous_9)
FN:256,(anonymous_10)
FN:275,simulateOutcome
FN:293,AccentPreview2
FN:300,(anonymous_13)
FN:315,(anonymous_14)
FN:331,VisualPreview2
FN:354,(anonymous_16)
FN:367,(anonymous_17)
FN:374,(anonymous_18)
FN:382,(anonymous_19)
FN:452,(anonymous_20)
FN:537,AccentSettingsSelector2
FN:561,(anonymous_22)
FN:568,(anonymous_23)
FN:583,(anonymous_24)
FN:590,(anonymous_25)
FN:599,(anonymous_26)
FN:633,(anonymous_27)
FN:640,(anonymous_28)
FN:647,(anonymous_29)
FN:672,(anonymous_30)
FN:677,(anonymous_31)
FN:684,(anonymous_32)
FN:695,(anonymous_33)
FN:714,(anonymous_34)
FN:715,(anonymous_35)
FN:723,(anonymous_36)
FN:737,(anonymous_37)
FN:758,(anonymous_38)
FN:767,(anonymous_39)
FN:782,(anonymous_40)
FN:815,(anonymous_41)
FN:859,(anonymous_42)
FNF:43
FNH:0
FNDA:0,ArcSlotControl2
FNDA:0,(anonymous_1)
FNDA:0,(anonymous_2)
FNDA:0,(anonymous_3)
FNDA:0,(anonymous_4)
FNDA:0,(anonymous_5)
FNDA:0,binomialProbability
FNDA:0,calculateDistribution
FNDA:0,(anonymous_8)
FNDA:0,(anonymous_9)
FNDA:0,(anonymous_10)
FNDA:0,simulateOutcome
FNDA:0,AccentPreview2
FNDA:0,(anonymous_13)
FNDA:0,(anonymous_14)
FNDA:0,VisualPreview2
FNDA:0,(anonymous_16)
FNDA:0,(anonymous_17)
FNDA:0,(anonymous_18)
FNDA:0,(anonymous_19)
FNDA:0,(anonymous_20)
FNDA:0,AccentSettingsSelector2
FNDA:0,(anonymous_22)
FNDA:0,(anonymous_23)
FNDA:0,(anonymous_24)
FNDA:0,(anonymous_25)
FNDA:0,(anonymous_26)
FNDA:0,(anonymous_27)
FNDA:0,(anonymous_28)
FNDA:0,(anonymous_29)
FNDA:0,(anonymous_30)
FNDA:0,(anonymous_31)
FNDA:0,(anonymous_32)
FNDA:0,(anonymous_33)
FNDA:0,(anonymous_34)
FNDA:0,(anonymous_35)
FNDA:0,(anonymous_36)
FNDA:0,(anonymous_37)
FNDA:0,(anonymous_38)
FNDA:0,(anonymous_39)
FNDA:0,(anonymous_40)
FNDA:0,(anonymous_41)
FNDA:0,(anonymous_42)
DA:48,0
DA:69,0
DA:77,0
DA:78,0
DA:81,0
DA:82,0
DA:84,0
DA:88,0
DA:89,0
DA:90,0
DA:91,0
DA:93,0
DA:94,0
DA:99,0
DA:100,0
DA:101,0
DA:105,0
DA:131,0
DA:132,0
DA:134,0
DA:135,0
DA:140,0
DA:172,0
DA:173,0
DA:174,0
DA:177,0
DA:178,0
DA:179,0
DA:182,0
DA:197,0
DA:198,0
DA:201,0
DA:202,0
DA:204,0
DA:205,0
DA:206,0
DA:207,0
DA:208,0
DA:209,0
DA:211,0
DA:216,0
DA:217,0
DA:220,0
DA:227,0
DA:228,0
DA:229,0
DA:231,0
DA:232,0
DA:233,0
DA:234,0
DA:235,0
DA:236,0
DA:237,0
DA:243,0
DA:244,0
DA:247,0
DA:250,0
DA:253,0
DA:254,0
DA:255,0
DA:256,0
DA:258,0
DA:276,0
DA:277,0
DA:278,0
DA:280,0
DA:281,0
DA:282,0
DA:283,0
DA:286,0
DA:293,0
DA:300,0
DA:301,0
DA:303,0
DA:306,0
DA:308,0
DA:316,0
DA:317,0
DA:318,0
DA:331,0
DA:348,0
DA:349,0
DA:350,0
DA:353,0
DA:355,0
DA:367,0
DA:368,0
DA:369,0
DA:370,0
DA:374,0
DA:375,0
DA:376,0
DA:377,0
DA:382,0
DA:383,0
DA:386,0
DA:387,0
DA:388,0
DA:389,0
DA:395,0
DA:396,0
DA:397,0
DA:398,0
DA:400,0
DA:401,0
DA:402,0
DA:403,0
DA:409,0
DA:413,0
DA:415,0
DA:416,0
DA:418,0
DA:453,0
DA:537,0
DA:545,0
DA:547,0
DA:548,0
DA:550,0
DA:560,0
DA:562,0
DA:567,0
DA:569,0
DA:582,0
DA:584,0
DA:589,0
DA:591,0
DA:592,0
DA:598,0
DA:599,0
DA:601,0
DA:612,0
DA:614,0
DA:616,0
DA:618,0
DA:629,0
DA:633,0
DA:640,0
DA:647,0
DA:648,0
DA:650,0
DA:661,0
DA:673,0
DA:677,0
DA:685,0
DA:686,0
DA:695,0
DA:714,0
DA:715,0
DA:723,0
DA:737,0
DA:758,0
DA:768,0
DA:782,0
DA:815,0
DA:833,0
DA:859,0
LF:156
LH:0
BRDA:74,0,0,0
BRDA:75,1,0,0
BRDA:81,2,0,0
BRDA:81,2,1,0
BRDA:89,3,0,0
BRDA:89,3,1,0
BRDA:93,4,0,0
BRDA:93,4,1,0
BRDA:100,5,0,0
BRDA:100,5,1,0
BRDA:110,6,0,0
BRDA:110,6,1,0
BRDA:139,7,0,0
BRDA:139,7,1,0
BRDA:139,8,0,0
BRDA:139,8,1,0
BRDA:142,9,0,0
BRDA:142,9,1,0
BRDA:172,10,0,0
BRDA:172,10,1,0
BRDA:172,11,0,0
BRDA:172,11,1,0
BRDA:173,12,0,0
BRDA:173,12,1,0
BRDA:173,13,0,0
BRDA:173,13,1,0
BRDA:174,14,0,0
BRDA:174,14,1,0
BRDA:174,15,0,0
BRDA:174,15,1,0
BRDA:206,16,0,0
BRDA:206,16,1,0
BRDA:209,17,0,0
BRDA:209,17,1,0
BRDA:216,18,0,0
BRDA:216,18,1,0
BRDA:217,19,0,0
BRDA:217,19,1,0
BRDA:227,20,0,0
BRDA:227,20,1,0
BRDA:227,21,0,0
BRDA:227,21,1,0
BRDA:232,22,0,0
BRDA:232,22,1,0
BRDA:234,23,0,0
BRDA:234,23,1,0
BRDA:236,24,0,0
BRDA:236,24,1,0
BRDA:253,25,0,0
BRDA:253,25,1,0
BRDA:254,26,0,0
BRDA:254,26,1,0
BRDA:255,27,0,0
BRDA:255,27,1,0
BRDA:256,28,0,0
BRDA:256,28,1,0
BRDA:281,29,0,0
BRDA:281,29,1,0
BRDA:283,30,0,0
BRDA:283,30,1,0
BRDA:301,31,0,0
BRDA:301,31,1,0
BRDA:301,32,0,0
BRDA:301,32,1,0
BRDA:309,33,0,0
BRDA:309,33,1,0
BRDA:310,34,0,0
BRDA:310,34,1,0
BRDA:318,35,0,0
BRDA:318,35,1,0
BRDA:322,36,0,0
BRDA:322,36,1,0
BRDA:369,37,0,0
BRDA:369,37,1,0
BRDA:370,38,0,0
BRDA:370,38,1,0
BRDA:376,39,0,0
BRDA:376,39,1,0
BRDA:377,40,0,0
BRDA:377,40,1,0
BRDA:401,41,0,0
BRDA:401,41,1,0
BRDA:416,42,0,0
BRDA:416,42,1,0
BRDA:416,43,0,0
BRDA:416,43,1,0
BRDA:433,44,0,0
BRDA:433,44,1,0
BRDA:435,45,0,0
BRDA:435,45,1,0
BRDA:442,46,0,0
BRDA:442,46,1,0
BRDA:444,47,0,0
BRDA:444,47,1,0
BRDA:455,48,0,0
BRDA:455,48,1,0
BRDA:466,49,0,0
BRDA:466,49,1,0
BRDA:472,50,0,0
BRDA:472,50,1,0
BRDA:475,51,0,0
BRDA:475,51,1,0
BRDA:481,52,0,0
BRDA:481,52,1,0
BRDA:484,53,0,0
BRDA:484,53,1,0
BRDA:490,54,0,0
BRDA:490,54,1,0
BRDA:493,55,0,0
BRDA:493,55,1,0
BRDA:499,56,0,0
BRDA:499,56,1,0
BRDA:541,57,0,0
BRDA:542,58,0,0
BRDA:548,59,0,0
BRDA:548,59,1,0
BRDA:551,60,0,0
BRDA:551,60,1,0
BRDA:552,61,0,0
BRDA:552,61,1,0
BRDA:553,62,0,0
BRDA:553,62,1,0
BRDA:554,63,0,0
BRDA:554,63,1,0
BRDA:555,64,0,0
BRDA:555,64,1,0
BRDA:556,65,0,0
BRDA:556,65,1,0
BRDA:557,66,0,0
BRDA:557,66,1,0
BRDA:614,67,0,0
BRDA:614,67,1,0
BRDA:632,68,0,0
BRDA:632,68,1,0
BRDA:639,69,0,0
BRDA:639,69,1,0
BRDA:648,70,0,0
BRDA:648,70,1,0
BRDA:648,71,0,0
BRDA:648,71,1,0
BRDA:652,72,0,0
BRDA:652,72,1,0
BRDA:653,73,0,0
BRDA:653,73,1,0
BRDA:664,74,0,0
BRDA:664,74,1,0
BRDA:676,75,0,0
BRDA:676,75,1,0
BRDA:789,76,0,0
BRDA:789,76,1,0
BRDA:850,77,0,0
BRDA:850,77,1,0
BRDA:856,78,0,0
BRDA:856,78,1,0
BRF:154
BRH:0
end_of_record
TN:
SF:src\components\Shared\Selectors\AdditionalTokensSettingsSelector.tsx
FN:50,AdditionalTokensPreview2
FN:76,AdditionalTokensSettingsSelector2
FN:88,(anonymous_2)
FN:103,(anonymous_3)
FN:106,(anonymous_4)
FN:107,(anonymous_5)
FN:111,(anonymous_6)
FN:116,(anonymous_7)
FN:120,(anonymous_8)
FNF:9
FNH:0
FNDA:0,AdditionalTokensPreview2
FNDA:0,AdditionalTokensSettingsSelector2
FNDA:0,(anonymous_2)
FNDA:0,(anonymous_3)
FNDA:0,(anonymous_4)
FNDA:0,(anonymous_5)
FNDA:0,(anonymous_6)
FNDA:0,(anonymous_7)
FNDA:0,(anonymous_8)
DA:35,0
DA:50,0
DA:55,0
DA:76,0
DA:84,0
DA:87,0
DA:89,0
DA:102,0
DA:103,0
DA:106,0
DA:107,0
DA:111,0
DA:112,0
DA:113,0
DA:116,0
DA:117,0
DA:120,0
DA:121,0
DA:124,0
LF:19
LH:0
BRDA:64,0,0,0
BRDA:64,0,1,0
BRDA:80,1,0,0
BRDA:81,2,0,0
BRDA:89,3,0,0
BRDA:89,3,1,0
BRDA:89,3,2,0
BRDA:89,3,3,0
BRDA:138,4,0,0
BRDA:138,4,1,0
BRF:10
BRH:0
end_of_record
TN:
SF:src\components\Shared\Selectors\AssetPreviewSelector.tsx
FN:82,AssetPreview2
FN:118,AssetPreviewSelector2
FN:151,(anonymous_2)
FN:152,(anonymous_3)
FN:155,(anonymous_4)
FNF:5
FNH:0
FNDA:0,AssetPreview2
FNDA:0,AssetPreviewSelector2
FNDA:0,(anonymous_2)
FNDA:0,(anonymous_3)
FNDA:0,(anonymous_4)
DA:82,0
DA:90,0
DA:91,0
DA:93,0
DA:103,0
DA:118,0
DA:134,0
DA:143,0
DA:151,0
DA:152,0
DA:154,0
DA:156,0
DA:157,0
DA:162,0
LF:14
LH:0
BRDA:91,0,0,0
BRDA:91,0,1,0
BRDA:97,1,0,0
BRDA:97,1,1,0
BRDA:98,2,0,0
BRDA:98,2,1,0
BRDA:105,3,0,0
BRDA:105,3,1,0
BRDA:123,4,0,0
BRDA:124,5,0,0
BRDA:125,6,0,0
BRDA:126,7,0,0
BRDA:128,8,0,0
BRDA:131,9,0,0
BRDA:181,10,0,0
BRDA:181,10,1,0
BRDA:184,11,0,0
BRDA:184,11,1,0
BRF:18
BRH:0
end_of_record
TN:
SF:src\components\Shared\Selectors\BackgroundStyleSelector.tsx
FN:91,DrawerImageThumbnail2
FN:117,BackgroundStyleSelector2
FN:137,(anonymous_2)
FN:172,(anonymous_3)
FN:186,(anonymous_4)
FN:207,(anonymous_5)
FN:232,(anonymous_6)
FN:239,(anonymous_7)
FN:246,(anonymous_8)
FN:253,(anonymous_9)
FN:260,(anonymous_10)
FN:267,(anonymous_11)
FN:274,(anonymous_12)
FN:281,(anonymous_13)
FN:291,(anonymous_14)
FN:297,(anonymous_15)
FN:307,(anonymous_16)
FN:312,(anonymous_17)
FN:319,(anonymous_18)
FN:327,(anonymous_19)
[...]
DA:24,7
DA:27,7
DA:37,7
DA:52,0
DA:61,0
DA:71,0
DA:81,0
DA:91,0
DA:93,0
DA:95,0
DA:97,0
DA:108,0
DA:110,0
DA:112,0
DA:114,0
DA:128,0
DA:130,0
DA:132,0
DA:134,0
DA:148,0
DA:149,0
DA:150,0
DA:151,0
DA:153,0
DA:167,0
DA:185,0
DA:210,7
DA:224,7
DA:238,7
LF:29
LH:6
BRDA:91,0,0,0
BRDA:91,0,1,0
BRDA:91,0,2,0
BRDA:108,1,0,0
BRDA:108,1,1,0
BRDA:108,1,2,0
BRDA:128,2,0,0
BRDA:128,2,1,0
BRDA:128,2,2,0
BRF:9
BRH:0
end_of_record
TN:
SF:src\ts\utils\nameGenerator.ts
FN:719,generateRandomName
FN:729,generateMultipleNames
FN:730,(anonymous_2)
FN:739,nameToId
FN:751,generateUuid
FN:766,bytesToUuid
FN:768,(anonymous_6)
FN:797,generateStableUuid
FNF:8
FNH:8
FNDA:106,generateRandomName
FNDA:6,generateMultipleNames
FNDA:32284,(anonymous_2)
FNDA:27,nameToId
FNDA:117,generateUuid
FNDA:45,bytesToUuid
FNDA:720,(anonymous_6)
FNDA:45,generateStableUuid
DA:11,10
DA:720,106
DA:721,106
DA:730,32284
DA:731,6
DA:740,27
DA:752,117
DA:759,10
DA:767,45
DA:768,720
DA:771,45
DA:802,45
DA:803,45
DA:806,45
DA:809,45
DA:810,45
DA:811,45
DA:814,45
DA:817,45
DA:818,45
DA:819,720
DA:823,45
DA:824,45
DA:827,45
LF:24
LH:24
BRF:0
BRH:0
end_of_record
TN:
SF:src\ts\utils\progressUtils.ts
FN:26,createProgressState
FN:41,updateProgress
FN:53,resetProgress
FN:65,getProgressPercentage
FNF:4
FNH:4
FNDA:23,createProgressState
FNDA:12,updateProgress
FNDA:5,resetProgress
FNDA:7,getProgressPercentage
DA:30,23
DA:42,12
DA:43,12
DA:44,4
DA:54,5
DA:55,5
DA:56,3
DA:66,7
DA:67,6
LF:9
LH:9
BRDA:28,0,0,23
BRDA:43,1,0,4
BRDA:43,1,1,8
BRDA:55,2,0,3
BRDA:55,2,1,2
BRDA:66,3,0,1
BRDA:66,3,1,6
BRF:7
BRH:7
end_of_record
TN:
SF:src\ts\utils\projectDiff.ts
FN:132,calculateProjectDiff
FN:153,areStatesEqual
FN:164,compareCharacters
FN:165,(anonymous_3)
FN:166,(anonymous_4)
FN:201,findCharacterChanges
FN:218,compareScriptMeta
FN:249,compareGenerationOptions
FN:280,compareCustomIcons
FN:284,(anonymous_9)
FN:285,(anonymous_10)
FN:310,compareFilters
FN:351,getDiffSummary
FN:403,getChangeCount
FN:446,getFieldDisplayName
FN:453,(anonymous_15)
FN:482,findCharacterChangesDetailed
FN:578,compareCharactersDetailed
FN:582,(anonymous_18)
FN:583,(anonymous_19)
FN:623,calculateProjectDiffDetailed
FNF:21
FNH:0
FNDA:0,calculateProjectDiff
FNDA:0,areStatesEqual
FNDA:0,compareCharacters
FNDA:0,(anonymous_3)
FNDA:0,(anonymous_4)
FNDA:0,findCharacterChanges
FNDA:0,compareScriptMeta
FNDA:0,compareGenerationOptions
FNDA:0,compareCustomIcons
FNDA:0,(anonymous_9)
FNDA:0,(anonymous_10)
FNDA:0,compareFilters
FNDA:0,getDiffSummary
FNDA:0,getChangeCount
FNDA:0,getFieldDisplayName
FNDA:0,(anonymous_15)
FNDA:0,findCharacterChangesDetailed
FNDA:0,compareCharactersDetailed
FNDA:0,(anonymous_18)
FNDA:0,(anonymous_19)
FNDA:0,calculateProjectDiffDetailed
DA:133,0
DA:154,0
DA:155,0
DA:157,0
DA:165,0
DA:166,0
DA:168,0
DA:169,0
DA:170,0
DA:171,0
DA:174,0
DA:175,0
DA:176,0
DA:177,0
DA:178,0
DA:179,0
DA:181,0
DA:184,0
DA:189,0
DA:190,0
DA:191,0
DA:195,0
DA:202,0
DA:204,0
DA:205,0
DA:206,0
DA:207,0
DA:208,0
DA:209,0
DA:212,0
DA:222,0
DA:223,0
DA:226,0
DA:227,0
DA:228,0
DA:232,0
DA:233,0
DA:234,0
DA:238,0
DA:239,0
DA:240,0
DA:243,0
DA:253,0
DA:256,0
DA:257,0
DA:258,0
DA:261,0
DA:262,0
DA:263,0
DA:264,0
DA:266,0
DA:267,0
DA:271,0
DA:284,0
DA:285,0
DA:287,0
DA:288,0
DA:291,0
DA:292,0
DA:296,0
DA:297,0
DA:300,0
DA:314,0
DA:316,0
DA:317,0
DA:320,0
DA:321,0
DA:325,0
DA:326,0
DA:328,0
DA:329,0
DA:331,0
DA:332,0
DA:334,0
DA:335,0
DA:338,0
DA:352,0
DA:354,0
DA:355,0
DA:359,0
DA:360,0
DA:364,0
DA:365,0
DA:369,0
DA:370,0
DA:376,0
DA:377,0
DA:381,0
DA:382,0
DA:386,0
DA:387,0
DA:393,0
DA:394,0
DA:397,0
DA:404,0
DA:406,0
DA:407,0
DA:408,0
DA:410,0
DA:411,0
DA:412,0
DA:413,0
DA:415,0
DA:423,0
DA:447,0
DA:448,0
DA:451,0
DA:453,0
DA:458,0
DA:470,0
DA:473,0
DA:476,0
DA:486,0
DA:487,0
DA:495,0
DA:496,0
DA:497,0
DA:499,0
DA:500,0
DA:501,0
DA:502,0
DA:513,0
DA:514,0
DA:515,0
DA:517,0
DA:518,0
DA:519,0
DA:520,0
DA:531,0
DA:532,0
DA:533,0
DA:535,0
DA:536,0
DA:537,0
DA:547,0
DA:548,0
DA:549,0
DA:551,0
DA:552,0
DA:553,0
DA:563,0
DA:564,0
DA:567,0
DA:582,0
DA:583,0
DA:585,0
DA:586,0
DA:587,0
DA:588,0
DA:591,0
DA:592,0
DA:593,0
DA:594,0
DA:595,0
DA:596,0
DA:598,0
DA:601,0
DA:606,0
DA:607,0
DA:608,0
DA:612,0
DA:627,0
LF:162
LH:0
BRDA:176,0,0,0
BRDA:176,0,1,0
BRDA:178,1,0,0
BRDA:178,1,1,0
BRDA:190,2,0,0
BRDA:190,2,1,0
BRDA:204,3,0,0
BRDA:204,3,1,0
BRDA:205,4,0,0
BRDA:205,4,1,0
BRDA:206,5,0,0
BRDA:206,5,1,0
BRDA:207,6,0,0
BRDA:207,6,1,0
BRDA:208,7,0,0
BRDA:208,7,1,0
BRDA:226,8,0,0
BRDA:226,8,1,0
BRDA:232,9,0,0
BRDA:232,9,1,0
BRDA:238,10,0,0
BRDA:238,10,1,0
BRDA:266,11,0,0
BRDA:266,11,1,0
BRDA:292,12,0,0
BRDA:292,12,1,0
BRDA:297,13,0,0
BRDA:297,13,1,0
BRDA:303,14,0,0
BRDA:303,14,1,0
BRDA:316,15,0,0
BRDA:316,15,1,0
BRDA:316,16,0,0
BRDA:316,16,1,0
BRDA:320,17,0,0
BRDA:320,17,1,0
BRDA:320,18,0,0
BRDA:320,18,1,0
BRDA:325,19,0,0
BRDA:325,19,1,0
BRDA:328,20,0,0
BRDA:328,20,1,0
BRDA:331,21,0,0
BRDA:331,21,1,0
BRDA:334,22,0,0
BRDA:334,22,1,0
BRDA:354,23,0,0
BRDA:354,23,1,0
BRDA:359,24,0,0
BRDA:359,24,1,0
BRDA:361,25,0,0
BRDA:361,25,1,0
BRDA:364,26,0,0
BRDA:364,26,1,0
BRDA:366,27,0,0
BRDA:366,27,1,0
BRDA:369,28,0,0
BRDA:369,28,1,0
BRDA:371,29,0,0
BRDA:371,29,1,0
BRDA:376,30,0,0
BRDA:376,30,1,0
BRDA:381,31,0,0
BRDA:381,31,1,0
BRDA:386,32,0,0
BRDA:386,32,1,0
BRDA:388,33,0,0
BRDA:388,33,1,0
BRDA:393,34,0,0
BRDA:393,34,1,0
BRDA:397,35,0,0
BRDA:397,35,1,0
BRDA:410,36,0,0
BRDA:410,36,1,0
BRDA:411,37,0,0
BRDA:411,37,1,0
BRDA:412,38,0,0
BRDA:412,38,1,0
BRDA:413,39,0,0
BRDA:413,39,1,0
BRDA:447,40,0,0
BRDA:447,40,1,0
BRDA:499,41,0,0
BRDA:499,41,1,0
BRDA:517,42,0,0
BRDA:517,42,1,0
BRDA:535,43,0,0
BRDA:535,43,1,0
BRDA:551,44,0,0
BRDA:551,44,1,0
BRDA:563,45,0,0
BRDA:563,45,1,0
BRDA:593,46,0,0
BRDA:593,46,1,0
BRDA:595,47,0,0
BRDA:595,47,1,0
BRDA:607,48,0,0
BRDA:607,48,1,0
BRF:98
BRH:0
end_of_record
TN:
SF:src\ts\utils\scriptEncoder.ts
FN:34,encodeScriptForUrl
FN:67,decodeScriptFromUrl
FN:107,getOfficialScriptToolUrl
FN:123,openInOfficialScriptTool
FNF:4
FNH:0
FNDA:0,encodeScriptForUrl
FNDA:0,decodeScriptFromUrl
FNDA:0,getOfficialScriptToolUrl
FNDA:0,openInOfficialScriptTool
DA:36,0
DA:39,0
DA:42,0
DA:43,0
DA:44,0
DA:45,0
DA:47,0
DA:51,0
DA:69,0
DA:72,0
DA:73,0
DA:77,0
DA:78,0
DA:79,0
DA:80,0
DA:84,0
DA:87,0
DA:108,0
DA:109,0
DA:124,0
DA:125,0
LF:21
LH:0
BRF:0
BRH:0
end_of_record
TN:
SF:src\ts\utils\scriptSorting.ts
FN:139,isMetaEntry
FN:149,isCharacterEntry
FN:161,getAbilityPrefixIndex
FN:181,getTeamIndex
FN:191,compareSAO
FN:222,resolveToCharacter
FN:273,sortScriptBySAO
FN:308,(anonymous_7)
FN:335,sortScriptJsonBySAO
FN:361,isScriptSortedBySAO
FN:420,isScriptJsonSortedBySAO
FN:442,getScriptSortStats
FNF:12
FNH:12
FNDA:93,isMetaEntry
FNDA:68,isCharacterEntry
FNDA:18,getAbilityPrefixIndex
FNDA:56,getTeamIndex
FNDA:28,compareSAO
FNDA:23,resolveToCharacter
FNDA:12,sortScriptBySAO
FNDA:13,(anonymous_7)
FNDA:3,sortScriptJsonBySAO
FNDA:17,isScriptSortedBySAO
FNDA:4,isScriptJsonSortedBySAO
FNDA:8,getScriptSortStats
DA:28,8
DA:44,8
DA:140,93
DA:141,83
DA:143,10
DA:150,68
DA:151,61
DA:152,61
DA:154,7
DA:162,18
DA:163,0
DA:166,18
DA:168,18
DA:169,593
DA:170,4
DA:175,14
DA:182,56
DA:183,56
DA:184,56
DA:193,28
DA:194,28
DA:197,9
DA:198,9
DA:201,8
DA:202,28
DA:203,28
DA:204,28
DA:207,7
DA:208,7
DA:211,6
DA:227,23
DA:228,0
DA:232,23
DA:233,18
DA:237,5
DA:238,3
DA:239,3
DA:240,3
DA:241,2
DA:244,1
DA:248,2
DA:249,2
DA:250,2
DA:251,2
DA:252,2
DA:253,2
DA:256,0
DA:259,0
DA:277,12
DA:280,12
DA:281,12
DA:282,4
DA:283,4
DA:284,4
DA:289,12
DA:290,12
DA:291,12
DA:293,12
DA:294,24
DA:295,1
DA:297,23
DA:298,23
DA:299,22
DA:302,1
DA:308,13
DA:311,12
DA:314,12
DA:315,1
DA:319,12
DA:320,22
DA:324,12
DA:326,12
DA:336,3
DA:337,3
DA:339,3
DA:340,1
DA:343,1
DA:344,1
DA:346,2
DA:347,2
DA:365,17
DA:368,17
DA:369,17
DA:370,4
DA:371,4
DA:372,4
DA:377,17
DA:378,17
DA:379,32
DA:381,30
DA:382,26
DA:383,4
DA:384,4
DA:385,4
DA:386,4
DA:387,4
DA:389,0
DA:390,0
DA:391,0
DA:392,0
DA:393,0
DA:394,0
DA:399,17
DA:400,7
DA:404,10
DA:405,15
DA:406,15
DA:407,5
DA:411,5
DA:424,4
DA:425,4
DA:427,4
DA:428,1
DA:431,2
DA:433,1
DA:448,8
DA:449,8
DA:451,8
DA:462,8
DA:463,14
DA:464,14
DA:465,14
DA:469,8
LF:123
LH:113
BRDA:140,0,0,83
BRDA:140,0,1,10
BRDA:140,1,0,93
BRDA:140,1,1,83
BRDA:140,1,2,83
BRDA:150,2,0,61
BRDA:150,2,1,7
BRDA:150,3,0,68
BRDA:150,3,1,61
BRDA:150,3,2,61
BRDA:152,4,0,61
BRDA:152,4,1,60
BRDA:162,5,0,0
BRDA:162,5,1,18
BRDA:169,6,0,4
BRDA:169,6,1,589
BRDA:182,7,0,0
BRDA:182,7,1,56
BRDA:184,8,0,0
BRDA:184,8,1,56
BRDA:194,9,0,19
BRDA:194,9,1,9
BRDA:198,10,0,1
BRDA:198,10,1,8
BRDA:201,11,0,8
BRDA:201,11,1,0
BRDA:202,12,0,28
BRDA:202,12,1,0
BRDA:204,13,0,1
BRDA:204,13,1,27
BRDA:208,14,0,1
BRDA:208,14,1,6
BRDA:227,15,0,0
BRDA:227,15,1,23
BRDA:232,16,0,18
BRDA:232,16,1,5
BRDA:237,17,0,3
BRDA:237,17,1,2
BRDA:240,18,0,2
BRDA:240,18,1,1
BRDA:248,19,0,2
BRDA:248,19,1,0
BRDA:248,20,0,2
BRDA:248,20,1,2
BRDA:248,20,2,2
BRDA:252,21,0,2
BRDA:252,21,1,0
BRDA:275,22,0,12
BRDA:277,23,0,12
BRDA:277,24,0,12
BRDA:282,25,0,4
BRDA:282,25,1,0
BRDA:294,26,0,1
BRDA:294,26,1,23
BRDA:298,27,0,22
BRDA:298,27,1,1
BRDA:314,28,0,1
BRDA:314,28,1,11
BRDA:314,29,0,12
BRDA:314,29,1,12
BRDA:335,30,0,3
BRDA:339,31,0,1
BRDA:339,31,1,2
BRDA:363,32,0,17
BRDA:365,33,0,17
BRDA:370,34,0,4
BRDA:370,34,1,0
BRDA:379,35,0,2
BRDA:379,35,1,30
BRDA:381,36,0,26
BRDA:381,36,1,4
BRDA:383,37,0,4
BRDA:383,37,1,0
BRDA:386,38,0,4
BRDA:386,38,1,0
BRDA:389,39,0,0
BRDA:389,39,1,0
BRDA:389,40,0,0
BRDA:389,40,1,0
BRDA:389,40,2,0
BRDA:393,41,0,0
BRDA:393,41,1,0
BRDA:399,42,0,7
BRDA:399,42,1,10
BRDA:406,43,0,5
BRDA:406,43,1,10
BRDA:422,44,0,4
BRDA:427,45,0,1
BRDA:427,45,1,3
BRDA:463,46,0,14
BRDA:463,46,1,1
BRDA:464,47,0,14
BRDA:464,47,1,0
BRF:93
BRH:73
end_of_record
TN:
SF:src\ts\utils\searchUtils.ts
FN:86,levenshteinDistance
FN:92,(anonymous_1)
FN:124,normalizeSearchText
FN:136,parseSearchQuery
FN:148,(anonymous_4)
FN:173,matchesTerm
FN:246,findMatchPositions
FN:278,mergeRanges
FN:282,(anonymous_8)
FN:307,getSearchMatch
FN:325,(anonymous_10)
FN:341,matchesAllTerms
FN:349,(anonymous_12)
FN:352,(anonymous_13)
FN:364,searchFilter
FN:371,(anonymous_15)
FN:387,searchWithDetails
FN:396,(anonymous_17)
FN:407,(anonymous_18)
FN:437,(anonymous_19)
FNF:20
FNH:0
FNDA:0,levenshteinDistance
FNDA:0,(anonymous_1)
FNDA:0,normalizeSearchText
FNDA:0,parseSearchQuery
FNDA:0,(anonymous_4)
FNDA:0,matchesTerm
FNDA:0,findMatchPositions
FNDA:0,mergeRanges
FNDA:0,(anonymous_8)
FNDA:0,getSearchMatch
FNDA:0,(anonymous_10)
FNDA:0,matchesAllTerms
FNDA:0,(anonymous_12)
FNDA:0,(anonymous_13)
FNDA:0,searchFilter
FNDA:0,(anonymous_15)
FNDA:0,searchWithDetails
FNDA:0,(anonymous_17)
FNDA:0,(anonymous_18)
FNDA:0,(anonymous_19)
DA:69,0
DA:72,0
DA:88,0
DA:89,0
DA:92,0
DA:93,0
DA:95,0
DA:96,0
DA:98,0
DA:99,0
DA:100,0
DA:108,0
DA:111,0
DA:125,0
DA:137,0
DA:139,0
DA:140,0
DA:148,0
DA:149,0
DA:151,0
DA:178,0
DA:179,0
DA:181,0
DA:184,0
DA:185,0
DA:190,0
DA:191,0
DA:193,0
DA:194,0
DA:199,0
DA:200,0
DA:205,0
DA:207,0
DA:209,0
DA:210,0
DA:213,0
DA:216,0
DA:221,0
DA:222,0
DA:228,0
DA:229,0
DA:230,0
DA:231,0
DA:236,0
DA:247,0
DA:248,0
DA:251,0
DA:252,0
DA:254,0
DA:255,0
DA:258,0
DA:259,0
DA:260,0
DA:261,0
DA:263,0
DA:264,0
DA:269,0
DA:279,0
DA:282,0
DA:283,0
DA:285,0
DA:286,0
DA:287,0
DA:289,0
DA:291,0
DA:293,0
DA:297,0
DA:308,0
DA:309,0
DA:317,0
DA:318,0
DA:321,0
DA:322,0
DA:325,0
DA:326,0
DA:329,0
DA:346,0
DA:349,0
DA:352,0
DA:365,0
DA:367,0
DA:368,0
DA:371,0
DA:372,0
DA:373,0
DA:393,0
DA:395,0
DA:396,0
DA:403,0
DA:405,0
DA:406,0
DA:407,0
DA:410,0
DA:411,0
DA:415,0
DA:416,0
DA:418,0
DA:419,0
DA:420,0
DA:422,0
DA:423,0
DA:424,0
DA:425,0
DA:429,0
DA:437,0
LF:105
LH:0
BRDA:88,0,0,0
BRDA:88,0,1,0
BRDA:89,1,0,0
BRDA:89,1,1,0
BRDA:99,2,0,0
BRDA:99,2,1,0
BRDA:139,3,0,0
BRDA:139,3,1,0
BRDA:176,4,0,0
BRDA:181,5,0,0
BRDA:181,5,1,0
BRDA:184,6,0,0
BRDA:184,6,1,0
BRDA:193,7,0,0
BRDA:193,7,1,0
BRDA:199,8,0,0
BRDA:199,8,1,0
BRDA:209,9,0,0
BRDA:209,9,1,0
BRDA:209,10,0,0
BRDA:209,10,1,0
BRDA:221,11,0,0
BRDA:221,11,1,0
BRDA:228,12,0,0
BRDA:228,12,1,0
BRDA:228,13,0,0
BRDA:228,13,1,0
BRDA:230,14,0,0
BRDA:230,14,1,0
BRDA:230,15,0,0
BRDA:230,15,1,0
BRDA:247,16,0,0
BRDA:247,16,1,0
BRDA:247,17,0,0
BRDA:247,17,1,0
BRDA:261,18,0,0
BRDA:261,18,1,0
BRDA:279,19,0,0
BRDA:279,19,1,0
BRDA:289,20,0,0
BRDA:289,20,1,0
BRDA:308,21,0,0
BRDA:308,21,1,0
BRDA:308,22,0,0
BRDA:308,22,1,0
BRDA:310,23,0,0
BRDA:310,23,1,0
BRDA:313,24,0,0
BRDA:313,24,1,0
BRDA:322,25,0,0
BRDA:322,25,1,0
BRDA:344,26,0,0
BRDA:346,27,0,0
BRDA:346,27,1,0
BRDA:367,28,0,0
BRDA:367,28,1,0
BRDA:395,29,0,0
BRDA:395,29,1,0
BRDA:407,30,0,0
BRDA:407,30,1,0
BRDA:410,31,0,0
BRDA:410,31,1,0
BRDA:420,32,0,0
BRDA:420,32,1,0
BRDA:423,33,0,0
BRDA:423,33,1,0
BRF:66
BRH:0
end_of_record
TN:
SF:src\ts\utils\storageKeys.ts
FN:44,getStorageItem
FN:56,setStorageItem
FN:68,removeStorageItem
FNF:3
FNH:2
FNDA:12,getStorageItem
FNDA:10,setStorageItem
FNDA:0,removeStorageItem
DA:12,7
DA:45,12
DA:46,12
DA:48,1
DA:57,10
DA:58,10
DA:69,0
DA:70,0
LF:8
LH:6
BRF:0
BRH:0
end_of_record
TN:
SF:src\ts\utils\stringUtils.ts
FN:12,generateUniqueFilename
FN:60,sanitizeFilename
FN:122,capitalize
FNF:3
FNH:3
FNDA:11,generateUniqueFilename
FNDA:14,sanitizeFilename
FNDA:8,capitalize
DA:13,11
DA:14,5
DA:16,11
DA:17,11
DA:19,11
DA:20,5
DA:22,6
DA:26,10
DA:29,10
DA:62,14
DA:63,14
DA:65,14
DA:66,408
DA:69,408
DA:70,0
DA:74,408
DA:75,9
DA:79,399
DA:80,9
DA:81,4
DA:82,4
DA:84,9
DA:88,390
DA:89,4
DA:92,386
DA:93,386
DA:97,14
DA:98,14
DA:99,1
DA:101,14
DA:104,14
DA:105,3
DA:109,14
DA:110,1
DA:114,14
DA:123,8
DA:124,7
LF:37
LH:36
BRDA:13,0,0,5
BRDA:13,0,1,6
BRDA:16,1,0,11
BRDA:16,1,1,0
BRDA:19,2,0,5
BRDA:19,2,1,6
BRDA:69,3,0,0
BRDA:69,3,1,408
BRDA:74,4,0,9
BRDA:74,4,1,399
BRDA:79,5,0,9
BRDA:79,5,1,390
BRDA:79,6,0,399
BRDA:79,6,1,393
BRDA:79,6,2,393
BRDA:80,7,0,4
BRDA:80,7,1,5
BRDA:80,8,0,9
BRDA:80,8,1,7
BRDA:88,9,0,4
BRDA:88,9,1,386
BRDA:88,10,0,390
BRDA:88,10,1,11
BRDA:98,11,0,14
BRDA:98,11,1,12
BRDA:98,11,2,11
BRDA:104,12,0,3
BRDA:104,12,1,11
BRDA:109,13,0,1
BRDA:109,13,1,13
BRDA:114,14,0,14
BRDA:114,14,1,3
BRDA:123,15,0,1
BRDA:123,15,1,7
BRF:34
BRH:32
end_of_record
TN:
SF:src\ts\utils\teamUtils.ts
FN:42,getTeamStyleClass
FN:58,normalizeTeamName
FNF:2
FNH:2
FNDA:15,getTeamStyleClass
FNDA:13,normalizeTeamName
DA:16,1
DA:46,15
DA:47,15
DA:48,15
DA:59,13
DA:61,13
LF:6
LH:6
BRDA:46,0,0,15
BRDA:46,0,1,1
BRDA:47,1,0,15
BRDA:47,1,1,2
BRDA:48,2,0,15
BRDA:48,2,1,2
BRDA:48,2,2,1
BRDA:59,3,0,13
BRDA:59,3,1,2
BRDA:61,4,0,3
BRDA:61,4,1,10
BRF:11
BRH:11
end_of_record
TN:
SF:src\ts\utils\textDiff.ts
FN:44,diffText
FN:75,tokenize
FN:85,findLCS
FN:90,(anonymous_3)
FN:125,buildDiffSegments
FN:167,addSegment
FN:174,mergeSegments
FN:205,diffArrays
FN:213,(anonymous_8)
FN:215,(anonymous_9)
FN:216,(anonymous_10)
FN:258,valuesAreDifferent
FN:283,formatValueForDisplay
FNF:13
FNH:0
FNDA:0,diffText
FNDA:0,tokenize
FNDA:0,findLCS
FNDA:0,(anonymous_3)
FNDA:0,buildDiffSegments
FNDA:0,addSegment
FNDA:0,mergeSegments
FNDA:0,diffArrays
FNDA:0,(anonymous_8)
FNDA:0,(anonymous_9)
FNDA:0,(anonymous_10)
FNDA:0,valuesAreDifferent
FNDA:0,formatValueForDisplay
DA:45,0
DA:46,0
DA:49,0
DA:50,0
DA:57,0
DA:58,0
DA:61,0
DA:64,0
DA:66,0
DA:78,0
DA:86,0
DA:87,0
DA:90,0
DA:92,0
DA:93,0
DA:94,0
DA:95,0
DA:97,0
DA:103,0
DA:104,0
DA:105,0
DA:107,0
DA:108,0
DA:109,0
DA:110,0
DA:111,0
DA:112,0
DA:113,0
DA:115,0
DA:119,0
DA:130,0
DA:132,0
DA:133,0
DA:134,0
DA:136,0
DA:137,0
DA:140,0
DA:142,0
DA:143,0
DA:144,0
DA:145,0
DA:148,0
DA:149,0
DA:150,0
DA:154,0
DA:155,0
DA:156,0
DA:161,0
DA:168,0
DA:175,0
DA:177,0
DA:178,0
DA:180,0
DA:181,0
DA:182,0
DA:183,0
DA:185,0
DA:186,0
DA:189,0
DA:191,0
DA:209,0
DA:210,0
DA:213,0
DA:215,0
DA:216,0
DA:218,0
DA:219,0
DA:220,0
DA:223,0
DA:224,0
DA:225,0
DA:227,0
DA:232,0
DA:233,0
DA:234,0
DA:238,0
DA:260,0
DA:261,0
DA:262,0
DA:263,0
DA:266,0
DA:267,0
DA:270,0
DA:271,0
DA:273,0
DA:284,0
DA:285,0
DA:286,0
DA:287,0
DA:288,0
DA:289,0
DA:290,0
DA:292,0
LF:93
LH:0
BRDA:45,0,0,0
BRDA:45,0,1,0
BRDA:46,1,0,0
BRDA:46,1,1,0
BRDA:49,2,0,0
BRDA:49,2,1,0
BRDA:51,3,0,0
BRDA:51,3,1,0
BRDA:78,4,0,0
BRDA:78,4,1,0
BRDA:94,5,0,0
BRDA:94,5,1,0
BRDA:107,6,0,0
BRDA:107,6,1,0
BRDA:108,7,0,0
BRDA:108,7,1,0
BRDA:112,8,0,0
BRDA:112,8,1,0
BRDA:136,9,0,0
BRDA:136,9,1,0
BRDA:140,10,0,0
BRDA:140,10,1,0
BRDA:140,11,0,0
BRDA:140,11,1,0
BRDA:140,11,2,0
BRDA:148,12,0,0
BRDA:148,12,1,0
BRDA:148,12,2,0
BRDA:154,13,0,0
BRDA:154,13,1,0
BRDA:154,13,2,0
BRDA:175,14,0,0
BRDA:175,14,1,0
BRDA:182,15,0,0
BRDA:182,15,1,0
BRDA:209,16,0,0
BRDA:209,16,1,0
BRDA:210,17,0,0
BRDA:210,17,1,0
BRDA:213,18,0,0
BRDA:213,18,1,0
BRDA:224,19,0,0
BRDA:224,19,1,0
BRDA:233,20,0,0
BRDA:233,20,1,0
BRDA:242,21,0,0
BRDA:242,21,1,0
BRDA:260,22,0,0
BRDA:260,22,1,0
BRDA:260,23,0,0
BRDA:260,23,1,0
BRDA:261,24,0,0
BRDA:261,24,1,0
BRDA:261,25,0,0
BRDA:261,25,1,0
BRDA:262,26,0,0
BRDA:262,26,1,0
BRDA:262,27,0,0
BRDA:262,27,1,0
BRDA:262,28,0,0
BRDA:262,28,1,0
BRDA:263,29,0,0
BRDA:263,29,1,0
BRDA:263,30,0,0
BRDA:263,30,1,0
BRDA:266,31,0,0
BRDA:266,31,1,0
BRDA:267,32,0,0
BRDA:267,32,1,0
BRDA:284,33,0,0
BRDA:284,33,1,0
BRDA:284,34,0,0
BRDA:284,34,1,0
BRDA:285,35,0,0
BRDA:285,35,1,0
BRDA:285,36,0,0
BRDA:285,36,1,0
BRDA:286,37,0,0
BRDA:286,37,1,0
BRDA:287,38,0,0
BRDA:287,38,1,0
BRDA:287,39,0,0
BRDA:287,39,1,0
BRDA:288,40,0,0
BRDA:288,40,1,0
BRDA:289,41,0,0
BRDA:289,41,1,0
BRF:87
BRH:0
end_of_record
TN:
SF:src\ts\utils\textFormatAnalyzer.ts
FN:128,analyzeReminderText
FN:152,(anonymous_1)
FN:176,normalizeReminderText
FN:198,hasFormatIssues
FN:207,getIssueSummary
FN:213,(anonymous_5)
FNF:6
FNH:0
FNDA:0,analyzeReminderText
FNDA:0,(anonymous_1)
FNDA:0,normalizeReminderText
FNDA:0,hasFormatIssues
FNDA:0,getIssueSummary
FNDA:0,(anonymous_5)
DA:49,7
DA:129,0
DA:130,0
DA:133,0
DA:135,0
DA:137,0
DA:140,0
DA:141,0
DA:142,0
DA:143,0
DA:149,0
DA:151,0
DA:152,0
DA:155,0
DA:156,0
DA:164,0
DA:168,0
DA:177,0
DA:178,0
DA:181,0
DA:183,0
DA:184,0
DA:188,0
DA:190,0
DA:199,0
DA:208,0
DA:209,0
DA:213,0
DA:214,0
LF:29
LH:1
BRDA:129,0,0,0
BRDA:129,0,1,0
BRDA:129,1,0,0
BRDA:129,1,1,0
BRDA:149,2,0,0
BRDA:149,2,1,0
BRDA:152,3,0,0
BRDA:152,3,1,0
BRDA:155,4,0,0
BRDA:155,4,1,0
BRDA:177,5,0,0
BRDA:177,5,1,0
BRDA:177,6,0,0
BRDA:177,6,1,0
BRDA:208,7,0,0
BRDA:208,7,1,0
BRF:16
BRH:0
end_of_record
TN:
SF:src\ts\utils\tokenGrouping.ts
FN:22,getTokenIdentityKey
FN:42,getVariantGroupKey
FN:58,groupTokensByIdentity
FN:98,(anonymous_3)
FN:108,(anonymous_4)
FNF:5
FNH:5
FNDA:131,getTokenIdentityKey
FNDA:24,getVariantGroupKey
FNDA:16,groupTokensByIdentity
FNDA:5,(anonymous_3)
FNDA:24,(anonymous_4)
DA:23,131
DA:25,9
DA:26,2
DA:28,7
DA:31,122
DA:32,5
DA:35,117
DA:43,24
DA:44,14
DA:46,10
DA:47,8
DA:49,2
DA:60,16
DA:62,16
DA:63,129
DA:65,129
DA:66,129
DA:67,105
DA:68,105
DA:70,24
DA:81,16
DA:83,16
DA:84,24
DA:86,24
DA:87,20
DA:89,24
DA:94,16
DA:96,16
DA:98,20
DA:99,5
DA:100,5
DA:101,5
DA:105,20
DA:108,24
DA:110,20
DA:113,16
LF:36
LH:36
BRDA:23,0,0,9
BRDA:23,0,1,122
BRDA:25,1,0,2
BRDA:25,1,1,7
BRDA:26,2,0,2
BRDA:26,2,1,0
BRDA:26,3,0,2
BRDA:26,3,1,0
BRDA:28,4,0,7
BRDA:28,4,1,0
BRDA:28,5,0,9
BRDA:28,5,1,0
BRDA:31,6,0,5
BRDA:31,6,1,117
BRDA:31,7,0,122
BRDA:31,7,1,117
BRDA:43,8,0,14
BRDA:43,8,1,10
BRDA:46,9,0,8
BRDA:46,9,1,2
BRDA:47,10,0,8
BRDA:47,10,1,0
BRDA:47,11,0,8
BRDA:47,11,1,0
BRDA:66,12,0,105
BRDA:66,12,1,24
BRDA:86,13,0,20
BRDA:86,13,1,4
BRDA:99,14,0,5
BRDA:99,14,1,0
BRDA:100,15,0,5
BRDA:100,15,1,0
BRF:32
BRH:24
end_of_record
TN:
SF:src\ts\workers\prerender-worker.ts
FN:81,encodeImageData
FN:121,blobToDataURL
FN:122,(anonymous_2)
FN:124,(anonymous_3)
FN:133,(anonymous_4)
FNF:5
FNH:0
FNDA:0,encodeImageData
FNDA:0,blobToDataURL
FNDA:0,(anonymous_2)
FNDA:0,(anonymous_3)
FNDA:0,(anonymous_4)
DA:70,0
DA:88,0
DA:89,0
DA:93,0
DA:94,0
DA:96,0
DA:97,0
DA:101,0
DA:104,0
DA:105,0
DA:106,0
DA:109,0
DA:112,0
DA:113,0
DA:122,0
DA:123,0
DA:124,0
DA:125,0
DA:126,0
DA:133,0
DA:134,0
DA:136,0
DA:137,0
DA:138,0
DA:139,0
DA:147,0
DA:153,0
DA:154,0
DA:155,0
DA:156,0
DA:159,0
DA:160,0
DA:167,0
DA:170,0
DA:176,0
DA:178,0
DA:181,0
DA:187,0
DA:195,0
LF:39
LH:0
BRDA:85,0,0,0
BRDA:86,1,0,0
BRDA:88,2,0,0
BRDA:88,2,1,0
BRDA:96,3,0,0
BRDA:96,3,1,0
BRDA:105,4,0,0
BRDA:105,4,1,0
BRDA:137,5,0,0
BRDA:137,5,1,0
BRDA:154,6,0,0
BRDA:154,6,1,0
BRDA:184,7,0,0
BRDA:184,7,1,0
BRF:14
BRH:0
end_of_record
