TN:
SF:src\components\Layout\AppFooter.tsx
FN:3,AppFooter
FNF:1
FNH:0
FNDA:0,AppFooter
DA:4,0
LF:1
LH:0
BRF:0
BRH:0
end_of_record
TN:
SF:src\components\Layout\AppHeader.tsx
FN:16,AppHeader
FNF:1
FNH:0
FNDA:0,AppHeader
DA:24,0
LF:1
LH:0
BRDA:21,0,0,0
BRDA:30,1,0,0
BRDA:30,1,1,0
BRDA:44,2,0,0
BRDA:44,2,1,0
BRF:5
BRH:0
end_of_record
TN:
SF:src\components\Layout\AppShell.tsx
FN:25,AppShell
FN:38,(anonymous_1)
FN:46,(anonymous_2)
FN:61,(anonymous_3)
FN:63,(anonymous_4)
FN:71,(anonymous_5)
FN:87,(anonymous_6)
FN:91,(anonymous_7)
FNF:8
FNH:0
FNDA:0,AppShell
FNDA:0,(anonymous_1)
FNDA:0,(anonymous_2)
FNDA:0,(anonymous_3)
FNDA:0,(anonymous_4)
FNDA:0,(anonymous_5)
FNDA:0,(anonymous_6)
FNDA:0,(anonymous_7)
DA:26,0
DA:27,0
DA:30,0
DA:32,0
DA:35,0
DA:36,0
DA:38,0
DA:39,0
DA:40,0
DA:42,0
DA:43,0
DA:46,0
DA:48,0
DA:49,0
DA:53,0
DA:54,0
DA:55,0
DA:57,0
DA:61,0
DA:63,0
DA:64,0
DA:65,0
DA:66,0
DA:70,0
DA:71,0
DA:74,0
DA:76,0
DA:77,0
DA:79,0
DA:80,0
DA:82,0
DA:87,0
DA:88,0
DA:91,0
DA:92,0
DA:94,0
DA:96,0
DA:98,0
DA:100,0
DA:110,0
DA:112,0
DA:114,0
DA:116,0
DA:118,0
DA:122,0
LF:45
LH:0
BRDA:48,0,0,0
BRDA:48,0,1,0
BRDA:53,1,0,0
BRDA:53,1,1,0
BRDA:64,2,0,0
BRDA:64,2,1,0
BRDA:71,3,0,0
BRDA:71,3,1,0
BRDA:74,4,0,0
BRDA:74,4,1,0
BRDA:92,5,0,0
BRDA:92,5,1,0
BRDA:92,5,2,0
BRDA:92,5,3,0
BRDA:92,5,4,0
BRDA:92,5,5,0
BRDA:92,5,6,0
BRDA:92,5,7,0
BRDA:92,5,8,0
BRF:19
BRH:0
end_of_record
TN:
SF:src\components\Layout\TabNavigation.tsx
FN:22,TabNavigation
FN:32,(anonymous_1)
FN:60,(anonymous_2)
FN:65,(anonymous_3)
FN:66,(anonymous_4)
FNF:5
FNH:0
FNDA:0,TabNavigation
FNDA:0,(anonymous_1)
FNDA:0,(anonymous_2)
FNDA:0,(anonymous_3)
FNDA:0,(anonymous_4)
DA:27,0
DA:28,0
DA:29,0
DA:32,0
DA:34,0
DA:35,0
DA:36,0
DA:38,0
DA:47,0
DA:58,0
DA:61,0
DA:65,0
DA:66,0
LF:13
LH:0
BRDA:35,0,0,0
BRDA:35,0,1,0
BRDA:36,1,0,0
BRDA:36,1,1,0
BRDA:36,2,0,0
BRDA:36,2,1,0
BRDA:64,3,0,0
BRDA:64,3,1,0
BRDA:65,4,0,0
BRDA:65,4,1,0
BRF:10
BRH:0
end_of_record
TN:
SF:src\components\Layout\ThemeSelector.tsx
FN:31,ThemeSwatch
FN:66,CustomizationSection
FN:80,(anonymous_2)
FN:104,(anonymous_3)
FN:105,(anonymous_4)
FN:115,(anonymous_5)
FN:116,(anonymous_6)
FN:126,(anonymous_7)
FN:127,(anonymous_8)
FN:147,ThemeSelector
FN:165,(anonymous_10)
FN:174,(anonymous_11)
FN:179,(anonymous_12)
FN:220,(anonymous_13)
FN:227,(anonymous_14)
FNF:15
FNH:0
FNDA:0,ThemeSwatch
FNDA:0,CustomizationSection
FNDA:0,(anonymous_2)
FNDA:0,(anonymous_3)
FNDA:0,(anonymous_4)
FNDA:0,(anonymous_5)
FNDA:0,(anonymous_6)
FNDA:0,(anonymous_7)
FNDA:0,(anonymous_8)
FNDA:0,ThemeSelector
FNDA:0,(anonymous_10)
FNDA:0,(anonymous_11)
FNDA:0,(anonymous_12)
FNDA:0,(anonymous_13)
FNDA:0,(anonymous_14)
DA:33,0
DA:35,0
DA:73,0
DA:75,0
DA:80,0
DA:104,0
DA:105,0
DA:115,0
DA:116,0
DA:126,0
DA:127,0
DA:157,0
DA:160,0
DA:163,0
DA:174,0
DA:175,0
DA:179,0
DA:180,0
DA:183,0
DA:184,0
DA:185,0
DA:188,0
DA:189,0
DA:193,0
DA:194,0
DA:197,0
DA:208,0
DA:221,0
DA:222,0
DA:227,0
DA:246,0
LF:31
LH:0
BRDA:38,0,0,0
BRDA:38,0,1,0
BRDA:89,1,0,0
BRDA:89,1,1,0
BRDA:94,2,0,0
BRDA:94,2,1,0
BRDA:97,3,0,0
BRDA:97,3,1,0
BRDA:102,4,0,0
BRDA:102,4,1,0
BRDA:113,5,0,0
BRDA:113,5,1,0
BRDA:124,6,0,0
BRDA:124,6,1,0
BRDA:132,7,0,0
BRDA:132,7,1,0
BRDA:180,8,0,0
BRDA:180,8,1,0
BRDA:180,9,0,0
BRDA:180,9,1,0
BRDA:188,10,0,0
BRDA:188,10,1,0
BRDA:193,11,0,0
BRDA:193,11,1,0
BRDA:199,12,0,0
BRDA:199,12,1,0
BRDA:200,13,0,0
BRDA:200,13,1,0
BRDA:211,14,0,0
BRDA:211,14,1,0
BRF:30
BRH:0
end_of_record
TN:
SF:src\components\Layout\ViewLayout\ViewLayout.tsx
FN:43,getVariantClass
FN:59,ViewLayoutBase
FNF:2
FNH:0
FNDA:0,getVariantClass
FNDA:0,ViewLayoutBase
DA:44,0
DA:46,0
DA:48,0
DA:50,0
DA:52,0
DA:66,0
DA:69,0
DA:71,0
DA:81,0
DA:82,0
LF:10
LH:0
BRDA:44,0,0,0
BRDA:44,0,1,0
BRDA:44,0,2,0
BRDA:44,0,3,0
BRDA:69,1,0,0
BRDA:69,1,1,0
BRF:6
BRH:0
end_of_record
TN:
SF:src\components\Layout\ViewLayout\ViewLayoutPanel.tsx
FN:16,getWidthClass
FN:62,ViewLayoutPanel
FN:101,(anonymous_2)
FNF:3
FNH:0
FNDA:0,getWidthClass
FNDA:0,ViewLayoutPanel
FNDA:0,(anonymous_2)
DA:18,0
DA:20,0
DA:22,0
DA:24,0
DA:26,0
DA:29,0
DA:32,0
DA:76,0
DA:77,0
DA:80,0
DA:83,0
DA:101,0
DA:102,0
DA:103,0
DA:109,0
DA:110,0
DA:112,0
DA:116,0
DA:119,0
DA:122,0
DA:130,0
LF:21
LH:0
BRDA:18,0,0,0
BRDA:18,0,1,0
BRDA:20,1,0,0
BRDA:20,1,1,0
BRDA:20,1,2,0
BRDA:20,1,3,0
BRDA:20,1,4,0
BRDA:20,1,5,0
BRDA:65,2,0,0
BRDA:70,3,0,0
BRDA:73,4,0,0
BRDA:76,5,0,0
BRDA:76,5,1,0
BRDA:76,5,2,0
BRDA:77,6,0,0
BRDA:77,6,1,0
BRDA:77,6,2,0
BRDA:80,7,0,0
BRDA:80,7,1,0
BRDA:86,8,0,0
BRDA:86,8,1,0
BRDA:87,9,0,0
BRDA:87,9,1,0
BRDA:89,10,0,0
BRDA:89,10,1,0
BRDA:90,11,0,0
BRDA:90,11,1,0
BRDA:90,11,2,0
BRDA:94,12,0,0
BRDA:94,12,1,0
BRDA:95,13,0,0
BRDA:95,13,1,0
BRDA:102,14,0,0
BRDA:102,14,1,0
BRDA:102,15,0,0
BRDA:102,15,1,0
BRDA:109,16,0,0
BRDA:109,16,1,0
BRDA:116,17,0,0
BRDA:116,17,1,0
BRDA:119,18,0,0
BRDA:119,18,1,0
BRDA:122,19,0,0
BRDA:122,19,1,0
BRDA:124,20,0,0
BRDA:124,20,1,0
BRF:46
BRH:0
end_of_record
TN:
SF:src\components\Modals\AnnouncementsModal.tsx
FN:15,AnnouncementsModal
FNF:1
FNH:0
FNDA:0,AnnouncementsModal
DA:16,0
LF:1
LH:0
BRF:0
BRH:0
end_of_record
TN:
SF:src\components\Modals\AssetManagerModal.tsx
FN:111,AssetManagerModal
FN:208,(anonymous_1)
FN:215,(anonymous_2)
FN:222,(anonymous_3)
FN:231,(anonymous_4)
FN:243,(anonymous_5)
FN:247,(anonymous_6)
FN:254,(anonymous_7)
FN:258,(anonymous_8)
FN:268,(anonymous_9)
FN:277,(anonymous_10)
FN:310,(anonymous_11)
FN:328,(anonymous_12)
FN:337,(anonymous_13)
FN:342,(anonymous_14)
FN:362,(anonymous_15)
FN:385,(anonymous_16)
FN:392,(anonymous_17)
FN:413,(anonymous_18)
FN:433,(anonymous_19)
FN:440,(anonymous_20)
FN:444,(anonymous_21)
FN:449,(anonymous_22)
FN:462,(anonymous_23)
FN:474,(anonymous_24)
FN:484,(anonymous_25)
FN:492,(anonymous_26)
FN:502,(anonymous_27)
FN:530,(anonymous_28)
FN:533,(anonymous_29)
FN:556,(anonymous_30)
FN:618,(anonymous_31)
FNF:32
FNH:0
FNDA:0,AssetManagerModal
FNDA:0,(anonymous_1)
FNDA:0,(anonymous_2)
FNDA:0,(anonymous_3)
FNDA:0,(anonymous_4)
FNDA:0,(anonymous_5)
FNDA:0,(anonymous_6)
FNDA:0,(anonymous_7)
FNDA:0,(anonymous_8)
FNDA:0,(anonymous_9)
FNDA:0,(anonymous_10)
FNDA:0,(anonymous_11)
FNDA:0,(anonymous_12)
FNDA:0,(anonymous_13)
FNDA:0,(anonymous_14)
FNDA:0,(anonymous_15)
FNDA:0,(anonymous_16)
FNDA:0,(anonymous_17)
FNDA:0,(anonymous_18)
FNDA:0,(anonymous_19)
FNDA:0,(anonymous_20)
FNDA:0,(anonymous_21)
FNDA:0,(anonymous_22)
FNDA:0,(anonymous_23)
FNDA:0,(anonymous_24)
FNDA:0,(anonymous_25)
FNDA:0,(anonymous_26)
FNDA:0,(anonymous_27)
FNDA:0,(anonymous_28)
FNDA:0,(anonymous_29)
FNDA:0,(anonymous_30)
FNDA:0,(anonymous_31)
DA:40,0
DA:53,0
DA:66,0
DA:125,0
DA:126,0
DA:127,0
DA:128,0
DA:129,0
DA:130,0
DA:131,0
DA:134,0
DA:154,0
DA:172,0
DA:184,0
DA:196,0
DA:208,0
DA:209,0
DA:210,0
DA:215,0
DA:216,0
DA:217,0
DA:222,0
DA:223,0
DA:224,0
DA:231,0
DA:232,0
DA:233,0
DA:235,0
DA:243,0
DA:244,0
DA:247,0
DA:248,0
DA:249,0
DA:250,0
DA:254,0
DA:255,0
DA:258,0
DA:259,0
DA:260,0
DA:268,0
DA:269,0
DA:270,0
DA:277,0
DA:278,0
DA:279,0
DA:287,0
DA:288,0
DA:298,0
DA:299,0
DA:310,0
DA:320,0
DA:321,0
DA:328,0
DA:338,0
DA:343,0
DA:363,0
DA:383,0
DA:386,0
DA:387,0
DA:392,0
DA:414,0
DA:415,0
DA:433,0
DA:434,0
DA:440,0
DA:445,0
DA:449,0
DA:462,0
DA:474,0
DA:484,0
DA:492,0
DA:502,0
DA:530,0
DA:534,0
DA:556,0
DA:557,0
DA:559,0
DA:578,0
DA:618,0
DA:619,0
DA:675,0
LF:81
LH:0
BRDA:117,0,0,0
BRDA:118,1,0,0
BRDA:119,2,0,0
BRDA:120,3,0,0
BRDA:122,4,0,0
BRDA:125,5,0,0
BRDA:125,5,1,0
BRDA:126,6,0,0
BRDA:126,6,1,0
BRDA:155,7,0,0
BRDA:155,7,1,0
BRDA:157,8,0,0
BRDA:157,8,1,0
BRDA:158,9,0,0
BRDA:158,9,1,0
BRDA:158,10,0,0
BRDA:158,10,1,0
BRDA:211,11,0,0
BRDA:211,11,1,0
BRDA:218,12,0,0
BRDA:218,12,1,0
BRDA:218,13,0,0
BRDA:218,13,1,0
BRDA:224,14,0,0
BRDA:224,14,1,0
BRDA:232,15,0,0
BRDA:232,15,1,0
BRDA:248,16,0,0
BRDA:248,16,1,0
BRDA:259,17,0,0
BRDA:259,17,1,0
BRDA:278,18,0,0
BRDA:278,18,1,0
BRDA:287,19,0,0
BRDA:287,19,1,0
BRDA:298,20,0,0
BRDA:298,20,1,0
BRDA:298,21,0,0
BRDA:298,21,1,0
BRDA:298,21,2,0
BRDA:303,22,0,0
BRDA:303,22,1,0
BRDA:307,23,0,0
BRDA:307,23,1,0
BRDA:320,24,0,0
BRDA:320,24,1,0
BRDA:324,25,0,0
BRDA:324,25,1,0
BRDA:324,25,2,0
BRDA:327,26,0,0
BRDA:327,26,1,0
BRDA:328,27,0,0
BRDA:328,27,1,0
BRDA:336,28,0,0
BRDA:336,28,1,0
BRDA:341,29,0,0
BRDA:341,29,1,0
BRDA:344,30,0,0
BRDA:344,30,1,0
BRDA:355,31,0,0
BRDA:355,31,1,0
BRDA:355,31,2,0
BRDA:355,31,3,0
BRDA:355,31,4,0
BRDA:366,32,0,0
BRDA:366,32,1,0
BRDA:373,33,0,0
BRDA:373,33,1,0
BRDA:391,34,0,0
BRDA:391,34,1,0
BRDA:391,35,0,0
BRDA:391,35,1,0
BRDA:402,36,0,0
BRDA:402,36,1,0
BRDA:403,37,0,0
BRDA:403,37,1,0
BRDA:407,38,0,0
BRDA:407,38,1,0
BRDA:408,39,0,0
BRDA:408,39,1,0
BRDA:410,40,0,0
BRDA:410,40,1,0
BRDA:439,41,0,0
BRDA:439,41,1,0
BRDA:448,42,0,0
BRDA:448,42,1,0
BRDA:465,43,0,0
BRDA:465,43,1,0
BRDA:483,44,0,0
BRDA:483,44,1,0
BRDA:491,45,0,0
BRDA:491,45,1,0
BRDA:500,46,0,0
BRDA:500,46,1,0
BRDA:504,47,0,0
BRDA:504,47,1,0
BRDA:512,48,0,0
BRDA:512,48,1,0
BRDA:512,49,0,0
BRDA:512,49,1,0
BRDA:514,50,0,0
BRDA:514,50,1,0
BRDA:517,51,0,0
BRDA:517,51,1,0
BRDA:523,52,0,0
BRDA:523,52,1,0
BRDA:542,53,0,0
BRDA:542,53,1,0
BRDA:557,54,0,0
BRDA:557,54,1,0
BRDA:559,55,0,0
BRDA:559,55,1,0
BRDA:581,56,0,0
BRDA:581,56,1,0
BRDA:594,57,0,0
BRDA:594,57,1,0
BRDA:602,58,0,0
BRDA:602,58,1,0
BRDA:604,59,0,0
BRDA:604,59,1,0
BRDA:622,60,0,0
BRDA:622,60,1,0
BRDA:627,61,0,0
BRDA:627,61,1,0
BRDA:637,62,0,0
BRDA:637,62,1,0
BRDA:640,63,0,0
BRDA:640,63,1,0
BRDA:644,64,0,0
BRDA:644,64,1,0
BRDA:652,65,0,0
BRDA:652,65,1,0
BRDA:654,66,0,0
BRDA:654,66,1,0
BRDA:679,67,0,0
BRDA:679,67,1,0
BRDA:681,68,0,0
BRDA:681,68,1,0
BRDA:683,69,0,0
BRDA:683,69,1,0
BRF:140
BRH:0
end_of_record
TN:
SF:src\components\Modals\CreateVersionModal.tsx
FN:26,CreateVersionModal
FN:40,(anonymous_1)
FN:52,(anonymous_2)
FN:61,(anonymous_3)
FN:70,(anonymous_4)
FN:75,(anonymous_5)
FN:99,(anonymous_6)
FN:160,(anonymous_7)
FN:174,(anonymous_8)
FN:182,(anonymous_9)
FN:190,(anonymous_10)
FN:205,(anonymous_11)
FN:222,(anonymous_12)
FNF:13
FNH:0
FNDA:0,CreateVersionModal
FNDA:0,(anonymous_1)
FNDA:0,(anonymous_2)
FNDA:0,(anonymous_3)
FNDA:0,(anonymous_4)
FNDA:0,(anonymous_5)
FNDA:0,(anonymous_6)
FNDA:0,(anonymous_7)
FNDA:0,(anonymous_8)
FNDA:0,(anonymous_9)
FNDA:0,(anonymous_10)
FNDA:0,(anonymous_11)
FNDA:0,(anonymous_12)
DA:32,0
DA:34,0
DA:35,0
DA:36,0
DA:37,0
DA:38,0
DA:40,0
DA:41,0
DA:42,0
DA:43,0
DA:44,0
DA:46,0
DA:47,0
DA:52,0
DA:53,0
DA:54,0
DA:55,0
DA:56,0
DA:57,0
DA:61,0
DA:62,0
DA:63,0
DA:64,0
DA:66,0
DA:70,0
DA:71,0
DA:72,0
DA:75,0
DA:76,0
DA:77,0
DA:80,0
DA:81,0
DA:82,0
DA:85,0
DA:86,0
DA:87,0
DA:90,0
DA:91,0
DA:97,0
DA:99,0
DA:103,0
DA:111,0
DA:112,0
DA:115,0
DA:116,0
DA:118,0
DA:119,0
DA:120,0
DA:121,0
DA:123,0
DA:127,0
DA:160,0
DA:174,0
DA:182,0
DA:190,0
DA:205,0
DA:222,0
LF:57
LH:0
BRDA:53,0,0,0
BRDA:53,0,1,0
BRDA:80,1,0,0
BRDA:80,1,1,0
BRDA:85,2,0,0
BRDA:85,2,1,0
BRDA:107,3,0,0
BRDA:107,3,1,0
BRDA:108,4,0,0
BRDA:108,4,1,0
BRDA:118,5,0,0
BRDA:118,5,1,0
BRDA:235,6,0,0
BRDA:235,6,1,0
BRDA:239,7,0,0
BRDA:239,7,1,0
BRF:16
BRH:0
end_of_record
TN:
SF:src\components\Modals\DeleteProjectModal.tsx
FN:23,DeleteProjectModal
FN:44,(anonymous_1)
FNF:2
FNH:0
FNDA:0,DeleteProjectModal
FNDA:0,(anonymous_1)
DA:29,0
DA:30,0
DA:31,0
DA:34,0
DA:37,0
DA:38,0
DA:39,0
DA:40,0
DA:44,0
DA:45,0
DA:47,0
DA:48,0
DA:49,0
DA:50,0
DA:51,0
DA:52,0
DA:53,0
DA:55,0
DA:56,0
DA:57,0
DA:61,0
DA:63,0
LF:22
LH:0
BRDA:37,0,0,0
BRDA:37,0,1,0
BRDA:39,1,0,0
BRDA:39,1,1,0
BRDA:45,2,0,0
BRDA:45,2,1,0
BRDA:55,3,0,0
BRDA:55,3,1,0
BRDA:61,4,0,0
BRDA:61,4,1,0
BRDA:101,5,0,0
BRDA:101,5,1,0
BRF:12
BRH:0
end_of_record
TN:
SF:src\components\Modals\ExportProjectModal.tsx
FN:26,ExportProjectModal
FN:40,(anonymous_1)
FN:49,(anonymous_2)
FN:76,(anonymous_3)
FN:87,(anonymous_4)
FN:88,(anonymous_5)
FN:108,(anonymous_6)
FN:122,(anonymous_7)
FN:174,(anonymous_8)
FN:175,(anonymous_9)
FN:191,(anonymous_10)
FN:192,(anonymous_11)
FN:206,(anonymous_12)
FN:206,(anonymous_13)
FNF:14
FNH:0
FNDA:0,ExportProjectModal
FNDA:0,(anonymous_1)
FNDA:0,(anonymous_2)
FNDA:0,(anonymous_3)
FNDA:0,(anonymous_4)
FNDA:0,(anonymous_5)
FNDA:0,(anonymous_6)
FNDA:0,(anonymous_7)
FNDA:0,(anonymous_8)
FNDA:0,(anonymous_9)
FNDA:0,(anonymous_10)
FNDA:0,(anonymous_11)
FNDA:0,(anonymous_12)
FNDA:0,(anonymous_13)
DA:28,0
DA:30,0
DA:35,0
DA:36,0
DA:37,0
DA:40,0
DA:41,0
DA:44,0
DA:47,0
DA:48,0
DA:49,0
DA:52,0
DA:56,0
DA:57,0
DA:61,0
DA:62,0
DA:66,0
DA:67,0
DA:68,0
DA:69,0
DA:71,0
DA:76,0
DA:77,0
DA:79,0
DA:80,0
DA:81,0
DA:83,0
DA:84,0
DA:87,0
DA:88,0
DA:92,0
DA:94,0
DA:95,0
DA:98,0
DA:99,0
DA:100,0
DA:101,0
DA:102,0
DA:103,0
DA:104,0
DA:105,0
DA:108,0
DA:109,0
DA:110,0
DA:111,0
DA:114,0
DA:115,0
DA:116,0
DA:117,0
DA:122,0
DA:123,0
DA:124,0
DA:125,0
DA:126,0
DA:130,0
DA:132,0
DA:175,0
DA:192,0
DA:206,0
LF:59
LH:0
BRDA:41,0,0,0
BRDA:41,0,1,0
BRDA:47,1,0,0
BRDA:47,1,1,0
BRDA:47,2,0,0
BRDA:47,2,1,0
BRDA:49,3,0,0
BRDA:49,3,1,0
BRDA:56,4,0,0
BRDA:56,4,1,0
BRDA:56,5,0,0
BRDA:56,5,1,0
BRDA:61,6,0,0
BRDA:61,6,1,0
BRDA:66,7,0,0
BRDA:66,7,1,0
BRDA:68,8,0,0
BRDA:68,8,1,0
BRDA:77,9,0,0
BRDA:77,9,1,0
BRDA:114,10,0,0
BRDA:114,10,1,0
BRDA:123,11,0,0
BRDA:123,11,1,0
BRDA:130,12,0,0
BRDA:130,12,1,0
BRDA:158,13,0,0
BRDA:158,13,1,0
BRDA:162,14,0,0
BRDA:162,14,1,0
BRDA:177,15,0,0
BRDA:177,15,1,0
BRDA:182,16,0,0
BRDA:182,16,1,0
BRDA:223,17,0,0
BRDA:223,17,1,0
BRDA:233,18,0,0
BRDA:233,18,1,0
BRF:38
BRH:0
end_of_record
TN:
SF:src\components\Modals\IconManagementModal.tsx
FN:30,IconManagementModal
FN:41,(anonymous_1)
FN:43,(anonymous_2)
FN:50,(anonymous_3)
FN:56,(anonymous_4)
FN:61,(anonymous_5)
FN:68,(anonymous_6)
FN:70,(anonymous_7)
FN:99,(anonymous_8)
FN:100,(anonymous_9)
FN:149,(anonymous_10)
FN:156,(anonymous_11)
FN:176,(anonymous_12)
FN:187,(anonymous_13)
FNF:14
FNH:0
FNDA:0,IconManagementModal
FNDA:0,(anonymous_1)
FNDA:0,(anonymous_2)
FNDA:0,(anonymous_3)
FNDA:0,(anonymous_4)
FNDA:0,(anonymous_5)
FNDA:0,(anonymous_6)
FNDA:0,(anonymous_7)
FNDA:0,(anonymous_8)
FNDA:0,(anonymous_9)
FNDA:0,(anonymous_10)
FNDA:0,(anonymous_11)
FNDA:0,(anonymous_12)
FNDA:0,(anonymous_13)
DA:37,0
DA:38,0
DA:41,0
DA:42,0
DA:43,0
DA:44,0
DA:46,0
DA:50,0
DA:51,0
DA:54,0
DA:55,0
DA:56,0
DA:60,0
DA:61,0
DA:64,0
DA:68,0
DA:69,0
DA:70,0
DA:72,0
DA:73,0
DA:85,0
DA:86,0
DA:88,0
DA:90,0
DA:92,0
DA:95,0
DA:99,0
DA:100,0
DA:101,0
DA:108,0
DA:149,0
DA:156,0
DA:177,0
DA:178,0
DA:187,0
LF:35
LH:0
BRDA:54,0,0,0
BRDA:54,0,1,0
BRDA:60,1,0,0
BRDA:60,1,1,0
BRDA:72,2,0,0
BRDA:72,2,1,0
BRDA:85,3,0,0
BRDA:85,3,1,0
BRDA:90,4,0,0
BRDA:90,4,1,0
BRDA:100,5,0,0
BRDA:100,5,1,0
BRDA:164,6,0,0
BRDA:164,6,1,0
BRDA:167,7,0,0
BRDA:167,7,1,0
BRDA:169,8,0,0
BRDA:169,8,1,0
BRDA:193,9,0,0
BRDA:193,9,1,0
BRDA:196,10,0,0
BRDA:196,10,1,0
BRDA:199,11,0,0
BRDA:199,11,1,0
BRF:24
BRH:0
end_of_record
TN:
SF:src\components\Modals\ImportProjectModal.tsx
FN:27,ImportProjectModal
FN:41,(anonymous_1)
FN:76,(anonymous_2)
FN:88,(anonymous_3)
FN:96,(anonymous_4)
FN:101,(anonymous_5)
FN:107,(anonymous_6)
FN:114,(anonymous_7)
FN:119,(anonymous_8)
FN:134,(anonymous_9)
FN:145,(anonymous_10)
FN:146,(anonymous_11)
FN:156,(anonymous_12)
FN:173,(anonymous_13)
FN:222,(anonymous_14)
FNF:15
FNH:0
FNDA:0,ImportProjectModal
FNDA:0,(anonymous_1)
FNDA:0,(anonymous_2)
FNDA:0,(anonymous_3)
FNDA:0,(anonymous_4)
FNDA:0,(anonymous_5)
FNDA:0,(anonymous_6)
FNDA:0,(anonymous_7)
FNDA:0,(anonymous_8)
FNDA:0,(anonymous_9)
FNDA:0,(anonymous_10)
FNDA:0,(anonymous_11)
FNDA:0,(anonymous_12)
FNDA:0,(anonymous_13)
FNDA:0,(anonymous_14)
DA:29,0
DA:31,0
DA:32,0
DA:33,0
DA:34,0
DA:35,0
DA:36,0
DA:37,0
DA:38,0
DA:41,0
DA:42,0
DA:43,0
DA:44,0
DA:45,0
DA:47,0
DA:48,0
DA:51,0
DA:53,0
DA:54,0
DA:55,0
DA:56,0
DA:60,0
DA:61,0
DA:65,0
DA:66,0
DA:67,0
DA:69,0
DA:70,0
DA:71,0
DA:76,0
DA:77,0
DA:78,0
DA:79,0
DA:81,0
DA:82,0
DA:83,0
DA:88,0
DA:89,0
DA:90,0
DA:91,0
DA:96,0
DA:97,0
DA:98,0
DA:101,0
DA:102,0
DA:103,0
DA:104,0
DA:107,0
DA:108,0
DA:109,0
DA:110,0
DA:114,0
DA:115,0
DA:119,0
DA:120,0
DA:121,0
DA:122,0
DA:123,0
DA:124,0
DA:125,0
DA:126,0
DA:127,0
DA:129,0
DA:134,0
DA:135,0
DA:137,0
DA:138,0
DA:139,0
DA:141,0
DA:142,0
DA:145,0
DA:146,0
DA:150,0
DA:152,0
DA:153,0
DA:156,0
DA:157,0
DA:158,0
DA:161,0
DA:162,0
DA:163,0
DA:164,0
DA:169,0
DA:174,0
DA:175,0
DA:176,0
DA:177,0
DA:178,0
DA:200,0
DA:223,0
DA:224,0
DA:225,0
LF:92
LH:0
BRDA:53,0,0,0
BRDA:53,0,1,0
BRDA:60,1,0,0
BRDA:60,1,1,0
BRDA:60,2,0,0
BRDA:60,2,1,0
BRDA:69,3,0,0
BRDA:69,3,1,0
BRDA:82,4,0,0
BRDA:82,4,1,0
BRDA:90,5,0,0
BRDA:90,5,1,0
BRDA:90,6,0,0
BRDA:90,6,1,0
BRDA:120,7,0,0
BRDA:120,7,1,0
BRDA:126,8,0,0
BRDA:126,8,1,0
BRDA:135,9,0,0
BRDA:135,9,1,0
BRDA:161,10,0,0
BRDA:161,10,1,0
BRDA:169,11,0,0
BRDA:169,11,1,0
BRDA:169,12,0,0
BRDA:169,12,1,0
BRDA:177,13,0,0
BRDA:177,13,1,0
BRDA:209,14,0,0
BRDA:209,14,1,0
BRDA:214,15,0,0
BRDA:214,15,1,0
BRDA:215,16,0,0
BRDA:215,16,1,0
BRDA:223,17,0,0
BRDA:223,17,1,0
BRDA:223,18,0,0
BRDA:223,18,1,0
BRDA:257,19,0,0
BRDA:257,19,1,0
BRDA:265,20,0,0
BRDA:265,20,1,0
BRDA:265,20,2,0
BRDA:272,21,0,0
BRDA:272,21,1,0
BRDA:272,21,2,0
BRDA:272,21,3,0
BRDA:277,22,0,0
BRDA:277,22,1,0
BRDA:298,23,0,0
BRDA:298,23,1,0
BRDA:311,24,0,0
BRDA:311,24,1,0
BRDA:321,25,0,0
BRDA:321,25,1,0
BRF:55
BRH:0
end_of_record
TN:
SF:src\components\Modals\InfoModal.tsx
FN:16,InfoModal
FNF:1
FNH:0
FNDA:0,InfoModal
DA:17,0
LF:1
LH:0
BRF:0
BRH:0
end_of_record
TN:
SF:src\components\Modals\ProjectHistoryModal.tsx
FN:42,ProjectHistoryModal
FN:52,(anonymous_1)
FN:54,(anonymous_2)
FN:61,(anonymous_3)
FN:93,(anonymous_4)
FN:100,(anonymous_5)
FN:106,(anonymous_6)
FN:111,(anonymous_7)
FN:115,(anonymous_8)
FN:119,(anonymous_9)
FN:130,(anonymous_10)
FN:162,(anonymous_11)
FN:196,(anonymous_12)
FN:203,(anonymous_13)
FN:210,(anonymous_14)
FN:227,(anonymous_15)
FN:232,(anonymous_16)
FN:233,(anonymous_17)
FN:235,(anonymous_18)
FN:261,DetailsPanel
FN:303,DiffSummarySection
FN:323,(anonymous_21)
FN:329,(anonymous_22)
FN:379,TimelineItemCard
FN:393,(anonymous_24)
FN:435,(anonymous_25)
FN:446,(anonymous_26)
FN:463,formatTimestamp
FNF:28
FNH:0
FNDA:0,ProjectHistoryModal
FNDA:0,(anonymous_1)
FNDA:0,(anonymous_2)
FNDA:0,(anonymous_3)
FNDA:0,(anonymous_4)
FNDA:0,(anonymous_5)
FNDA:0,(anonymous_6)
FNDA:0,(anonymous_7)
FNDA:0,(anonymous_8)
FNDA:0,(anonymous_9)
FNDA:0,(anonymous_10)
FNDA:0,(anonymous_11)
FNDA:0,(anonymous_12)
FNDA:0,(anonymous_13)
FNDA:0,(anonymous_14)
FNDA:0,(anonymous_15)
FNDA:0,(anonymous_16)
FNDA:0,(anonymous_17)
FNDA:0,(anonymous_18)
FNDA:0,DetailsPanel
FNDA:0,DiffSummarySection
FNDA:0,(anonymous_21)
FNDA:0,(anonymous_22)
FNDA:0,TimelineItemCard
FNDA:0,(anonymous_24)
FNDA:0,(anonymous_25)
FNDA:0,(anonymous_26)
FNDA:0,formatTimestamp
DA:43,0
DA:44,0
DA:46,0
DA:47,0
DA:48,0
DA:49,0
DA:50,0
DA:52,0
DA:54,0
DA:55,0
DA:61,0
DA:69,0
DA:70,0
DA:71,0
DA:73,0
DA:78,0
DA:79,0
DA:80,0
DA:85,0
DA:86,0
DA:88,0
DA:93,0
DA:94,0
DA:95,0
DA:100,0
DA:101,0
DA:104,0
DA:105,0
DA:106,0
DA:109,0
DA:110,0
DA:111,0
DA:115,0
DA:119,0
DA:120,0
DA:123,0
DA:127,0
DA:130,0
DA:131,0
DA:133,0
DA:137,0
DA:138,0
DA:141,0
DA:142,0
DA:148,0
DA:150,0
DA:154,0
DA:155,0
DA:157,0
DA:158,0
DA:162,0
DA:163,0
DA:164,0
DA:167,0
DA:168,0
DA:169,0
DA:170,0
DA:171,0
DA:173,0
DA:174,0
DA:178,0
DA:196,0
DA:203,0
DA:210,0
DA:228,0
DA:232,0
DA:233,0
DA:235,0
DA:262,0
DA:263,0
DA:270,0
DA:305,0
DA:309,0
DA:323,0
DA:329,0
DA:386,0
DA:388,0
DA:394,0
DA:395,0
DA:396,0
DA:436,0
DA:437,0
DA:447,0
DA:448,0
DA:464,0
DA:465,0
DA:466,0
DA:468,0
DA:469,0
DA:470,0
DA:471,0
DA:473,0
LF:92
LH:0
BRDA:94,0,0,0
BRDA:94,0,1,0
BRDA:104,1,0,0
BRDA:104,1,1,0
BRDA:104,2,0,0
BRDA:104,2,1,0
BRDA:109,3,0,0
BRDA:109,3,1,0
BRDA:109,4,0,0
BRDA:109,4,1,0
BRDA:120,5,0,0
BRDA:120,5,1,0
BRDA:123,6,0,0
BRDA:123,6,1,0
BRDA:131,7,0,0
BRDA:131,7,1,0
BRDA:133,8,0,0
BRDA:133,8,1,0
BRDA:137,9,0,0
BRDA:137,9,1,0
BRDA:148,10,0,0
BRDA:148,10,1,0
BRDA:163,11,0,0
BRDA:163,11,1,0
BRDA:186,12,0,0
BRDA:186,12,1,0
BRDA:187,13,0,0
BRDA:187,13,1,0
BRDA:195,14,0,0
BRDA:195,14,1,0
BRDA:202,15,0,0
BRDA:202,15,1,0
BRDA:209,16,0,0
BRDA:209,16,1,0
BRDA:216,17,0,0
BRDA:216,17,1,0
BRDA:221,18,0,0
BRDA:221,18,1,0
BRDA:235,19,0,0
BRDA:235,19,1,0
BRDA:262,20,0,0
BRDA:262,20,1,0
BRDA:274,21,0,0
BRDA:274,21,1,0
BRDA:282,22,0,0
BRDA:282,22,1,0
BRDA:282,22,2,0
BRDA:290,23,0,0
BRDA:290,23,1,0
BRDA:305,24,0,0
BRDA:305,24,1,0
BRDA:305,24,2,0
BRDA:312,25,0,0
BRDA:312,25,1,0
BRDA:317,26,0,0
BRDA:317,26,1,0
BRDA:320,27,0,0
BRDA:320,27,1,0
BRDA:326,28,0,0
BRDA:326,28,1,0
BRDA:332,29,0,0
BRDA:332,29,1,0
BRDA:337,30,0,0
BRDA:337,30,1,0
BRDA:345,31,0,0
BRDA:345,31,1,0
BRDA:348,32,0,0
BRDA:348,32,1,0
BRDA:352,33,0,0
BRDA:352,33,1,0
BRDA:353,34,0,0
BRDA:353,34,1,0
BRDA:391,35,0,0
BRDA:391,35,1,0
BRDA:391,36,0,0
BRDA:391,36,1,0
BRDA:394,37,0,0
BRDA:394,37,1,0
BRDA:394,38,0,0
BRDA:394,38,1,0
BRDA:412,39,0,0
BRDA:412,39,1,0
BRDA:427,40,0,0
BRDA:427,40,1,0
BRDA:427,40,2,0
BRDA:442,41,0,0
BRDA:442,41,1,0
BRDA:468,42,0,0
BRDA:468,42,1,0
BRDA:469,43,0,0
BRDA:469,43,1,0
BRDA:470,44,0,0
BRDA:470,44,1,0
BRDA:471,45,0,0
BRDA:471,45,1,0
BRF:95
BRH:0
end_of_record
TN:
SF:src\components\Modals\SettingsModal.tsx
FN:25,SettingsModal
FN:32,(anonymous_1)
FN:34,(anonymous_2)
FN:42,(anonymous_3)
FN:53,(anonymous_4)
FN:56,(anonymous_5)
FN:60,(anonymous_6)
FN:65,(anonymous_7)
FN:83,(anonymous_8)
FN:124,(anonymous_9)
FNF:10
FNH:0
FNDA:0,SettingsModal
FNDA:0,(anonymous_1)
FNDA:0,(anonymous_2)
FNDA:0,(anonymous_3)
FNDA:0,(anonymous_4)
FNDA:0,(anonymous_5)
FNDA:0,(anonymous_6)
FNDA:0,(anonymous_7)
FNDA:0,(anonymous_8)
FNDA:0,(anonymous_9)
DA:26,0
DA:27,0
DA:28,0
DA:29,0
DA:32,0
DA:33,0
DA:34,0
DA:35,0
DA:36,0
DA:42,0
DA:43,0
DA:44,0
DA:45,0
DA:46,0
DA:48,0
DA:49,0
DA:53,0
DA:54,0
DA:55,0
DA:56,0
DA:60,0
DA:61,0
DA:62,0
DA:63,0
DA:64,0
DA:65,0
DA:69,0
DA:84,0
DA:124,0
LF:29
LH:0
BRDA:33,0,0,0
BRDA:33,0,1,0
BRDA:33,1,0,0
BRDA:33,1,1,0
BRDA:35,2,0,0
BRDA:35,2,1,0
BRDA:46,3,0,0
BRDA:46,3,1,0
BRDA:54,4,0,0
BRDA:54,4,1,0
BRDA:61,5,0,0
BRDA:61,5,1,0
BRDA:82,6,0,0
BRDA:82,6,1,0
BRDA:105,7,0,0
BRDA:105,7,1,0
BRDA:106,8,0,0
BRDA:106,8,1,0
BRDA:110,9,0,0
BRDA:110,9,1,0
BRDA:112,10,0,0
BRDA:112,10,1,0
BRDA:114,11,0,0
BRDA:114,11,1,0
BRF:24
BRH:0
end_of_record
TN:
SF:src\components\Modals\SnapshotRecoveryModal.tsx
FN:26,SnapshotRecoveryModal
FN:40,(anonymous_1)
FN:54,(anonymous_2)
FN:70,(anonymous_3)
FN:76,(anonymous_4)
FN:81,(anonymous_5)
FN:126,(anonymous_6)
FN:131,(anonymous_7)
FN:160,(anonymous_8)
FN:176,(anonymous_9)
FN:189,(anonymous_10)
FN:190,(anonymous_11)
FN:241,(anonymous_12)
FN:250,(anonymous_13)
FNF:14
FNH:0
FNDA:0,SnapshotRecoveryModal
FNDA:0,(anonymous_1)
FNDA:0,(anonymous_2)
FNDA:0,(anonymous_3)
FNDA:0,(anonymous_4)
FNDA:0,(anonymous_5)
FNDA:0,(anonymous_6)
FNDA:0,(anonymous_7)
FNDA:0,(anonymous_8)
FNDA:0,(anonymous_9)
FNDA:0,(anonymous_10)
FNDA:0,(anonymous_11)
FNDA:0,(anonymous_12)
FNDA:0,(anonymous_13)
DA:28,0
DA:30,0
DA:31,0
DA:33,0
DA:34,0
DA:35,0
DA:36,0
DA:37,0
DA:40,0
DA:41,0
DA:43,0
DA:44,0
DA:45,0
DA:47,0
DA:51,0
DA:54,0
DA:56,0
DA:58,0
DA:62,0
DA:63,0
DA:65,0
DA:70,0
DA:71,0
DA:72,0
DA:76,0
DA:77,0
DA:78,0
DA:81,0
DA:82,0
DA:84,0
DA:85,0
DA:86,0
DA:88,0
DA:94,0
DA:97,0
DA:98,0
DA:99,0
DA:100,0
DA:103,0
DA:110,0
DA:111,0
DA:113,0
DA:116,0
DA:117,0
DA:119,0
DA:120,0
DA:122,0
DA:126,0
DA:127,0
DA:128,0
DA:131,0
DA:132,0
DA:133,0
DA:134,0
DA:135,0
DA:136,0
DA:137,0
DA:140,0
DA:141,0
DA:142,0
DA:143,0
DA:144,0
DA:145,0
DA:146,0
DA:147,0
DA:151,0
DA:160,0
DA:161,0
DA:162,0
DA:163,0
DA:165,0
DA:168,0
DA:170,0
DA:177,0
DA:178,0
DA:179,0
DA:189,0
DA:191,0
DA:192,0
DA:193,0
DA:242,0
DA:250,0
LF:82
LH:0
BRDA:41,0,0,0
BRDA:41,0,1,0
BRDA:71,1,0,0
BRDA:71,1,1,0
BRDA:71,2,0,0
BRDA:71,2,1,0
BRDA:82,3,0,0
BRDA:82,3,1,0
BRDA:82,4,0,0
BRDA:82,4,1,0
BRDA:97,5,0,0
BRDA:97,5,1,0
BRDA:98,6,0,0
BRDA:98,6,1,0
BRDA:99,7,0,0
BRDA:99,7,1,0
BRDA:140,8,0,0
BRDA:140,8,1,0
BRDA:142,9,0,0
BRDA:142,9,1,0
BRDA:143,10,0,0
BRDA:143,10,1,0
BRDA:144,11,0,0
BRDA:144,11,1,0
BRDA:145,12,0,0
BRDA:145,12,1,0
BRDA:146,13,0,0
BRDA:146,13,1,0
BRDA:147,14,0,0
BRDA:147,14,1,0
BRDA:154,15,0,0
BRDA:154,15,1,0
BRDA:162,16,0,0
BRDA:162,16,1,0
BRDA:163,17,0,0
BRDA:163,17,1,0
BRDA:165,18,0,0
BRDA:165,18,1,0
BRDA:168,19,0,0
BRDA:168,19,1,0
BRDA:177,20,0,0
BRDA:177,20,1,0
BRDA:177,21,0,0
BRDA:177,21,1,0
BRDA:177,21,2,0
BRDA:191,22,0,0
BRDA:191,22,1,0
BRDA:191,23,0,0
BRDA:191,23,1,0
BRDA:191,23,2,0
BRDA:209,24,0,0
BRDA:209,24,1,0
BRDA:209,24,2,0
BRDA:216,25,0,0
BRDA:216,25,1,0
BRDA:225,26,0,0
BRDA:225,26,1,0
BRDA:225,26,2,0
BRDA:234,27,0,0
BRDA:234,27,1,0
BRDA:234,27,2,0
BRDA:234,27,3,0
BRDA:237,28,0,0
BRDA:237,28,1,0
BRDA:260,29,0,0
BRDA:260,29,1,0
BRDA:260,29,2,0
BRDA:285,30,0,0
BRDA:285,30,1,0
BRF:69
BRH:0
end_of_record
TN:
SF:src\components\Modals\SyncDetailsModal.tsx
FN:40,SyncDetailsModal
FN:53,(anonymous_1)
FN:71,(anonymous_2)
FN:77,(anonymous_3)
FN:92,(anonymous_4)
FN:106,(anonymous_5)
FN:128,(anonymous_6)
FN:136,(anonymous_7)
FN:149,(anonymous_8)
FN:280,formatTimeSince
FNF:10
FNH:0
FNDA:0,SyncDetailsModal
FNDA:0,(anonymous_1)
FNDA:0,(anonymous_2)
FNDA:0,(anonymous_3)
FNDA:0,(anonymous_4)
FNDA:0,(anonymous_5)
FNDA:0,(anonymous_6)
FNDA:0,(anonymous_7)
FNDA:0,(anonymous_8)
FNDA:0,formatTimeSince
DA:26,0
DA:41,0
DA:43,0
DA:44,0
DA:45,0
DA:46,0
DA:53,0
DA:54,0
DA:55,0
DA:56,0
DA:57,0
DA:59,0
DA:66,0
DA:71,0
DA:72,0
DA:73,0
DA:77,0
DA:78,0
DA:79,0
DA:80,0
DA:81,0
DA:82,0
DA:85,0
DA:86,0
DA:88,0
DA:92,0
DA:93,0
DA:94,0
DA:95,0
DA:96,0
DA:97,0
DA:99,0
DA:100,0
DA:102,0
DA:106,0
DA:107,0
DA:112,0
DA:115,0
DA:116,0
DA:117,0
DA:118,0
DA:119,0
DA:121,0
DA:122,0
DA:124,0
DA:128,0
DA:129,0
DA:130,0
DA:131,0
DA:132,0
DA:133,0
DA:136,0
DA:137,0
DA:139,0
DA:141,0
DA:143,0
DA:145,0
DA:149,0
DA:150,0
DA:152,0
DA:154,0
DA:156,0
DA:158,0
DA:160,0
DA:162,0
DA:166,0
DA:281,0
DA:283,0
DA:284,0
DA:287,0
DA:288,0
DA:289,0
DA:292,0
DA:293,0
DA:294,0
DA:297,0
DA:298,0
LF:77
LH:0
BRDA:63,0,0,0
BRDA:63,0,1,0
BRDA:72,1,0,0
BRDA:72,1,1,0
BRDA:72,2,0,0
BRDA:72,2,1,0
BRDA:81,3,0,0
BRDA:81,3,1,0
BRDA:107,4,0,0
BRDA:107,4,1,0
BRDA:129,5,0,0
BRDA:129,5,1,0
BRDA:137,6,0,0
BRDA:137,6,1,0
BRDA:137,6,2,0
BRDA:137,6,3,0
BRDA:150,7,0,0
BRDA:150,7,1,0
BRDA:150,7,2,0
BRDA:150,7,3,0
BRDA:150,7,4,0
BRDA:150,7,5,0
BRDA:183,8,0,0
BRDA:183,8,1,0
BRDA:197,9,0,0
BRDA:197,9,1,0
BRDA:206,10,0,0
BRDA:206,10,1,0
BRDA:206,10,2,0
BRDA:223,11,0,0
BRDA:223,11,1,0
BRDA:242,12,0,0
BRDA:242,12,1,0
BRDA:283,13,0,0
BRDA:283,13,1,0
BRDA:288,14,0,0
BRDA:288,14,1,0
BRDA:289,15,0,0
BRDA:289,15,1,0
BRDA:293,16,0,0
BRDA:293,16,1,0
BRDA:294,17,0,0
BRDA:294,17,1,0
BRDA:298,18,0,0
BRDA:298,18,1,0
BRF:45
BRH:0
end_of_record
TN:
SF:src\components\Modals\TabConflictModal.tsx
FN:17,TabConflictModal
FN:31,(anonymous_1)
FN:42,(anonymous_2)
FN:43,(anonymous_3)
FNF:4
FNH:0
FNDA:0,TabConflictModal
FNDA:0,(anonymous_1)
FNDA:0,(anonymous_2)
FNDA:0,(anonymous_3)
DA:23,0
DA:25,0
DA:32,0
DA:33,0
DA:42,0
DA:45,0
LF:6
LH:0
BRDA:23,0,0,0
BRDA:23,0,1,0
BRDA:32,1,0,0
BRDA:32,1,1,0
BRDA:32,2,0,0
BRDA:32,2,1,0
BRDA:59,3,0,0
BRDA:59,3,1,0
BRF:8
BRH:0
end_of_record
TN:
SF:src\components\Shared\Assets\AssetContextMenu.tsx
FN:40,AssetContextMenu
FN:53,(anonymous_1)
FN:54,(anonymous_2)
FN:60,(anonymous_3)
FN:68,(anonymous_4)
FN:75,(anonymous_5)
FN:93,(anonymous_6)
FN:98,(anonymous_7)
FN:103,(anonymous_8)
FN:108,(anonymous_9)
FNF:10
FNH:0
FNDA:0,AssetContextMenu
FNDA:0,(anonymous_1)
FNDA:0,(anonymous_2)
FNDA:0,(anonymous_3)
FNDA:0,(anonymous_4)
FNDA:0,(anonymous_5)
FNDA:0,(anonymous_6)
FNDA:0,(anonymous_7)
FNDA:0,(anonymous_8)
FNDA:0,(anonymous_9)
DA:50,0
DA:53,0
DA:54,0
DA:55,0
DA:56,0
DA:60,0
DA:61,0
DA:62,0
DA:66,0
DA:67,0
DA:68,0
DA:69,0
DA:70,0
DA:75,0
DA:76,0
DA:77,0
DA:78,0
DA:79,0
DA:80,0
DA:83,0
DA:84,0
DA:88,0
DA:89,0
DA:93,0
DA:94,0
DA:95,0
DA:98,0
DA:99,0
DA:100,0
DA:103,0
DA:104,0
DA:105,0
DA:108,0
DA:109,0
DA:110,0
DA:113,0
LF:36
LH:0
BRDA:43,0,0,0
BRDA:55,1,0,0
BRDA:55,1,1,0
BRDA:55,2,0,0
BRDA:55,2,1,0
BRDA:61,3,0,0
BRDA:61,3,1,0
BRDA:76,4,0,0
BRDA:76,4,1,0
BRDA:83,5,0,0
BRDA:83,5,1,0
BRDA:88,6,0,0
BRDA:88,6,1,0
BRDA:122,7,0,0
BRDA:122,7,1,0
BRDA:136,8,0,0
BRDA:136,8,1,0
BRDA:144,9,0,0
BRDA:144,9,1,0
BRDA:152,10,0,0
BRDA:152,10,1,0
BRDA:155,11,0,0
BRDA:155,11,1,0
BRF:23
BRH:0
end_of_record
TN:
SF:src\components\Shared\Assets\AssetPreviewPanel.tsx
FN:48,formatFileSize
FN:55,formatDimensions
FN:64,AssetPreviewPanel
FN:79,(anonymous_3)
FN:88,(anonymous_4)
FN:95,(anonymous_5)
FN:119,(anonymous_6)
FN:181,(anonymous_7)
FN:188,(anonymous_8)
FN:205,(anonymous_9)
FN:227,(anonymous_10)
FNF:11
FNH:0
FNDA:0,formatFileSize
FNDA:0,formatDimensions
FNDA:0,AssetPreviewPanel
FNDA:0,(anonymous_3)
FNDA:0,(anonymous_4)
FNDA:0,(anonymous_5)
FNDA:0,(anonymous_6)
FNDA:0,(anonymous_7)
FNDA:0,(anonymous_8)
FNDA:0,(anonymous_9)
FNDA:0,(anonymous_10)
DA:49,0
DA:50,0
DA:51,0
DA:52,0
DA:56,0
DA:57,0
DA:76,0
DA:79,0
DA:80,0
DA:81,0
DA:82,0
DA:83,0
DA:84,0
DA:88,0
DA:89,0
DA:90,0
DA:91,0
DA:95,0
DA:96,0
DA:97,0
DA:102,0
DA:103,0
DA:113,0
DA:114,0
DA:115,0
DA:116,0
DA:119,0
DA:121,0
DA:182,0
DA:188,0
DA:205,0
DA:227,0
LF:32
LH:0
BRDA:49,0,0,0
BRDA:49,0,1,0
BRDA:50,1,0,0
BRDA:50,1,1,0
BRDA:51,2,0,0
BRDA:51,2,1,0
BRDA:56,3,0,0
BRDA:56,3,1,0
BRDA:56,4,0,0
BRDA:56,4,1,0
BRDA:67,5,0,0
BRDA:68,6,0,0
BRDA:80,7,0,0
BRDA:80,7,1,0
BRDA:82,8,0,0
BRDA:82,8,1,0
BRDA:82,9,0,0
BRDA:82,9,1,0
BRDA:89,10,0,0
BRDA:89,10,1,0
BRDA:96,11,0,0
BRDA:96,11,1,0
BRDA:96,12,0,0
BRDA:96,12,1,0
BRDA:102,13,0,0
BRDA:102,13,1,0
BRDA:114,14,0,0
BRDA:114,14,1,0
BRDA:115,15,0,0
BRDA:115,15,1,0
BRDA:119,16,0,0
BRDA:119,16,1,0
BRDA:126,17,0,0
BRDA:126,17,1,0
BRDA:127,18,0,0
BRDA:127,18,1,0
BRDA:132,19,0,0
BRDA:132,19,1,0
BRDA:132,19,2,0
BRDA:142,20,0,0
BRDA:142,20,1,0
BRDA:162,21,0,0
BRDA:162,21,1,0
BRDA:175,22,0,0
BRDA:175,22,1,0
BRDA:184,23,0,0
BRDA:184,23,1,0
BRDA:199,24,0,0
BRDA:199,24,1,0
BRDA:223,25,0,0
BRDA:223,25,1,0
BRDA:226,26,0,0
BRDA:226,26,1,0
BRDA:229,27,0,0
BRDA:229,27,1,0
BRDA:236,28,0,0
BRDA:236,28,1,0
BRDA:241,29,0,0
BRDA:241,29,1,0
BRF:59
BRH:0
end_of_record
TN:
SF:src\components\Shared\Assets\AssetThumbnail.tsx
FN:63,formatFileSize
FN:73,AssetThumbnail
FN:94,(anonymous_2)
FN:100,(anonymous_3)
FN:107,(anonymous_4)
FN:116,(anonymous_5)
FN:124,(anonymous_6)
FN:131,(anonymous_7)
FN:140,(anonymous_8)
FN:143,(anonymous_9)
FN:153,(anonymous_10)
FN:161,(anonymous_11)
FN:170,(anonymous_12)
FN:179,(anonymous_13)
FN:209,(anonymous_14)
FN:210,(anonymous_15)
FN:211,(anonymous_16)
FNF:17
FNH:0
FNDA:0,formatFileSize
FNDA:0,AssetThumbnail
FNDA:0,(anonymous_2)
FNDA:0,(anonymous_3)
FNDA:0,(anonymous_4)
FNDA:0,(anonymous_5)
FNDA:0,(anonymous_6)
FNDA:0,(anonymous_7)
FNDA:0,(anonymous_8)
FNDA:0,(anonymous_9)
FNDA:0,(anonymous_10)
FNDA:0,(anonymous_11)
FNDA:0,(anonymous_12)
FNDA:0,(anonymous_13)
FNDA:0,(anonymous_14)
FNDA:0,(anonymous_15)
FNDA:0,(anonymous_16)
DA:19,0
DA:64,0
DA:65,0
DA:66,0
DA:87,0
DA:88,0
DA:91,0
DA:94,0
DA:95,0
DA:96,0
DA:100,0
DA:101,0
DA:102,0
DA:107,0
DA:108,0
DA:109,0
DA:110,0
DA:111,0
DA:116,0
DA:117,0
DA:121,0
DA:124,0
DA:125,0
DA:127,0
DA:128,0
DA:131,0
DA:135,0
DA:136,0
DA:140,0
DA:143,0
DA:149,0
DA:150,0
DA:153,0
DA:157,0
DA:158,0
DA:161,0
DA:165,0
DA:166,0
DA:170,0
DA:174,0
DA:175,0
DA:179,0
DA:183,0
DA:187,0
DA:197,0
DA:199,0
DA:200,0
DA:202,0
DA:209,0
DA:210,0
DA:212,0
DA:213,0
DA:214,0
LF:53
LH:0
BRDA:64,0,0,0
BRDA:64,0,1,0
BRDA:65,1,0,0
BRDA:65,1,1,0
BRDA:75,2,0,0
BRDA:83,3,0,0
BRDA:84,4,0,0
BRDA:85,5,0,0
BRDA:101,6,0,0
BRDA:101,6,1,0
BRDA:101,7,0,0
BRDA:101,7,1,0
BRDA:110,8,0,0
BRDA:110,8,1,0
BRDA:127,9,0,0
BRDA:127,9,1,0
BRDA:135,10,0,0
BRDA:135,10,1,0
BRDA:149,11,0,0
BRDA:149,11,1,0
BRDA:157,12,0,0
BRDA:157,12,1,0
BRDA:165,13,0,0
BRDA:165,13,1,0
BRDA:165,14,0,0
BRDA:165,14,1,0
BRDA:174,15,0,0
BRDA:174,15,1,0
BRDA:189,16,0,0
BRDA:189,16,1,0
BRDA:190,17,0,0
BRDA:190,17,1,0
BRDA:191,18,0,0
BRDA:191,18,1,0
BRDA:199,19,0,0
BRDA:199,19,1,0
BRDA:200,20,0,0
BRDA:200,20,1,0
BRDA:212,21,0,0
BRDA:212,21,1,0
BRDA:212,22,0,0
BRDA:212,22,1,0
BRDA:212,22,2,0
BRDA:219,23,0,0
BRDA:219,23,1,0
BRDA:223,24,0,0
BRDA:223,24,1,0
BRDA:238,25,0,0
BRDA:238,25,1,0
BRDA:252,26,0,0
BRDA:252,26,1,0
BRDA:271,27,0,0
BRDA:271,27,1,0
BRDA:272,28,0,0
BRDA:272,28,1,0
BRDA:274,29,0,0
BRDA:274,29,1,0
BRF:57
BRH:0
end_of_record
TN:
SF:src\components\Shared\Assets\BatchOperationsBar.tsx
FN:45,BatchOperationsBar
FN:62,(anonymous_1)
FN:65,(anonymous_2)
FN:72,(anonymous_3)
FN:75,(anonymous_4)
FN:80,(anonymous_5)
FN:88,(anonymous_6)
FN:128,(anonymous_7)
FN:141,(anonymous_8)
FN:147,(anonymous_9)
FN:152,(anonymous_10)
FN:168,(anonymous_11)
FNF:12
FNH:0
FNDA:0,BatchOperationsBar
FNDA:0,(anonymous_1)
FNDA:0,(anonymous_2)
FNDA:0,(anonymous_3)
FNDA:0,(anonymous_4)
FNDA:0,(anonymous_5)
FNDA:0,(anonymous_6)
FNDA:0,(anonymous_7)
FNDA:0,(anonymous_8)
FNDA:0,(anonymous_9)
FNDA:0,(anonymous_10)
FNDA:0,(anonymous_11)
DA:57,0
DA:58,0
DA:59,0
DA:62,0
DA:63,0
DA:65,0
DA:66,0
DA:67,0
DA:71,0
DA:72,0
DA:75,0
DA:76,0
DA:77,0
DA:80,0
DA:81,0
DA:82,0
DA:83,0
DA:84,0
DA:88,0
DA:89,0
DA:90,0
DA:91,0
DA:96,0
DA:98,0
DA:128,0
DA:141,0
DA:148,0
DA:152,0
DA:168,0
LF:29
LH:0
BRDA:54,0,0,0
BRDA:63,1,0,0
BRDA:63,1,1,0
BRDA:66,2,0,0
BRDA:66,2,1,0
BRDA:66,3,0,0
BRDA:66,3,1,0
BRDA:82,4,0,0
BRDA:82,4,1,0
BRDA:89,5,0,0
BRDA:89,5,1,0
BRDA:96,6,0,0
BRDA:96,6,1,0
BRDA:99,7,0,0
BRDA:99,7,1,0
BRDA:104,8,0,0
BRDA:104,8,1,0
BRDA:115,9,0,0
BRDA:115,9,1,0
BRDA:117,10,0,0
BRDA:117,10,1,0
BRDA:119,11,0,0
BRDA:119,11,1,0
BRDA:120,12,0,0
BRDA:120,12,1,0
BRDA:136,13,0,0
BRDA:136,13,1,0
BRDA:146,14,0,0
BRDA:146,14,1,0
BRF:29
BRH:0
end_of_record
TN:
SF:src\components\Shared\Assets\DraggableAsset.tsx
FN:40,DraggableAsset
FN:63,(anonymous_1)
FNF:2
FNH:0
FNDA:0,DraggableAsset
FNDA:0,(anonymous_1)
DA:48,0
DA:53,0
DA:59,0
DA:60,0
DA:61,0
DA:63,0
DA:64,0
DA:65,0
DA:68,0
LF:9
LH:0
BRDA:45,0,0,0
BRDA:53,1,0,0
BRDA:53,1,1,0
BRDA:60,2,0,0
BRDA:60,2,1,0
BRDA:71,3,0,0
BRDA:71,3,1,0
BRDA:71,4,0,0
BRDA:71,4,1,0
BRDA:74,5,0,0
BRDA:74,5,1,0
BRDA:75,6,0,0
BRDA:75,6,1,0
BRDA:85,7,0,0
BRDA:85,7,1,0
BRDA:93,8,0,0
BRDA:93,8,1,0
BRF:17
BRH:0
end_of_record
TN:
SF:src\components\Shared\Assets\DroppableFolder.tsx
FN:42,DroppableFolder
FN:75,(anonymous_1)
FNF:2
FNH:0
FNDA:0,DroppableFolder
FNDA:0,(anonymous_1)
DA:53,0
DA:65,0
DA:70,0
DA:72,0
DA:75,0
DA:76,0
DA:77,0
DA:80,0
LF:8
LH:0
BRDA:48,0,0,0
BRDA:49,1,0,0
BRDA:50,2,0,0
BRDA:67,3,0,0
BRDA:67,3,1,0
BRDA:70,4,0,0
BRDA:70,4,1,0
BRDA:70,4,2,0
BRDA:72,5,0,0
BRDA:72,5,1,0
BRDA:86,6,0,0
BRDA:86,6,1,0
BRDA:87,7,0,0
BRDA:87,7,1,0
BRDA:88,8,0,0
BRDA:88,8,1,0
BRDA:92,9,0,0
BRDA:92,9,1,0
BRDA:92,10,0,0
BRDA:92,10,1,0
BRDA:93,11,0,0
BRDA:93,11,1,0
BRDA:93,12,0,0
BRDA:93,12,1,0
BRDA:97,13,0,0
BRDA:97,13,1,0
BRF:26
BRH:0
end_of_record
TN:
SF:src\components\Shared\Assets\FolderNavigationGrid.tsx
FN:81,FolderNavigationGrid
FN:101,(anonymous_1)
FN:107,(anonymous_2)
FN:119,(anonymous_3)
FN:124,(anonymous_4)
FN:130,(anonymous_5)
FN:135,(anonymous_6)
FN:146,(anonymous_7)
FN:180,(anonymous_8)
FN:188,(anonymous_9)
FN:194,(anonymous_10)
FN:211,(anonymous_11)
FN:216,(anonymous_12)
FN:221,(anonymous_13)
FN:233,(anonymous_14)
FN:241,(anonymous_15)
FN:257,(anonymous_16)
FN:300,(anonymous_17)
FN:329,(anonymous_18)
FN:344,(anonymous_19)
FN:348,(anonymous_20)
FN:360,(anonymous_21)
FN:382,(anonymous_22)
FN:391,(anonymous_23)
FN:399,(anonymous_24)
FN:404,(anonymous_25)
FN:405,(anonymous_26)
FNF:27
FNH:0
FNDA:0,FolderNavigationGrid
FNDA:0,(anonymous_1)
FNDA:0,(anonymous_2)
FNDA:0,(anonymous_3)
FNDA:0,(anonymous_4)
FNDA:0,(anonymous_5)
FNDA:0,(anonymous_6)
FNDA:0,(anonymous_7)
FNDA:0,(anonymous_8)
FNDA:0,(anonymous_9)
FNDA:0,(anonymous_10)
FNDA:0,(anonymous_11)
FNDA:0,(anonymous_12)
FNDA:0,(anonymous_13)
FNDA:0,(anonymous_14)
FNDA:0,(anonymous_15)
FNDA:0,(anonymous_16)
FNDA:0,(anonymous_17)
FNDA:0,(anonymous_18)
FNDA:0,(anonymous_19)
FNDA:0,(anonymous_20)
FNDA:0,(anonymous_21)
FNDA:0,(anonymous_22)
FNDA:0,(anonymous_23)
FNDA:0,(anonymous_24)
FNDA:0,(anonymous_25)
FNDA:0,(anonymous_26)
DA:101,0
DA:102,0
DA:103,0
DA:107,0
DA:108,0
DA:109,0
DA:110,0
DA:113,0
DA:114,0
DA:115,0
DA:116,0
DA:119,0
DA:120,0
DA:124,0
DA:125,0
DA:130,0
DA:131,0
DA:133,0
DA:135,0
DA:136,0
DA:138,0
DA:141,0
DA:146,0
DA:147,0
DA:150,0
DA:152,0
DA:153,0
DA:155,0
DA:157,0
DA:158,0
DA:160,0
DA:164,0
DA:165,0
DA:166,0
DA:168,0
DA:169,0
DA:170,0
DA:176,0
DA:180,0
DA:181,0
DA:182,0
DA:184,0
DA:188,0
DA:189,0
DA:190,0
DA:194,0
DA:195,0
DA:196,0
DA:197,0
DA:198,0
DA:202,0
DA:211,0
DA:212,0
DA:216,0
DA:217,0
DA:221,0
DA:222,0
DA:225,0
DA:226,0
DA:227,0
DA:228,0
DA:229,0
DA:233,0
DA:234,0
DA:235,0
DA:236,0
DA:241,0
DA:242,0
DA:243,0
DA:244,0
DA:245,0
DA:246,0
DA:247,0
DA:249,0
DA:252,0
DA:257,0
DA:258,0
DA:259,0
DA:261,0
DA:262,0
DA:263,0
DA:265,0
DA:267,0
DA:268,0
DA:271,0
DA:272,0
DA:274,0
DA:276,0
DA:279,0
DA:280,0
DA:282,0
DA:283,0
DA:286,0
DA:290,0
DA:292,0
DA:293,0
DA:294,0
DA:295,0
DA:300,0
DA:301,0
DA:302,0
DA:305,0
DA:329,0
DA:344,0
DA:349,0
DA:350,0
DA:351,0
DA:360,0
DA:383,0
DA:384,0
DA:391,0
DA:400,0
DA:404,0
DA:405,0
LF:114
LH:0
BRDA:91,0,0,0
BRDA:92,1,0,0
BRDA:102,2,0,0
BRDA:102,2,1,0
BRDA:108,3,0,0
BRDA:108,3,1,0
BRDA:109,4,0,0
BRDA:109,4,1,0
BRDA:131,5,0,0
BRDA:131,5,1,0
BRDA:136,6,0,0
BRDA:136,6,1,0
BRDA:147,7,0,0
BRDA:147,7,1,0
BRDA:153,8,0,0
BRDA:153,8,1,0
BRDA:155,9,0,0
BRDA:155,9,1,0
BRDA:165,10,0,0
BRDA:165,10,1,0
BRDA:169,11,0,0
BRDA:169,11,1,0
BRDA:181,12,0,0
BRDA:181,12,1,0
BRDA:195,13,0,0
BRDA:195,13,1,0
BRDA:197,14,0,0
BRDA:197,14,1,0
BRDA:225,15,0,0
BRDA:225,15,1,0
BRDA:234,16,0,0
BRDA:234,16,1,0
BRDA:242,17,0,0
BRDA:242,17,1,0
BRDA:244,18,0,0
BRDA:244,18,1,0
BRDA:246,19,0,0
BRDA:246,19,1,0
BRDA:265,20,0,0
BRDA:265,20,1,0
BRDA:271,21,0,0
BRDA:271,21,1,0
BRDA:271,22,0,0
BRDA:271,22,1,0
BRDA:274,23,0,0
BRDA:274,23,1,0
BRDA:279,24,0,0
BRDA:279,24,1,0
BRDA:282,25,0,0
BRDA:282,25,1,0
BRDA:282,26,0,0
BRDA:282,26,1,0
BRDA:290,27,0,0
BRDA:290,27,1,0
BRDA:293,28,0,0
BRDA:293,28,1,0
BRDA:302,29,0,0
BRDA:302,29,1,0
BRDA:318,30,0,0
BRDA:318,30,1,0
BRDA:328,31,0,0
BRDA:328,31,1,0
BRDA:339,32,0,0
BRDA:339,32,1,0
BRDA:354,33,0,0
BRDA:354,33,1,0
BRDA:381,34,0,0
BRDA:381,34,1,0
BRDA:390,35,0,0
BRDA:390,35,1,0
BRDA:392,36,0,0
BRDA:392,36,1,0
BRDA:406,37,0,0
BRDA:406,37,1,0
BRDA:413,38,0,0
BRDA:413,38,1,0
BRDA:413,38,2,0
BRDA:413,38,3,0
BRDA:423,39,0,0
BRDA:423,39,1,0
BRDA:426,40,0,0
BRDA:426,40,1,0
BRDA:433,41,0,0
BRDA:433,41,1,0
BRDA:441,42,0,0
BRDA:441,42,1,0
BRDA:445,43,0,0
BRDA:445,43,1,0
BRF:88
BRH:0
end_of_record
TN:
SF:src\components\Shared\Assets\FolderSidebar.tsx
FN:92,FolderSidebar
FN:120,(anonymous_1)
FN:128,(anonymous_2)
FN:135,(anonymous_3)
FN:138,(anonymous_4)
FN:144,(anonymous_5)
FN:152,(anonymous_6)
FN:159,(anonymous_7)
FN:182,(anonymous_8)
FN:193,(anonymous_9)
FN:194,(anonymous_10)
FN:206,(anonymous_11)
FN:213,(anonymous_12)
FN:221,(anonymous_13)
FN:243,(anonymous_14)
FN:254,(anonymous_15)
FN:260,(anonymous_16)
FN:265,(anonymous_17)
FN:274,(anonymous_18)
FN:286,(anonymous_19)
FN:297,(anonymous_20)
FN:302,(anonymous_21)
FN:307,(anonymous_22)
FN:313,(anonymous_23)
FN:324,(anonymous_24)
FN:334,(anonymous_25)
FN:349,(anonymous_26)
FN:377,(anonymous_27)
FN:393,(anonymous_28)
FN:403,(anonymous_29)
FN:411,(anonymous_30)
FN:421,(anonymous_31)
FN:422,(anonymous_32)
FN:442,(anonymous_33)
FN:464,(anonymous_34)
FN:469,(anonymous_35)
FN:485,(anonymous_36)
FN:507,(anonymous_37)
FN:512,(anonymous_38)
FN:528,(anonymous_39)
FN:551,(anonymous_40)
FN:556,(anonymous_41)
FN:586,(anonymous_42)
FN:595,(anonymous_43)
FNF:44
FNH:0
FNDA:0,FolderSidebar
FNDA:0,(anonymous_1)
FNDA:0,(anonymous_2)
FNDA:0,(anonymous_3)
FNDA:0,(anonymous_4)
FNDA:0,(anonymous_5)
FNDA:0,(anonymous_6)
FNDA:0,(anonymous_7)
FNDA:0,(anonymous_8)
FNDA:0,(anonymous_9)
FNDA:0,(anonymous_10)
FNDA:0,(anonymous_11)
FNDA:0,(anonymous_12)
FNDA:0,(anonymous_13)
FNDA:0,(anonymous_14)
FNDA:0,(anonymous_15)
FNDA:0,(anonymous_16)
FNDA:0,(anonymous_17)
FNDA:0,(anonymous_18)
FNDA:0,(anonymous_19)
FNDA:0,(anonymous_20)
FNDA:0,(anonymous_21)
FNDA:0,(anonymous_22)
FNDA:0,(anonymous_23)
FNDA:0,(anonymous_24)
FNDA:0,(anonymous_25)
FNDA:0,(anonymous_26)
FNDA:0,(anonymous_27)
FNDA:0,(anonymous_28)
FNDA:0,(anonymous_29)
FNDA:0,(anonymous_30)
FNDA:0,(anonymous_31)
FNDA:0,(anonymous_32)
FNDA:0,(anonymous_33)
FNDA:0,(anonymous_34)
FNDA:0,(anonymous_35)
FNDA:0,(anonymous_36)
FNDA:0,(anonymous_37)
FNDA:0,(anonymous_38)
FNDA:0,(anonymous_39)
FNDA:0,(anonymous_40)
FNDA:0,(anonymous_41)
FNDA:0,(anonymous_42)
FNDA:0,(anonymous_43)
DA:32,0
DA:109,0
DA:110,0
DA:111,0
DA:112,0
DA:113,0
DA:114,0
DA:115,0
DA:116,0
DA:117,0
DA:120,0
DA:121,0
DA:122,0
DA:123,0
DA:128,0
DA:129,0
DA:130,0
DA:135,0
DA:136,0
DA:138,0
DA:139,0
DA:140,0
DA:144,0
DA:145,0
DA:146,0
DA:150,0
DA:151,0
DA:152,0
DA:153,0
DA:154,0
DA:159,0
DA:161,0
DA:162,0
DA:164,0
DA:165,0
DA:166,0
DA:172,0
DA:173,0
DA:174,0
DA:175,0
DA:180,0
DA:182,0
DA:190,0
DA:193,0
DA:194,0
DA:195,0
DA:196,0
DA:197,0
DA:199,0
DA:201,0
DA:206,0
DA:207,0
DA:208,0
DA:209,0
DA:210,0
DA:213,0
DA:214,0
DA:215,0
DA:217,0
DA:218,0
DA:221,0
DA:222,0
DA:223,0
DA:224,0
DA:225,0
DA:226,0
DA:230,0
DA:231,0
DA:233,0
DA:235,0
DA:236,0
DA:237,0
DA:239,0
DA:240,0
DA:243,0
DA:244,0
DA:245,0
DA:246,0
DA:247,0
DA:248,0
DA:249,0
DA:250,0
DA:254,0
DA:255,0
DA:256,0
DA:260,0
DA:261,0
DA:262,0
DA:265,0
DA:266,0
DA:267,0
DA:268,0
DA:270,0
DA:271,0
DA:274,0
DA:275,0
DA:276,0
DA:277,0
DA:278,0
DA:279,0
DA:280,0
DA:281,0
DA:286,0
DA:287,0
DA:288,0
DA:289,0
DA:291,0
DA:293,0
DA:297,0
DA:298,0
DA:299,0
DA:302,0
DA:303,0
DA:304,0
DA:307,0
DA:308,0
DA:309,0
DA:313,0
DA:314,0
DA:315,0
DA:316,0
DA:318,0
DA:320,0
DA:324,0
DA:325,0
DA:326,0
DA:327,0
DA:329,0
DA:331,0
DA:334,0
DA:336,0
DA:349,0
DA:377,0
DA:393,0
DA:404,0
DA:411,0
DA:421,0
DA:422,0
DA:442,0
DA:465,0
DA:469,0
DA:485,0
DA:508,0
DA:512,0
DA:528,0
DA:552,0
DA:556,0
DA:586,0
DA:595,0
LF:149
LH:0
BRDA:93,0,0,0
BRDA:103,1,0,0
BRDA:106,2,0,0
BRDA:121,3,0,0
BRDA:121,3,1,0
BRDA:121,4,0,0
BRDA:121,4,1,0
BRDA:129,5,0,0
BRDA:129,5,1,0
BRDA:129,6,0,0
BRDA:129,6,1,0
BRDA:136,7,0,0
BRDA:136,7,1,0
BRDA:139,8,0,0
BRDA:139,8,1,0
BRDA:139,9,0,0
BRDA:139,9,1,0
BRDA:145,10,0,0
BRDA:145,10,1,0
BRDA:172,11,0,0
BRDA:172,11,1,0
BRDA:184,12,0,0
BRDA:184,12,1,0
BRDA:196,13,0,0
BRDA:196,13,1,0
BRDA:207,14,0,0
BRDA:207,14,1,0
BRDA:207,15,0,0
BRDA:207,15,1,0
BRDA:223,16,0,0
BRDA:223,16,1,0
BRDA:223,17,0,0
BRDA:223,17,1,0
BRDA:233,18,0,0
BRDA:233,18,1,0
BRDA:244,19,0,0
BRDA:244,19,1,0
BRDA:247,20,0,0
BRDA:247,20,1,0
BRDA:267,21,0,0
BRDA:267,21,1,0
BRDA:267,22,0,0
BRDA:267,22,1,0
BRDA:275,23,0,0
BRDA:275,23,1,0
BRDA:278,24,0,0
BRDA:278,24,1,0
BRDA:288,25,0,0
BRDA:288,25,1,0
BRDA:315,26,0,0
BRDA:315,26,1,0
BRDA:326,27,0,0
BRDA:326,27,1,0
BRDA:338,28,0,0
BRDA:338,28,1,0
BRDA:352,29,0,0
BRDA:352,29,1,0
BRDA:355,30,0,0
BRDA:355,30,1,0
BRDA:355,30,2,0
BRDA:367,31,0,0
BRDA:367,31,1,0
BRDA:375,32,0,0
BRDA:375,32,1,0
BRDA:385,33,0,0
BRDA:385,33,1,0
BRDA:405,34,0,0
BRDA:405,34,1,0
BRDA:420,35,0,0
BRDA:420,35,1,0
BRDA:426,36,0,0
BRDA:426,36,1,0
BRDA:445,37,0,0
BRDA:445,37,1,0
BRDA:447,38,0,0
BRDA:447,38,1,0
BRDA:451,39,0,0
BRDA:451,39,1,0
BRDA:451,39,2,0
BRDA:462,40,0,0
BRDA:462,40,1,0
BRDA:468,41,0,0
BRDA:468,41,1,0
BRDA:488,42,0,0
BRDA:488,42,1,0
BRDA:490,43,0,0
BRDA:490,43,1,0
BRDA:494,44,0,0
BRDA:494,44,1,0
BRDA:494,44,2,0
BRDA:505,45,0,0
BRDA:505,45,1,0
BRDA:511,46,0,0
BRDA:511,46,1,0
BRDA:531,47,0,0
BRDA:531,47,1,0
BRDA:533,48,0,0
BRDA:533,48,1,0
BRDA:537,49,0,0
BRDA:537,49,1,0
BRDA:537,49,2,0
BRDA:548,50,0,0
BRDA:548,50,1,0
BRDA:555,51,0,0
BRDA:555,51,1,0
BRDA:564,52,0,0
BRDA:564,52,1,0
BRDA:575,53,0,0
BRDA:575,53,1,0
BRDA:582,54,0,0
BRDA:582,54,1,0
BRDA:591,55,0,0
BRDA:591,55,1,0
BRF:113
BRH:0
end_of_record
TN:
SF:src\components\Shared\Assets\QuickFilterBar.tsx
FN:53,QuickFilterBar
FN:69,(anonymous_1)
FN:146,(anonymous_2)
FN:160,(anonymous_3)
FNF:4
FNH:0
FNDA:0,QuickFilterBar
FNDA:0,(anonymous_1)
FNDA:0,(anonymous_2)
FNDA:0,(anonymous_3)
DA:69,0
DA:70,0
DA:74,0
DA:76,0
DA:146,0
DA:160,0
LF:6
LH:0
BRDA:56,0,0,0
BRDA:57,1,0,0
BRDA:64,2,0,0
BRDA:65,3,0,0
BRDA:74,4,0,0
BRDA:74,4,1,0
BRDA:74,4,2,0
BRDA:81,5,0,0
BRDA:81,5,1,0
BRDA:81,5,2,0
BRDA:88,6,0,0
BRDA:88,6,1,0
BRDA:91,7,0,0
BRDA:91,7,1,0
BRDA:99,8,0,0
BRDA:99,8,1,0
BRDA:102,9,0,0
BRDA:102,9,1,0
BRDA:112,10,0,0
BRDA:112,10,1,0
BRDA:112,10,2,0
BRDA:129,11,0,0
BRDA:129,11,1,0
BRDA:132,12,0,0
BRDA:132,12,1,0
BRDA:137,13,0,0
BRDA:137,13,1,0
BRDA:164,14,0,0
BRDA:164,14,1,0
BRF:29
BRH:0
end_of_record
TN:
SF:src\components\Shared\Assets\SaveAsNewProjectButton.tsx
FN:24,SaveAsNewProjectButton
FN:33,(anonymous_1)
FN:40,(anonymous_2)
FN:45,(anonymous_3)
FN:51,(anonymous_4)
FN:86,(anonymous_5)
FN:96,(anonymous_6)
FN:98,(anonymous_7)
FN:114,(anonymous_8)
FNF:9
FNH:0
FNDA:0,SaveAsNewProjectButton
FNDA:0,(anonymous_1)
FNDA:0,(anonymous_2)
FNDA:0,(anonymous_3)
FNDA:0,(anonymous_4)
FNDA:0,(anonymous_5)
FNDA:0,(anonymous_6)
FNDA:0,(anonymous_7)
FNDA:0,(anonymous_8)
DA:25,0
DA:26,0
DA:27,0
DA:28,0
DA:29,0
DA:30,0
DA:33,0
DA:34,0
DA:35,0
DA:36,0
DA:40,0
DA:41,0
DA:42,0
DA:45,0
DA:46,0
DA:48,0
DA:51,0
DA:52,0
DA:55,0
DA:56,0
DA:57,0
DA:60,0
DA:61,0
DA:62,0
DA:67,0
DA:69,0
DA:72,0
DA:73,0
DA:76,0
DA:77,0
DA:80,0
DA:82,0
DA:86,0
DA:87,0
DA:88,0
DA:89,0
DA:90,0
DA:91,0
DA:92,0
DA:96,0
DA:98,0
DA:99,0
DA:100,0
DA:106,0
DA:107,0
DA:114,0
DA:136,0
LF:47
LH:0
BRDA:34,0,0,0
BRDA:34,0,1,0
BRDA:34,1,0,0
BRDA:34,1,1,0
BRDA:48,2,0,0
BRDA:48,2,1,0
BRDA:55,3,0,0
BRDA:55,3,1,0
BRDA:76,4,0,0
BRDA:76,4,1,0
BRDA:87,5,0,0
BRDA:87,5,1,0
BRDA:90,6,0,0
BRDA:90,6,1,0
BRDA:99,7,0,0
BRDA:99,7,1,0
BRDA:106,8,0,0
BRDA:106,8,1,0
BRDA:145,9,0,0
BRDA:145,9,1,0
BRDA:146,10,0,0
BRDA:146,10,1,0
BRF:22
BRH:0
end_of_record
TN:
SF:src\components\Shared\Assets\VirtualAssetGrid.tsx
FN:60,AssetGridItem
FN:72,(anonymous_1)
FN:76,(anonymous_2)
FN:83,(anonymous_3)
FN:106,(anonymous_4)
FN:131,VirtualAssetGrid
FN:156,(anonymous_6)
FN:201,(anonymous_7)
FN:216,(anonymous_8)
FN:249,(anonymous_9)
FN:264,(anonymous_10)
FN:270,(anonymous_11)
FN:271,(anonymous_12)
FN:272,(anonymous_13)
FN:276,(anonymous_14)
FNF:15
FNH:0
FNDA:0,AssetGridItem
FNDA:0,(anonymous_1)
FNDA:0,(anonymous_2)
FNDA:0,(anonymous_3)
FNDA:0,(anonymous_4)
FNDA:0,VirtualAssetGrid
FNDA:0,(anonymous_6)
FNDA:0,(anonymous_7)
FNDA:0,(anonymous_8)
FNDA:0,(anonymous_9)
FNDA:0,(anonymous_10)
FNDA:0,(anonymous_11)
FNDA:0,(anonymous_12)
FNDA:0,(anonymous_13)
FNDA:0,(anonymous_14)
DA:68,0
DA:69,0
DA:70,0
DA:72,0
DA:73,0
DA:76,0
DA:77,0
DA:78,0
DA:79,0
DA:83,0
DA:84,0
DA:85,0
DA:88,0
DA:106,0
DA:144,0
DA:145,0
DA:147,0
DA:156,0
DA:157,0
DA:158,0
DA:161,0
DA:163,0
DA:165,0
DA:166,0
DA:167,0
DA:170,0
DA:172,0
DA:174,0
DA:175,0
DA:176,0
DA:177,0
DA:178,0
DA:179,0
DA:182,0
DA:184,0
DA:185,0
DA:187,0
DA:189,0
DA:192,0
DA:193,0
DA:194,0
DA:197,0
DA:201,0
DA:202,0
DA:203,0
DA:205,0
DA:206,0
DA:207,0
DA:209,0
DA:211,0
DA:212,0
DA:216,0
DA:217,0
DA:221,0
DA:222,0
DA:232,0
DA:233,0
DA:244,0
DA:246,0
DA:250,0
DA:251,0
DA:265,0
DA:270,0
DA:271,0
DA:272,0
DA:277,0
LF:66
LH:0
BRDA:69,0,0,0
BRDA:69,0,1,0
BRDA:73,1,0,0
BRDA:73,1,1,0
BRDA:77,2,0,0
BRDA:77,2,1,0
BRDA:77,3,0,0
BRDA:77,3,1,0
BRDA:79,4,0,0
BRDA:79,4,1,0
BRDA:91,5,0,0
BRDA:91,5,1,0
BRDA:96,6,0,0
BRDA:96,6,1,0
BRDA:99,7,0,0
BRDA:99,7,1,0
BRDA:107,8,0,0
BRDA:107,8,1,0
BRDA:111,9,0,0
BRDA:111,9,1,0
BRDA:113,10,0,0
BRDA:113,10,1,0
BRDA:114,11,0,0
BRDA:114,11,1,0
BRDA:118,12,0,0
BRDA:118,12,1,0
BRDA:120,13,0,0
BRDA:120,13,1,0
BRDA:121,14,0,0
BRDA:121,14,1,0
BRDA:137,15,0,0
BRDA:138,16,0,0
BRDA:139,17,0,0
BRDA:140,18,0,0
BRDA:158,19,0,0
BRDA:158,19,1,0
BRDA:163,20,0,0
BRDA:163,20,1,0
BRDA:172,21,0,0
BRDA:172,21,1,0
BRDA:172,22,0,0
BRDA:172,22,1,0
BRDA:178,23,0,0
BRDA:178,23,1,0
BRDA:182,24,0,0
BRDA:182,24,1,0
BRDA:184,25,0,0
BRDA:184,25,1,0
BRDA:203,26,0,0
BRDA:203,26,1,0
BRDA:206,27,0,0
BRDA:206,27,1,0
BRDA:221,28,0,0
BRDA:221,28,1,0
BRDA:232,29,0,0
BRDA:232,29,1,0
BRDA:238,30,0,0
BRDA:238,30,1,0
BRF:58
BRH:0
end_of_record
TN:
SF:src\components\Shared\Controls\CanvasSlider.tsx
FN:53,drawSliderToggle
FN:87,CanvasSlider
FN:106,(anonymous_2)
FN:114,(anonymous_3)
FN:124,(anonymous_4)
FN:129,(anonymous_5)
FN:142,(anonymous_6)
FN:151,(anonymous_7)
FN:154,(anonymous_8)
FN:159,(anonymous_9)
FN:166,(anonymous_10)
FN:173,(anonymous_11)
FNF:12
FNH:0
FNDA:0,drawSliderToggle
FNDA:0,CanvasSlider
FNDA:0,(anonymous_2)
FNDA:0,(anonymous_3)
FNDA:0,(anonymous_4)
FNDA:0,(anonymous_5)
FNDA:0,(anonymous_6)
FNDA:0,(anonymous_7)
FNDA:0,(anonymous_8)
FNDA:0,(anonymous_9)
FNDA:0,(anonymous_10)
FNDA:0,(anonymous_11)
DA:54,0
DA:55,0
DA:56,0
DA:57,0
DA:60,0
DA:65,0
DA:66,0
DA:69,0
DA:70,0
DA:71,0
DA:72,0
DA:73,0
DA:76,0
DA:77,0
DA:78,0
DA:79,0
DA:80,0
DA:99,0
DA:100,0
DA:103,0
DA:106,0
DA:107,0
DA:108,0
DA:110,0
DA:111,0
DA:114,0
DA:116,0
DA:117,0
DA:120,0
DA:121,0
DA:124,0
DA:128,0
DA:130,0
DA:131,0
DA:133,0
DA:134,0
DA:135,0
DA:136,0
DA:142,0
DA:143,0
DA:144,0
DA:145,0
DA:146,0
DA:147,0
DA:151,0
DA:152,0
DA:154,0
DA:155,0
DA:156,0
DA:159,0
DA:160,0
DA:163,0
DA:164,0
DA:166,0
DA:167,0
DA:168,0
DA:173,0
DA:174,0
DA:176,0
DA:177,0
DA:179,0
DA:182,0
DA:183,0
DA:186,0
DA:187,0
DA:189,0
DA:190,0
DA:192,0
DA:193,0
DA:195,0
DA:198,0
DA:199,0
DA:202,0
DA:206,0
LF:74
LH:0
BRDA:90,0,0,0
BRDA:91,1,0,0
BRDA:92,2,0,0
BRDA:93,3,0,0
BRDA:97,4,0,0
BRDA:108,5,0,0
BRDA:108,5,1,0
BRDA:111,6,0,0
BRDA:111,6,1,0
BRDA:131,7,0,0
BRDA:131,7,1,0
BRDA:143,8,0,0
BRDA:143,8,1,0
BRDA:152,9,0,0
BRDA:152,9,1,0
BRDA:174,10,0,0
BRDA:174,10,1,0
BRDA:179,11,0,0
BRDA:179,11,1,0
BRDA:179,11,2,0
BRDA:179,11,3,0
BRDA:179,11,4,0
BRDA:179,11,5,0
BRDA:179,11,6,0
BRDA:202,12,0,0
BRDA:202,12,1,0
BRDA:215,13,0,0
BRDA:215,13,1,0
BRDA:222,14,0,0
BRDA:222,14,1,0
BRDA:222,15,0,0
BRDA:222,15,1,0
BRF:32
BRH:0
end_of_record
TN:
SF:src\components\Shared\Controls\DrawerTokenTabs.tsx
FN:41,DrawerTokenTabs
FN:44,(anonymous_1)
FN:46,(anonymous_2)
FN:60,(anonymous_3)
FNF:4
FNH:0
FNDA:0,DrawerTokenTabs
FNDA:0,(anonymous_1)
FNDA:0,(anonymous_2)
FNDA:0,(anonymous_3)
DA:42,0
DA:45,0
DA:47,0
DA:60,0
LF:4
LH:0
BRDA:49,0,0,0
BRDA:49,0,1,0
BRDA:49,0,2,0
BRDA:59,1,0,0
BRDA:59,1,1,0
BRDA:45,2,0,0
BRDA:45,2,1,0
BRF:7
BRH:0
end_of_record
TN:
SF:src\components\Shared\Controls\EditableSlider.tsx
FN:48,EditableSlider
FN:70,(anonymous_1)
FN:74,(anonymous_2)
FN:80,(anonymous_3)
FN:90,(anonymous_4)
FN:100,(anonymous_5)
FN:105,(anonymous_6)
FN:149,(anonymous_7)
FNF:8
FNH:0
FNDA:0,EditableSlider
FNDA:0,(anonymous_1)
FNDA:0,(anonymous_2)
FNDA:0,(anonymous_3)
FNDA:0,(anonymous_4)
FNDA:0,(anonymous_5)
FNDA:0,(anonymous_6)
FNDA:0,(anonymous_7)
DA:62,0
DA:63,0
DA:64,0
DA:67,0
DA:70,0
DA:71,0
DA:74,0
DA:75,0
DA:76,0
DA:80,0
DA:81,0
DA:82,0
DA:83,0
DA:84,0
DA:85,0
DA:90,0
DA:91,0
DA:92,0
DA:93,0
DA:94,0
DA:95,0
DA:100,0
DA:101,0
DA:105,0
DA:106,0
DA:107,0
DA:111,0
DA:112,0
DA:114,0
DA:149,0
LF:30
LH:0
BRDA:53,0,0,0
BRDA:54,1,0,0
BRDA:57,2,0,0
BRDA:67,3,0,0
BRDA:67,3,1,0
BRDA:67,4,0,0
BRDA:67,4,1,0
BRDA:71,5,0,0
BRDA:71,5,1,0
BRDA:83,6,0,0
BRDA:83,6,1,0
BRDA:91,7,0,0
BRDA:91,7,1,0
BRDA:93,8,0,0
BRDA:93,8,1,0
BRDA:106,9,0,0
BRDA:106,9,1,0
BRDA:112,10,0,0
BRDA:112,10,1,0
BRDA:115,11,0,0
BRDA:115,11,1,0
BRDA:115,12,0,0
BRDA:115,12,1,0
BRDA:117,13,0,0
BRDA:117,13,1,0
BRDA:120,14,0,0
BRDA:120,14,1,0
BRDA:121,15,0,0
BRDA:121,15,1,0
BRDA:122,16,0,0
BRDA:122,16,1,0
BRDA:123,17,0,0
BRDA:123,17,1,0
BRDA:126,18,0,0
BRDA:126,18,1,0
BRDA:140,19,0,0
BRDA:140,19,1,0
BRDA:148,20,0,0
BRDA:148,20,1,0
BRF:39
BRH:0
end_of_record
TN:
SF:src\components\Shared\Controls\FileDropzone.tsx
FN:50,FileDropzone
FN:74,(anonymous_1)
FN:76,(anonymous_2)
FN:77,(anonymous_3)
FN:92,(anonymous_4)
FN:99,(anonymous_5)
FNF:6
FNH:0
FNDA:0,FileDropzone
FNDA:0,(anonymous_1)
FNDA:0,(anonymous_2)
FNDA:0,(anonymous_3)
FNDA:0,(anonymous_4)
FNDA:0,(anonymous_5)
DA:65,0
DA:68,0
DA:75,0
DA:76,0
DA:77,0
DA:78,0
DA:79,0
DA:86,0
DA:88,0
DA:89,0
DA:92,0
DA:93,0
DA:94,0
DA:99,0
DA:100,0
DA:101,0
DA:102,0
DA:107,0
DA:119,0
LF:19
LH:0
BRDA:55,0,0,0
BRDA:58,1,0,0
BRDA:61,2,0,0
BRDA:62,3,0,0
BRDA:76,4,0,0
BRDA:76,4,1,0
BRDA:78,5,0,0
BRDA:78,5,1,0
BRDA:88,6,0,0
BRDA:88,6,1,0
BRDA:89,7,0,0
BRDA:89,7,1,0
BRDA:93,8,0,0
BRDA:93,8,1,0
BRDA:93,9,0,0
BRDA:93,9,1,0
BRDA:100,10,0,0
BRDA:100,10,1,0
BRDA:100,11,0,0
BRDA:100,11,1,0
BRDA:100,11,2,0
BRDA:100,11,3,0
BRDA:109,12,0,0
BRDA:109,12,1,0
BRDA:110,13,0,0
BRDA:110,13,1,0
BRDA:111,14,0,0
BRDA:111,14,1,0
BRDA:112,15,0,0
BRDA:112,15,1,0
BRDA:113,16,0,0
BRDA:113,16,1,0
BRDA:126,17,0,0
BRDA:126,17,1,0
BRDA:128,18,0,0
BRDA:128,18,1,0
BRDA:133,19,0,0
BRDA:133,19,1,0
BRDA:155,20,0,0
BRDA:155,20,1,0
BRDA:158,21,0,0
BRDA:158,21,1,0
BRDA:158,22,0,0
BRDA:158,22,1,0
BRDA:165,23,0,0
BRDA:165,23,1,0
BRF:46
BRH:0
end_of_record
TN:
SF:src\components\Shared\Controls\IconUploader.tsx
FN:32,(anonymous_0)
FN:34,IconUploader
FN:50,(anonymous_2)
FN:53,(anonymous_3)
FN:67,(anonymous_4)
FN:82,(anonymous_5)
FN:87,(anonymous_6)
FN:99,(anonymous_7)
FN:113,(anonymous_8)
FN:121,(anonymous_9)
FN:126,(anonymous_10)
FN:134,(anonymous_11)
FN:141,(anonymous_12)
FN:148,(anonymous_13)
FN:177,(anonymous_14)
FN:239,(anonymous_15)
FNF:16
FNH:0
FNDA:0,(anonymous_0)
FNDA:0,IconUploader
FNDA:0,(anonymous_2)
FNDA:0,(anonymous_3)
FNDA:0,(anonymous_4)
FNDA:0,(anonymous_5)
FNDA:0,(anonymous_6)
FNDA:0,(anonymous_7)
FNDA:0,(anonymous_8)
FNDA:0,(anonymous_9)
FNDA:0,(anonymous_10)
FNDA:0,(anonymous_11)
FNDA:0,(anonymous_12)
FNDA:0,(anonymous_13)
FNDA:0,(anonymous_14)
FNDA:0,(anonymous_15)
DA:30,0
DA:31,0
DA:32,0
DA:44,0
DA:45,0
DA:46,0
DA:47,0
DA:50,0
DA:52,0
DA:53,0
DA:54,0
DA:58,0
DA:59,0
DA:60,0
DA:63,0
DA:67,0
DA:68,0
DA:69,0
DA:71,0
DA:73,0
DA:74,0
DA:75,0
DA:76,0
DA:77,0
DA:81,0
DA:82,0
DA:83,0
DA:84,0
DA:85,0
DA:87,0
DA:88,0
DA:89,0
DA:91,0
DA:93,0
DA:94,0
DA:99,0
DA:100,0
DA:101,0
DA:102,0
DA:104,0
DA:106,0
DA:107,0
DA:108,0
DA:113,0
DA:114,0
DA:115,0
DA:116,0
DA:121,0
DA:122,0
DA:123,0
DA:126,0
DA:127,0
DA:128,0
DA:129,0
DA:130,0
DA:134,0
DA:135,0
DA:136,0
DA:137,0
DA:141,0
DA:142,0
DA:143,0
DA:148,0
DA:149,0
DA:150,0
DA:151,0
DA:152,0
DA:153,0
DA:157,0
DA:159,0
DA:178,0
DA:179,0
DA:180,0
DA:239,0
LF:74
LH:0
BRDA:37,0,0,0
BRDA:39,1,0,0
BRDA:40,2,0,0
BRDA:41,3,0,0
BRDA:42,4,0,0
BRDA:52,5,0,0
BRDA:52,5,1,0
BRDA:59,6,0,0
BRDA:59,6,1,0
BRDA:74,7,0,0
BRDA:74,7,1,0
BRDA:104,8,0,0
BRDA:104,8,1,0
BRDA:107,9,0,0
BRDA:107,9,1,0
BRDA:115,10,0,0
BRDA:115,10,1,0
BRDA:115,11,0,0
BRDA:115,11,1,0
BRDA:129,12,0,0
BRDA:129,12,1,0
BRDA:142,13,0,0
BRDA:142,13,1,0
BRDA:152,14,0,0
BRDA:152,14,1,0
BRDA:161,15,0,0
BRDA:161,15,1,0
BRDA:169,16,0,0
BRDA:169,16,1,0
BRDA:170,17,0,0
BRDA:170,17,1,0
BRDA:171,18,0,0
BRDA:171,18,1,0
BRDA:171,19,0,0
BRDA:171,19,1,0
BRDA:178,20,0,0
BRDA:178,20,1,0
BRDA:178,21,0,0
BRDA:178,21,1,0
BRDA:178,21,2,0
BRDA:183,22,0,0
BRDA:183,22,1,0
BRDA:185,23,0,0
BRDA:185,23,1,0
BRDA:198,24,0,0
BRDA:198,24,1,0
BRDA:203,25,0,0
BRDA:203,25,1,0
BRDA:207,26,0,0
BRDA:207,26,1,0
BRDA:210,27,0,0
BRDA:210,27,1,0
BRDA:210,27,2,0
BRDA:246,28,0,0
BRDA:246,28,1,0
BRF:55
BRH:0
end_of_record
TN:
SF:src\components\Shared\Controls\ImageSelector.tsx
FN:17,ImageSelector
FN:42,(anonymous_1)
FN:51,(anonymous_2)
FN:62,(anonymous_3)
FNF:4
FNH:0
FNDA:0,ImageSelector
FNDA:0,(anonymous_1)
FNDA:0,(anonymous_2)
FNDA:0,(anonymous_3)
DA:27,0
DA:29,0
DA:42,0
DA:52,0
DA:62,0
LF:5
LH:0
BRDA:21,0,0,0
BRDA:22,1,0,0
BRDA:23,2,0,0
BRDA:24,3,0,0
BRDA:25,4,0,0
BRDA:27,5,0,0
BRDA:27,5,1,0
BRDA:32,6,0,0
BRDA:32,6,1,0
BRDA:34,7,0,0
BRDA:34,7,1,0
BRDA:54,8,0,0
BRDA:54,8,1,0
BRDA:67,9,0,0
BRDA:67,9,1,0
BRDA:72,10,0,0
BRDA:72,10,1,0
BRDA:74,11,0,0
BRDA:74,11,1,0
BRDA:81,12,0,0
BRDA:81,12,1,0
BRF:21
BRH:0
end_of_record
TN:
SF:src\components\Shared\Controls\MeasurementSlider.tsx
FN:59,MeasurementSlider
FN:72,(anonymous_1)
FN:79,(anonymous_2)
FNF:3
FNH:0
FNDA:0,MeasurementSlider
FNDA:0,(anonymous_1)
FNDA:0,(anonymous_2)
DA:69,0
DA:72,0
DA:73,0
DA:74,0
DA:75,0
DA:79,0
DA:80,0
DA:81,0
DA:85,0
DA:87,0
LF:10
LH:0
BRDA:97,0,0,0
BRDA:97,0,1,0
BRF:2
BRH:0
end_of_record
TN:
SF:src\components\Shared\Controls\SettingsLinkToggle.tsx
FN:36,(anonymous_0)
FN:54,(anonymous_1)
FN:70,SettingsLinkToggle
FN:78,(anonymous_3)
FN:84,(anonymous_4)
FNF:5
FNH:0
FNDA:0,(anonymous_0)
FNDA:0,(anonymous_1)
FNDA:0,SettingsLinkToggle
FNDA:0,(anonymous_3)
FNDA:0,(anonymous_4)
DA:36,0
DA:37,0
DA:54,0
DA:55,0
DA:78,0
DA:79,0
DA:80,0
DA:84,0
DA:85,0
DA:86,0
DA:87,0
DA:92,0
DA:94,0
LF:13
LH:0
BRDA:73,0,0,0
BRDA:75,1,0,0
BRDA:76,2,0,0
BRDA:79,3,0,0
BRDA:79,3,1,0
BRDA:85,4,0,0
BRDA:85,4,1,0
BRDA:85,5,0,0
BRDA:85,5,1,0
BRDA:85,5,2,0
BRDA:92,6,0,0
BRDA:92,6,1,0
BRDA:92,7,0,0
BRDA:92,7,1,0
BRDA:97,8,0,0
BRDA:97,8,1,0
BRDA:97,9,0,0
BRDA:97,9,1,0
BRDA:105,10,0,0
BRDA:105,10,1,0
BRF:20
BRH:0
end_of_record
TN:
SF:src\components\Shared\Downloads\DownloadsDrawer.tsx
FN:24,createBundledZip
FN:43,executeDownloadsFallback
FN:52,DownloadItemCard
FN:90,DownloadsDrawer
FN:102,(anonymous_4)
FN:107,(anonymous_5)
FN:112,(anonymous_6)
FN:128,(anonymous_7)
FN:136,(anonymous_8)
FN:142,(anonymous_9)
FN:144,(anonymous_10)
FN:151,(anonymous_11)
FN:151,(anonymous_12)
FN:160,(anonymous_13)
FN:163,(anonymous_14)
FN:170,(anonymous_15)
FN:173,(anonymous_16)
FN:233,(anonymous_17)
FN:238,(anonymous_18)
FNF:19
FNH:0
FNDA:0,createBundledZip
FNDA:0,executeDownloadsFallback
FNDA:0,DownloadItemCard
FNDA:0,DownloadsDrawer
FNDA:0,(anonymous_4)
FNDA:0,(anonymous_5)
FNDA:0,(anonymous_6)
FNDA:0,(anonymous_7)
FNDA:0,(anonymous_8)
FNDA:0,(anonymous_9)
FNDA:0,(anonymous_10)
FNDA:0,(anonymous_11)
FNDA:0,(anonymous_12)
FNDA:0,(anonymous_13)
FNDA:0,(anonymous_14)
FNDA:0,(anonymous_15)
FNDA:0,(anonymous_16)
FNDA:0,(anonymous_17)
FNDA:0,(anonymous_18)
DA:25,0
DA:27,0
DA:28,0
DA:29,0
DA:30,0
DA:31,0
DA:32,0
DA:37,0
DA:44,0
DA:45,0
DA:61,0
DA:91,0
DA:94,0
DA:95,0
DA:96,0
DA:99,0
DA:102,0
DA:103,0
DA:104,0
DA:107,0
DA:108,0
DA:110,0
DA:111,0
DA:112,0
DA:114,0
DA:116,0
DA:117,0
DA:118,0
DA:120,0
DA:123,0
DA:128,0
DA:129,0
DA:130,0
DA:131,0
DA:136,0
DA:137,0
DA:138,0
DA:142,0
DA:143,0
DA:144,0
DA:145,0
DA:150,0
DA:151,0
DA:152,0
DA:153,0
DA:160,0
DA:161,0
DA:163,0
DA:164,0
DA:165,0
DA:169,0
DA:170,0
DA:173,0
DA:174,0
DA:178,0
DA:181,0
DA:234,0
DA:238,0
DA:271,0
LF:59
LH:0
BRDA:29,0,0,0
BRDA:29,0,1,0
BRDA:30,1,0,0
BRDA:30,1,1,0
BRDA:64,2,0,0
BRDA:64,2,1,0
BRDA:64,3,0,0
BRDA:64,3,1,0
BRDA:66,4,0,0
BRDA:66,4,1,0
BRDA:67,5,0,0
BRDA:67,5,1,0
BRDA:73,6,0,0
BRDA:73,6,1,0
BRDA:77,7,0,0
BRDA:77,7,1,0
BRDA:108,8,0,0
BRDA:108,8,1,0
BRDA:108,9,0,0
BRDA:108,9,1,0
BRDA:114,10,0,0
BRDA:114,10,1,0
BRDA:116,11,0,0
BRDA:116,11,1,0
BRDA:129,12,0,0
BRDA:129,12,1,0
BRDA:152,13,0,0
BRDA:152,13,1,0
BRDA:161,14,0,0
BRDA:161,14,1,0
BRDA:164,15,0,0
BRDA:164,15,1,0
BRDA:178,16,0,0
BRDA:178,16,1,0
BRDA:183,17,0,0
BRDA:183,17,1,0
BRDA:190,18,0,0
BRDA:190,18,1,0
BRDA:195,19,0,0
BRDA:195,19,1,0
BRDA:209,20,0,0
BRDA:209,20,1,0
BRDA:215,21,0,0
BRDA:215,21,1,0
BRDA:243,22,0,0
BRDA:243,22,1,0
BRDA:246,23,0,0
BRDA:246,23,1,0
BRDA:246,24,0,0
BRDA:246,24,1,0
BRDA:248,25,0,0
BRDA:248,25,1,0
BRDA:254,26,0,0
BRDA:254,26,1,0
BRDA:258,27,0,0
BRDA:258,27,1,0
BRF:56
BRH:0
end_of_record
TN:
SF:src\components\Shared\Drawer\AdditionalTokensDrawer.tsx
FN:27,countActiveJinxes
FN:28,(anonymous_1)
FN:47,AdditionalTokensDrawer
FN:72,(anonymous_3)
FN:76,(anonymous_4)
FN:80,(anonymous_5)
FN:84,(anonymous_6)
FN:88,(anonymous_7)
FN:92,(anonymous_8)
FN:96,(anonymous_9)
FN:100,(anonymous_10)
FNF:11
FNH:0
FNDA:0,countActiveJinxes
FNDA:0,(anonymous_1)
FNDA:0,AdditionalTokensDrawer
FNDA:0,(anonymous_3)
FNDA:0,(anonymous_4)
FNDA:0,(anonymous_5)
FNDA:0,(anonymous_6)
FNDA:0,(anonymous_7)
FNDA:0,(anonymous_8)
FNDA:0,(anonymous_9)
FNDA:0,(anonymous_10)
DA:28,0
DA:29,0
DA:30,0
DA:32,0
DA:33,0
DA:34,0
DA:35,0
DA:36,0
DA:37,0
DA:38,0
DA:39,0
DA:44,0
DA:57,0
DA:58,0
DA:59,0
DA:60,0
DA:63,0
DA:64,0
DA:67,0
DA:68,0
DA:69,0
DA:72,0
DA:73,0
DA:76,0
DA:77,0
DA:80,0
DA:81,0
DA:84,0
DA:85,0
DA:88,0
DA:89,0
DA:92,0
DA:93,0
DA:96,0
DA:97,0
DA:100,0
DA:101,0
DA:104,0
LF:38
LH:0
BRDA:33,0,0,0
BRDA:33,0,1,0
BRDA:35,1,0,0
BRDA:35,1,1,0
BRDA:37,2,0,0
BRDA:37,2,1,0
BRDA:58,3,0,0
BRDA:58,3,1,0
BRDA:59,4,0,0
BRDA:59,4,1,0
BRDA:60,5,0,0
BRDA:60,5,1,0
BRDA:63,6,0,0
BRDA:63,6,1,0
BRDA:69,7,0,0
BRDA:69,7,1,0
BRDA:158,8,0,0
BRDA:158,8,1,0
BRDA:160,9,0,0
BRDA:160,9,1,0
BRF:20
BRH:0
end_of_record
TN:
SF:src\components\Shared\Drawer\BackgroundDrawer.tsx
FN:42,BackgroundDrawer
FN:78,(anonymous_1)
FNF:2
FNH:0
FNDA:0,BackgroundDrawer
FNDA:0,(anonymous_1)
DA:55,0
DA:75,0
DA:78,0
DA:82,0
LF:4
LH:0
BRDA:50,0,0,0
BRDA:51,1,0,0
BRDA:61,2,0,0
BRDA:61,2,1,0
BRF:4
BRH:0
end_of_record
TN:
SF:src\components\Shared\Drawer\DecorativesDrawer.tsx
FN:28,DecorativesDrawer
FNF:1
FNH:0
FNDA:0,DecorativesDrawer
DA:36,0
LF:1
LH:0
BRDA:34,0,0,0
BRF:1
BRH:0
end_of_record
TN:
SF:src\components\Shared\Drawer\FontDrawer.tsx
FN:46,FontDrawer
FN:100,(anonymous_1)
FNF:2
FNH:0
FNDA:0,FontDrawer
FNDA:0,(anonymous_1)
DA:61,0
DA:97,0
DA:100,0
DA:104,0
LF:4
LH:0
BRDA:54,0,0,0
BRDA:55,1,0,0
BRDA:57,2,0,0
BRDA:68,3,0,0
BRDA:68,3,1,0
BRDA:82,4,0,0
BRDA:82,4,1,0
BRF:7
BRH:0
end_of_record
TN:
SF:src\components\Shared\Drawer\IconDrawer.tsx
FN:41,IconDrawer
FN:77,(anonymous_1)
FNF:2
FNH:0
FNDA:0,IconDrawer
FNDA:0,(anonymous_1)
DA:54,0
DA:74,0
DA:77,0
DA:81,0
LF:4
LH:0
BRDA:49,0,0,0
BRDA:50,1,0,0
BRDA:60,2,0,0
BRDA:60,2,1,0
BRF:4
BRH:0
end_of_record
TN:
SF:src\components\Shared\Drawer\OfficialCharacterDrawer.tsx
FN:77,groupByTeam
FN:79,(anonymous_1)
FN:80,(anonymous_2)
FN:100,CharacterRow
FN:147,TeamSection
FN:160,(anonymous_5)
FN:176,(anonymous_6)
FN:182,(anonymous_7)
FN:195,OfficialCharacterDrawer
FN:218,(anonymous_9)
FN:218,(anonymous_10)
FN:246,(anonymous_11)
FN:251,loadCharacters
FN:269,(anonymous_13)
FN:278,(anonymous_14)
FN:282,(anonymous_15)
FN:287,(anonymous_16)
FN:291,(anonymous_17)
FN:296,(anonymous_18)
FN:296,(anonymous_19)
FN:326,(anonymous_20)
FN:352,(anonymous_21)
FN:353,(anonymous_22)
FN:365,(anonymous_23)
FN:367,(anonymous_24)
FN:370,(anonymous_25)
FN:425,(anonymous_26)
FN:439,(anonymous_27)
FN:449,(anonymous_28)
FN:452,(anonymous_29)
FN:498,(anonymous_30)
FN:507,(anonymous_31)
FNF:32
FNH:0
FNDA:0,groupByTeam
FNDA:0,(anonymous_1)
FNDA:0,(anonymous_2)
FNDA:0,CharacterRow
FNDA:0,TeamSection
FNDA:0,(anonymous_5)
FNDA:0,(anonymous_6)
FNDA:0,(anonymous_7)
FNDA:0,OfficialCharacterDrawer
FNDA:0,(anonymous_9)
FNDA:0,(anonymous_10)
FNDA:0,(anonymous_11)
FNDA:0,loadCharacters
FNDA:0,(anonymous_13)
FNDA:0,(anonymous_14)
FNDA:0,(anonymous_15)
FNDA:0,(anonymous_16)
FNDA:0,(anonymous_17)
FNDA:0,(anonymous_18)
FNDA:0,(anonymous_19)
FNDA:0,(anonymous_20)
FNDA:0,(anonymous_21)
FNDA:0,(anonymous_22)
FNDA:0,(anonymous_23)
FNDA:0,(anonymous_24)
FNDA:0,(anonymous_25)
FNDA:0,(anonymous_26)
FNDA:0,(anonymous_27)
FNDA:0,(anonymous_28)
FNDA:0,(anonymous_29)
FNDA:0,(anonymous_30)
FNDA:0,(anonymous_31)
DA:52,0
DA:62,0
DA:78,0
DA:80,0
DA:81,0
DA:107,0
DA:157,0
DA:159,0
DA:160,0
DA:162,0
DA:177,0
DA:182,0
DA:197,0
DA:198,0
DA:199,0
DA:202,0
DA:205,0
DA:213,0
DA:214,0
DA:215,0
DA:218,0
DA:233,0
DA:239,0
DA:246,0
DA:247,0
DA:249,0
DA:252,0
DA:253,0
DA:254,0
DA:255,0
DA:256,0
DA:257,0
DA:259,0
DA:261,0
DA:262,0
DA:267,0
DA:269,0
DA:270,0
DA:275,0
DA:278,0
DA:279,0
DA:282,0
DA:285,0
DA:287,0
DA:290,0
DA:291,0
DA:294,0
DA:296,0
DA:299,0
DA:302,0
DA:305,0
DA:308,0
DA:315,0
DA:318,0
DA:319,0
DA:326,0
DA:327,0
DA:330,0
DA:336,0
DA:337,0
DA:342,0
DA:347,0
DA:348,0
DA:352,0
DA:353,0
DA:354,0
DA:355,0
DA:356,0
DA:358,0
DA:360,0
DA:365,0
DA:367,0
DA:370,0
DA:371,0
DA:372,0
DA:374,0
DA:378,0
DA:384,0
DA:385,0
DA:388,0
DA:425,0
DA:439,0
DA:449,0
DA:453,0
DA:499,0
DA:507,0
DA:524,0
LF:87
LH:0
BRDA:110,0,0,0
BRDA:110,0,1,0
BRDA:114,1,0,0
BRDA:114,1,1,0
BRDA:115,2,0,0
BRDA:115,2,1,0
BRDA:121,3,0,0
BRDA:121,3,1,0
BRDA:157,4,0,0
BRDA:157,4,1,0
BRDA:159,5,0,0
BRDA:159,5,1,0
BRDA:165,6,0,0
BRDA:165,6,1,0
BRDA:174,7,0,0
BRDA:174,7,1,0
BRDA:181,8,0,0
BRDA:181,8,1,0
BRDA:241,9,0,0
BRDA:241,9,1,0
BRDA:247,10,0,0
BRDA:247,10,1,0
BRDA:247,11,0,0
BRDA:247,11,1,0
BRDA:255,12,0,0
BRDA:255,12,1,0
BRDA:261,13,0,0
BRDA:261,13,1,0
BRDA:285,14,0,0
BRDA:285,14,1,0
BRDA:291,15,0,0
BRDA:291,15,1,0
BRDA:294,16,0,0
BRDA:294,16,1,0
BRDA:326,17,0,0
BRDA:326,17,1,0
BRDA:355,18,0,0
BRDA:355,18,1,0
BRDA:367,19,0,0
BRDA:367,19,1,0
BRDA:371,20,0,0
BRDA:371,20,1,0
BRDA:378,21,0,0
BRDA:378,21,1,0
BRDA:384,22,0,0
BRDA:384,22,1,0
BRDA:385,23,0,0
BRDA:385,23,1,0
BRDA:385,23,2,0
BRDA:391,24,0,0
BRDA:391,24,1,0
BRDA:398,25,0,0
BRDA:398,25,1,0
BRDA:427,26,0,0
BRDA:427,26,1,0
BRDA:469,27,0,0
BRDA:469,27,1,0
BRDA:471,28,0,0
BRDA:471,28,1,0
BRDA:473,29,0,0
BRDA:473,29,1,0
BRDA:479,30,0,0
BRDA:479,30,1,0
BRDA:480,31,0,0
BRDA:480,31,1,0
BRDA:482,32,0,0
BRDA:482,32,1,0
BRDA:490,33,0,0
BRDA:490,33,1,0
BRDA:492,34,0,0
BRDA:492,34,1,0
BRF:71
BRH:0
end_of_record
TN:
SF:src\components\Shared\Drawer\QRCodeDrawer.tsx
FN:158,filterDefined
FN:172,createSettingsFromOptions
FN:228,settingsToQROptions
FN:289,ColorSection
FN:317,(anonymous_4)
FN:320,(anonymous_5)
FN:356,(anonymous_6)
FN:363,(anonymous_7)
FN:400,TokenOptionsPanel
FN:410,(anonymous_9)
FN:422,(anonymous_10)
FN:433,(anonymous_11)
FN:443,QRStylingPanel
FN:451,(anonymous_13)
FN:453,(anonymous_14)
FN:455,(anonymous_15)
FN:458,(anonymous_16)
FN:459,(anonymous_17)
FN:461,(anonymous_18)
FN:472,(anonymous_19)
FN:474,(anonymous_20)
FN:476,(anonymous_21)
FN:479,(anonymous_22)
FN:480,(anonymous_23)
FN:482,(anonymous_24)
FN:493,(anonymous_25)
FN:495,(anonymous_26)
FN:497,(anonymous_27)
FN:500,(anonymous_28)
FN:501,(anonymous_29)
FN:503,(anonymous_30)
FN:513,BackgroundImagePanel
FN:523,(anonymous_32)
FN:535,(anonymous_33)
FN:536,(anonymous_34)
FN:545,(anonymous_35)
FN:546,(anonymous_36)
FN:558,(anonymous_37)
FN:565,(anonymous_38)
FN:578,(anonymous_39)
FN:594,(anonymous_40)
FN:612,(anonymous_41)
FN:626,(anonymous_42)
FN:638,(anonymous_43)
FN:650,(anonymous_44)
FN:669,QRCodeDrawer
FN:685,(anonymous_46)
FN:692,(anonymous_47)
FN:696,(anonymous_48)
FN:700,(anonymous_49)
FN:709,(anonymous_50)
FNF:51
FNH:0
FNDA:0,filterDefined
FNDA:0,createSettingsFromOptions
FNDA:0,settingsToQROptions
FNDA:0,ColorSection
FNDA:0,(anonymous_4)
FNDA:0,(anonymous_5)
FNDA:0,(anonymous_6)
FNDA:0,(anonymous_7)
FNDA:0,TokenOptionsPanel
FNDA:0,(anonymous_9)
FNDA:0,(anonymous_10)
FNDA:0,(anonymous_11)
FNDA:0,QRStylingPanel
FNDA:0,(anonymous_13)
FNDA:0,(anonymous_14)
FNDA:0,(anonymous_15)
FNDA:0,(anonymous_16)
FNDA:0,(anonymous_17)
FNDA:0,(anonymous_18)
FNDA:0,(anonymous_19)
FNDA:0,(anonymous_20)
FNDA:0,(anonymous_21)
FNDA:0,(anonymous_22)
FNDA:0,(anonymous_23)
FNDA:0,(anonymous_24)
FNDA:0,(anonymous_25)
FNDA:0,(anonymous_26)
FNDA:0,(anonymous_27)
FNDA:0,(anonymous_28)
FNDA:0,(anonymous_29)
FNDA:0,(anonymous_30)
FNDA:0,BackgroundImagePanel
FNDA:0,(anonymous_32)
FNDA:0,(anonymous_33)
FNDA:0,(anonymous_34)
FNDA:0,(anonymous_35)
FNDA:0,(anonymous_36)
FNDA:0,(anonymous_37)
FNDA:0,(anonymous_38)
FNDA:0,(anonymous_39)
FNDA:0,(anonymous_40)
FNDA:0,(anonymous_41)
FNDA:0,(anonymous_42)
FNDA:0,(anonymous_43)
FNDA:0,(anonymous_44)
FNDA:0,QRCodeDrawer
FNDA:0,(anonymous_46)
FNDA:0,(anonymous_47)
FNDA:0,(anonymous_48)
FNDA:0,(anonymous_49)
FNDA:0,(anonymous_50)
DA:88,0
DA:97,0
DA:103,0
DA:109,0
DA:112,0
DA:114,0
DA:159,0
DA:160,0
DA:161,0
DA:162,0
DA:165,0
DA:177,0
DA:182,0
DA:183,0
DA:187,0
DA:222,0
DA:229,0
DA:307,0
DA:309,0
DA:317,0
DA:321,0
DA:356,0
DA:363,0
DA:401,0
DA:410,0
DA:422,0
DA:444,0
DA:451,0
DA:453,0
DA:455,0
DA:458,0
DA:459,0
DA:461,0
DA:472,0
DA:474,0
DA:476,0
DA:479,0
DA:480,0
DA:482,0
DA:493,0
DA:495,0
DA:497,0
DA:500,0
DA:501,0
DA:503,0
DA:514,0
DA:523,0
DA:535,0
DA:536,0
DA:545,0
DA:546,0
DA:558,0
DA:566,0
DA:578,0
DA:594,0
DA:613,0
DA:626,0
DA:638,0
DA:650,0
DA:676,0
DA:682,0
DA:685,0
DA:686,0
DA:687,0
DA:692,0
DA:696,0
DA:700,0
DA:701,0
DA:705,0
DA:709,0
DA:710,0
DA:715,0
DA:732,0
LF:73
LH:0
BRDA:161,0,0,0
BRDA:161,0,1,0
BRDA:182,1,0,0
BRDA:182,1,1,0
BRDA:304,2,0,0
BRDA:305,3,0,0
BRDA:307,4,0,0
BRDA:307,4,1,0
BRDA:307,4,2,0
BRDA:310,5,0,0
BRDA:310,5,1,0
BRDA:313,6,0,0
BRDA:313,6,1,0
BRDA:331,7,0,0
BRDA:331,7,1,0
BRDA:337,8,0,0
BRDA:337,8,1,0
BRDA:360,9,0,0
BRDA:360,9,1,0
BRDA:370,10,0,0
BRDA:370,10,1,0
BRDA:370,10,2,0
BRDA:370,10,3,0
BRDA:370,10,4,0
BRDA:372,11,0,0
BRDA:372,11,1,0
BRDA:417,12,0,0
BRDA:417,12,1,0
BRDA:522,13,0,0
BRDA:522,13,1,0
BRDA:533,14,0,0
BRDA:533,14,1,0
BRDA:539,15,0,0
BRDA:539,15,1,0
BRDA:562,16,0,0
BRDA:562,16,1,0
BRDA:574,17,0,0
BRDA:574,17,1,0
BRDA:574,17,2,0
BRDA:621,18,0,0
BRDA:621,18,1,0
BRDA:632,19,0,0
BRDA:632,19,1,0
BRDA:686,20,0,0
BRDA:686,20,1,0
BRF:45
BRH:0
end_of_record
TN:
SF:src\components\Shared\Drawer\SettingsDrawer.tsx
FN:62,getDrawerPosition
FN:107,useDrawerAnimation
FN:110,(anonymous_2)
FN:115,(anonymous_3)
FN:116,(anonymous_4)
FN:126,useDrawerPosition
FN:129,(anonymous_6)
FN:132,(anonymous_7)
FN:141,(anonymous_8)
FN:153,useDrawerCloseHandlers
FN:155,(anonymous_10)
FN:158,(anonymous_11)
FN:165,(anonymous_12)
FN:169,(anonymous_13)
FN:181,useDrawerAccessibility
FN:187,(anonymous_15)
FN:191,(anonymous_16)
FN:198,(anonymous_17)
FN:224,SettingsDrawer
FN:259,(anonymous_19)
FNF:20
FNH:0
FNDA:0,getDrawerPosition
FNDA:0,useDrawerAnimation
FNDA:0,(anonymous_2)
FNDA:0,(anonymous_3)
FNDA:0,(anonymous_4)
FNDA:0,useDrawerPosition
FNDA:0,(anonymous_6)
FNDA:0,(anonymous_7)
FNDA:0,(anonymous_8)
FNDA:0,useDrawerCloseHandlers
FNDA:0,(anonymous_10)
FNDA:0,(anonymous_11)
FNDA:0,(anonymous_12)
FNDA:0,(anonymous_13)
FNDA:0,useDrawerAccessibility
FNDA:0,(anonymous_15)
FNDA:0,(anonymous_16)
FNDA:0,(anonymous_17)
FNDA:0,SettingsDrawer
FNDA:0,(anonymous_19)
DA:64,0
DA:65,0
DA:66,0
DA:67,0
DA:75,0
DA:76,0
DA:77,0
DA:78,0
DA:86,0
DA:87,0
DA:88,0
DA:89,0
DA:97,0
DA:108,0
DA:110,0
DA:111,0
DA:112,0
DA:115,0
DA:116,0
DA:120,0
DA:127,0
DA:129,0
DA:130,0
DA:132,0
DA:135,0
DA:138,0
DA:139,0
DA:141,0
DA:142,0
DA:143,0
DA:147,0
DA:155,0
DA:156,0
DA:158,0
DA:159,0
DA:160,0
DA:164,0
DA:165,0
DA:169,0
DA:170,0
DA:171,0
DA:175,0
DA:187,0
DA:188,0
DA:189,0
DA:190,0
DA:191,0
DA:192,0
DA:198,0
DA:199,0
DA:201,0
DA:202,0
DA:203,0
DA:204,0
DA:205,0
DA:210,0
DA:213,0
DA:214,0
DA:236,0
DA:239,0
DA:240,0
DA:241,0
DA:242,0
DA:252,0
DA:259,0
DA:260,0
DA:261,0
DA:266,0
DA:269,0
DA:284,0
DA:287,0
DA:348,0
LF:72
LH:0
BRDA:65,0,0,0
BRDA:65,0,1,0
BRDA:76,1,0,0
BRDA:76,1,1,0
BRDA:87,2,0,0
BRDA:87,2,1,0
BRDA:111,3,0,0
BRDA:111,3,1,0
BRDA:130,4,0,0
BRDA:130,4,1,0
BRDA:156,5,0,0
BRDA:156,5,1,0
BRDA:159,6,0,0
BRDA:159,6,1,0
BRDA:170,7,0,0
BRDA:170,7,1,0
BRDA:188,8,0,0
BRDA:188,8,1,0
BRDA:199,9,0,0
BRDA:199,9,1,0
BRDA:199,10,0,0
BRDA:199,10,1,0
BRDA:201,11,0,0
BRDA:201,11,1,0
BRDA:203,12,0,0
BRDA:203,12,1,0
BRDA:213,13,0,0
BRDA:213,13,1,0
BRDA:260,14,0,0
BRDA:260,14,1,0
BRDA:266,15,0,0
BRDA:266,15,1,0
BRDA:269,16,0,0
BRDA:269,16,1,0
BRDA:284,17,0,0
BRDA:284,17,1,0
BRDA:290,18,0,0
BRDA:290,18,1,0
BRDA:299,19,0,0
BRDA:299,19,1,0
BRDA:299,20,0,0
BRDA:299,20,1,0
BRDA:303,21,0,0
BRDA:303,21,1,0
BRDA:309,22,0,0
BRDA:309,22,1,0
BRF:46
BRH:0
end_of_record
TN:
SF:src\components\Shared\Drawer\ScriptPdfDrawer\ScriptPdfDrawer.tsx
FN:78,DrawerImageThumbnail
FN:93,ScriptPdfDrawer
FN:125,(anonymous_2)
FN:133,(anonymous_3)
FN:138,(anonymous_4)
FN:146,(anonymous_5)
FN:157,(anonymous_6)
FN:189,(anonymous_7)
FN:194,(anonymous_8)
FN:199,(anonymous_9)
FN:204,(anonymous_10)
FN:209,(anonymous_11)
FN:234,(anonymous_12)
FN:243,(anonymous_13)
FN:248,(anonymous_14)
FN:255,(anonymous_15)
FN:263,(anonymous_16)
FN:271,(anonymous_17)
FN:282,(anonymous_18)
FN:289,(anonymous_19)
FN:302,(anonymous_20)
FN:305,(anonymous_21)
FN:318,(anonymous_22)
FN:324,(anonymous_23)
FN:332,(anonymous_24)
FN:345,(anonymous_25)
FN:358,(anonymous_26)
FN:380,(anonymous_27)
FN:383,(anonymous_28)
FN:396,(anonymous_29)
FN:413,(anonymous_30)
FN:424,(anonymous_31)
FN:438,(anonymous_32)
FN:447,(anonymous_33)
FN:459,(anonymous_34)
FN:471,(anonymous_35)
FN:489,(anonymous_36)
FN:512,(anonymous_37)
FN:530,(anonymous_38)
FN:542,(anonymous_39)
FN:554,(anonymous_40)
FN:566,(anonymous_41)
FN:583,(anonymous_42)
FN:596,(anonymous_43)
FN:609,(anonymous_44)
FN:626,(anonymous_45)
FN:637,(anonymous_46)
FN:645,(anonymous_47)
FN:658,(anonymous_48)
FN:669,(anonymous_49)
FN:682,(anonymous_50)
FN:697,(anonymous_51)
FN:706,(anonymous_52)
FN:714,(anonymous_53)
FN:727,(anonymous_54)
FN:745,(anonymous_55)
FN:756,(anonymous_56)
FN:767,(anonymous_57)
FN:778,(anonymous_58)
FN:789,(anonymous_59)
FN:803,(anonymous_60)
FN:814,(anonymous_61)
FN:823,(anonymous_62)
FN:832,(anonymous_63)
FN:843,(anonymous_64)
FN:876,(anonymous_65)
FNF:66
FNH:0
FNDA:0,DrawerImageThumbnail
FNDA:0,ScriptPdfDrawer
FNDA:0,(anonymous_2)
FNDA:0,(anonymous_3)
FNDA:0,(anonymous_4)
FNDA:0,(anonymous_5)
FNDA:0,(anonymous_6)
FNDA:0,(anonymous_7)
FNDA:0,(anonymous_8)
FNDA:0,(anonymous_9)
FNDA:0,(anonymous_10)
FNDA:0,(anonymous_11)
FNDA:0,(anonymous_12)
FNDA:0,(anonymous_13)
FNDA:0,(anonymous_14)
FNDA:0,(anonymous_15)
FNDA:0,(anonymous_16)
FNDA:0,(anonymous_17)
FNDA:0,(anonymous_18)
FNDA:0,(anonymous_19)
FNDA:0,(anonymous_20)
FNDA:0,(anonymous_21)
FNDA:0,(anonymous_22)
FNDA:0,(anonymous_23)
FNDA:0,(anonymous_24)
FNDA:0,(anonymous_25)
FNDA:0,(anonymous_26)
FNDA:0,(anonymous_27)
FNDA:0,(anonymous_28)
FNDA:0,(anonymous_29)
FNDA:0,(anonymous_30)
FNDA:0,(anonymous_31)
FNDA:0,(anonymous_32)
FNDA:0,(anonymous_33)
FNDA:0,(anonymous_34)
FNDA:0,(anonymous_35)
FNDA:0,(anonymous_36)
FNDA:0,(anonymous_37)
FNDA:0,(anonymous_38)
FNDA:0,(anonymous_39)
FNDA:0,(anonymous_40)
FNDA:0,(anonymous_41)
FNDA:0,(anonymous_42)
FNDA:0,(anonymous_43)
FNDA:0,(anonymous_44)
FNDA:0,(anonymous_45)
FNDA:0,(anonymous_46)
FNDA:0,(anonymous_47)
FNDA:0,(anonymous_48)
FNDA:0,(anonymous_49)
FNDA:0,(anonymous_50)
FNDA:0,(anonymous_51)
FNDA:0,(anonymous_52)
FNDA:0,(anonymous_53)
FNDA:0,(anonymous_54)
FNDA:0,(anonymous_55)
FNDA:0,(anonymous_56)
FNDA:0,(anonymous_57)
FNDA:0,(anonymous_58)
FNDA:0,(anonymous_59)
FNDA:0,(anonymous_60)
FNDA:0,(anonymous_61)
FNDA:0,(anonymous_62)
FNDA:0,(anonymous_63)
FNDA:0,(anonymous_64)
FNDA:0,(anonymous_65)
DA:79,0
DA:81,0
DA:105,0
DA:106,0
DA:107,0
DA:110,0
DA:114,0
DA:125,0
DA:129,0
DA:133,0
DA:134,0
DA:138,0
DA:142,0
DA:146,0
DA:147,0
DA:148,0
DA:149,0
DA:150,0
DA:152,0
DA:157,0
DA:158,0
DA:160,0
DA:167,0
DA:169,0
DA:176,0
DA:178,0
DA:189,0
DA:190,0
DA:194,0
DA:195,0
DA:199,0
DA:200,0
DA:204,0
DA:205,0
DA:209,0
DA:211,0
DA:212,0
DA:213,0
DA:220,0
DA:231,0
DA:234,0
DA:243,0
DA:244,0
DA:248,0
DA:255,0
DA:263,0
DA:264,0
DA:271,0
DA:283,0
DA:284,0
DA:286,0
DA:290,0
DA:291,0
DA:293,0
DA:303,0
DA:306,0
DA:318,0
DA:319,0
DA:325,0
DA:333,0
DA:345,0
DA:358,0
DA:359,0
DA:360,0
DA:362,0
DA:380,0
DA:384,0
DA:396,0
DA:413,0
DA:425,0
DA:438,0
DA:447,0
DA:459,0
DA:471,0
DA:489,0
DA:490,0
DA:512,0
DA:515,0
DA:521,0
DA:523,0
DA:530,0
DA:542,0
DA:554,0
DA:566,0
DA:583,0
DA:596,0
DA:609,0
DA:626,0
DA:627,0
DA:628,0
DA:630,0
DA:631,0
DA:633,0
DA:637,0
DA:638,0
DA:645,0
DA:658,0
DA:669,0
DA:683,0
DA:697,0
DA:706,0
DA:707,0
DA:714,0
DA:727,0
DA:745,0
DA:756,0
DA:767,0
DA:778,0
DA:789,0
DA:803,0
DA:814,0
DA:823,0
DA:824,0
DA:832,0
DA:843,0
DA:855,0
DA:876,0
LF:117
LH:0
BRDA:84,0,0,0
BRDA:84,0,1,0
BRDA:114,1,0,0
BRDA:114,1,1,0
BRDA:116,2,0,0
BRDA:116,2,1,0
BRDA:147,3,0,0
BRDA:147,3,1,0
BRDA:149,4,0,0
BRDA:149,4,1,0
BRDA:158,5,0,0
BRDA:158,5,1,0
BRDA:167,6,0,0
BRDA:167,6,1,0
BRDA:176,7,0,0
BRDA:176,7,1,0
BRDA:247,8,0,0
BRDA:247,8,1,0
BRDA:254,9,0,0
BRDA:254,9,1,0
BRDA:271,10,0,0
BRDA:271,10,1,0
BRDA:276,11,0,0
BRDA:276,11,1,0
BRDA:278,12,0,0
BRDA:278,12,1,0
BRDA:283,13,0,0
BRDA:283,13,1,0
BRDA:290,14,0,0
BRDA:290,14,1,0
BRDA:298,15,0,0
BRDA:298,15,1,0
BRDA:313,16,0,0
BRDA:313,16,1,0
BRDA:338,17,0,0
BRDA:338,17,1,0
BRDA:338,17,2,0
BRDA:359,18,0,0
BRDA:359,18,1,0
BRDA:392,19,0,0
BRDA:392,19,1,0
BRDA:395,20,0,0
BRDA:395,20,1,0
BRDA:407,21,0,0
BRDA:407,21,1,0
BRDA:412,22,0,0
BRDA:412,22,1,0
BRDA:423,23,0,0
BRDA:423,23,1,0
BRDA:437,24,0,0
BRDA:437,24,1,0
BRDA:446,25,0,0
BRDA:446,25,1,0
BRDA:458,26,0,0
BRDA:458,26,1,0
BRDA:470,27,0,0
BRDA:470,27,1,0
BRDA:493,28,0,0
BRDA:493,28,1,0
BRDA:515,29,0,0
BRDA:515,29,1,0
BRDA:517,30,0,0
BRDA:517,30,1,0
BRDA:521,31,0,0
BRDA:521,31,1,0
BRDA:579,32,0,0
BRDA:579,32,1,0
BRDA:592,33,0,0
BRDA:592,33,1,0
BRDA:605,34,0,0
BRDA:605,34,1,0
BRDA:627,35,0,0
BRDA:627,35,1,0
BRDA:630,36,0,0
BRDA:630,36,1,0
BRDA:723,37,0,0
BRDA:723,37,1,0
BRDA:873,38,0,0
BRDA:873,38,1,0
BRF:79
BRH:0
end_of_record
TN:
SF:src\components\Shared\Feedback\AutoSaveIndicator.tsx
FN:18,AutoSaveIndicator
FN:26,(anonymous_1)
FN:50,(anonymous_2)
FN:95,(anonymous_3)
FN:96,(anonymous_4)
FN:116,(anonymous_5)
FN:128,(anonymous_6)
FN:140,(anonymous_7)
FN:151,formatTimeSince
FNF:9
FNH:0
FNDA:0,AutoSaveIndicator
FNDA:0,(anonymous_1)
FNDA:0,(anonymous_2)
FNDA:0,(anonymous_3)
FNDA:0,(anonymous_4)
FNDA:0,(anonymous_5)
FNDA:0,(anonymous_6)
FNDA:0,(anonymous_7)
FNDA:0,formatTimeSince
DA:19,0
DA:20,0
DA:21,0
DA:24,0
DA:26,0
DA:29,0
DA:30,0
DA:33,0
DA:35,0
DA:37,0
DA:39,0
DA:41,0
DA:42,0
DA:44,0
DA:48,0
DA:50,0
DA:51,0
DA:54,0
DA:55,0
DA:57,0
DA:61,0
DA:64,0
DA:65,0
DA:67,0
DA:71,0
DA:72,0
DA:73,0
DA:77,0
DA:78,0
DA:82,0
DA:83,0
DA:86,0
DA:89,0
DA:95,0
DA:96,0
DA:117,0
DA:128,0
DA:140,0
DA:152,0
DA:154,0
DA:155,0
DA:158,0
DA:159,0
DA:162,0
DA:163,0
DA:164,0
DA:167,0
DA:168,0
DA:169,0
DA:172,0
DA:173,0
LF:51
LH:0
BRDA:29,0,0,0
BRDA:29,0,1,0
BRDA:33,1,0,0
BRDA:33,1,1,0
BRDA:33,1,2,0
BRDA:33,1,3,0
BRDA:41,2,0,0
BRDA:41,2,1,0
BRDA:54,3,0,0
BRDA:54,3,1,0
BRDA:64,4,0,0
BRDA:64,4,1,0
BRDA:71,5,0,0
BRDA:71,5,1,0
BRDA:77,6,0,0
BRDA:77,6,1,0
BRDA:82,7,0,0
BRDA:82,7,1,0
BRDA:104,8,0,0
BRDA:104,8,1,0
BRDA:112,9,0,0
BRDA:112,9,1,0
BRDA:124,10,0,0
BRDA:124,10,1,0
BRDA:137,11,0,0
BRDA:137,11,1,0
BRDA:154,12,0,0
BRDA:154,12,1,0
BRDA:158,13,0,0
BRDA:158,13,1,0
BRDA:163,14,0,0
BRDA:163,14,1,0
BRDA:168,15,0,0
BRDA:168,15,1,0
BRF:34
BRH:0
end_of_record
TN:
SF:src\components\Shared\Feedback\AutoSaveToggle.tsx
FN:23,AutoSaveToggle
FN:24,(anonymous_1)
FN:30,(anonymous_2)
FNF:3
FNH:0
FNDA:0,AutoSaveToggle
FNDA:0,(anonymous_1)
FNDA:0,(anonymous_2)
DA:24,0
DA:25,0
DA:26,0
DA:30,0
DA:31,0
DA:32,0
DA:34,0
DA:37,0
LF:8
LH:0
BRDA:23,0,0,0
BRDA:25,1,0,0
BRDA:25,1,1,0
BRDA:31,2,0,0
BRDA:31,2,1,0
BRDA:34,3,0,0
BRDA:34,3,1,0
BRDA:40,4,0,0
BRDA:40,4,1,0
BRDA:40,5,0,0
BRDA:40,5,1,0
BRDA:48,6,0,0
BRDA:48,6,1,0
BRDA:52,7,0,0
BRDA:52,7,1,0
BRF:15
BRH:0
end_of_record
TN:
SF:src\components\Shared\Feedback\ErrorBoundary.tsx
FN:80,(anonymous_0)
FN:123,(anonymous_1)
FN:88,(anonymous_2)
FN:95,(anonymous_3)
FN:110,(anonymous_4)
FN:127,(anonymous_5)
FNF:6
FNH:0
FNDA:0,(anonymous_0)
FNDA:0,(anonymous_1)
FNDA:0,(anonymous_2)
FNDA:0,(anonymous_3)
FNDA:0,(anonymous_4)
FNDA:0,(anonymous_5)
DA:81,0
DA:82,0
DA:89,0
DA:97,0
DA:104,0
DA:111,0
DA:116,0
DA:123,0
DA:124,0
DA:128,0
DA:129,0
DA:131,0
DA:133,0
DA:134,0
DA:141,0
DA:142,0
DA:146,0
DA:170,0
LF:18
LH:0
BRDA:111,0,0,0
BRDA:111,0,1,0
BRDA:112,1,0,0
BRDA:112,1,1,0
BRDA:112,1,2,0
BRDA:131,2,0,0
BRDA:131,2,1,0
BRDA:131,3,0,0
BRDA:131,3,1,0
BRDA:133,4,0,0
BRDA:133,4,1,0
BRDA:141,5,0,0
BRDA:141,5,1,0
BRF:13
BRH:0
end_of_record
TN:
SF:src\components\Shared\Feedback\GenerationProgressOverlay.tsx
FN:20,getPhaseLabel
FN:38,getPercentage
FN:43,GenerationProgressOverlay
FNF:3
FNH:0
FNDA:0,getPhaseLabel
FNDA:0,getPercentage
FNDA:0,GenerationProgressOverlay
DA:21,0
DA:23,0
DA:25,0
DA:27,0
DA:29,0
DA:31,0
DA:39,0
DA:40,0
DA:44,0
DA:45,0
DA:47,0
LF:11
LH:0
BRDA:21,0,0,0
BRDA:21,0,1,0
BRDA:21,0,2,0
BRDA:21,0,3,0
BRDA:21,0,4,0
BRDA:39,1,0,0
BRDA:39,1,1,0
BRF:7
BRH:0
end_of_record
TN:
SF:src\components\Shared\Feedback\InfoMessage.tsx
FN:20,InfoMessage
FNF:1
FNH:1
FNDA:32,InfoMessage
DA:21,32
LF:1
LH:1
BRF:0
BRH:0
end_of_record
TN:
SF:src\components\Shared\Feedback\StorageWarning.tsx
FN:51,StorageWarning
FN:68,(anonymous_1)
FN:78,(anonymous_2)
FN:89,(anonymous_3)
FN:109,(anonymous_4)
FNF:5
FNH:0
FNDA:0,StorageWarning
FNDA:0,(anonymous_1)
FNDA:0,(anonymous_2)
FNDA:0,(anonymous_3)
FNDA:0,(anonymous_4)
DA:57,0
DA:58,0
DA:61,0
DA:64,0
DA:65,0
DA:68,0
DA:69,0
DA:70,0
DA:72,0
DA:73,0
DA:74,0
DA:77,0
DA:78,0
DA:79,0
DA:83,0
DA:85,0
DA:89,0
DA:90,0
DA:91,0
DA:94,0
DA:96,0
DA:110,0
LF:22
LH:0
BRDA:55,0,0,0
BRDA:64,1,0,0
BRDA:64,1,1,0
BRDA:64,2,0,0
BRDA:64,2,1,0
BRDA:77,3,0,0
BRDA:77,3,1,0
BRDA:77,4,0,0
BRDA:77,4,1,0
BRDA:100,5,0,0
BRDA:100,5,1,0
BRDA:107,6,0,0
BRDA:107,6,1,0
BRDA:116,7,0,0
BRDA:116,7,1,0
BRDA:119,8,0,0
BRDA:119,8,1,0
BRDA:133,9,0,0
BRDA:133,9,1,0
BRDA:136,10,0,0
BRDA:136,10,1,0
BRDA:150,11,0,0
BRDA:150,11,1,0
BRF:23
BRH:0
end_of_record
TN:
SF:src\components\Shared\Feedback\SyncProgressBar.tsx
FN:17,SyncProgressBar
FN:24,(anonymous_1)
FN:25,(anonymous_2)
FN:42,(anonymous_3)
FN:48,(anonymous_4)
FN:59,(anonymous_5)
FN:61,(anonymous_6)
FN:65,(anonymous_7)
FN:69,(anonymous_8)
FN:74,(anonymous_9)
FN:82,(anonymous_10)
FNF:11
FNH:0
FNDA:0,SyncProgressBar
FNDA:0,(anonymous_1)
FNDA:0,(anonymous_2)
FNDA:0,(anonymous_3)
FNDA:0,(anonymous_4)
FNDA:0,(anonymous_5)
FNDA:0,(anonymous_6)
FNDA:0,(anonymous_7)
FNDA:0,(anonymous_8)
FNDA:0,(anonymous_9)
FNDA:0,(anonymous_10)
DA:18,0
DA:19,0
DA:20,0
DA:21,0
DA:24,0
DA:25,0
DA:27,0
DA:28,0
DA:29,0
DA:30,0
DA:31,0
DA:33,0
DA:34,0
DA:35,0
DA:36,0
DA:37,0
DA:38,0
DA:39,0
DA:41,0
DA:42,0
DA:43,0
DA:44,0
DA:46,0
DA:47,0
DA:48,0
DA:49,0
DA:50,0
DA:55,0
DA:59,0
DA:60,0
DA:61,0
DA:62,0
DA:63,0
DA:65,0
DA:69,0
DA:70,0
DA:71,0
DA:74,0
DA:75,0
DA:76,0
DA:77,0
DA:78,0
DA:79,0
DA:82,0
DA:83,0
DA:84,0
DA:87,0
DA:89,0
DA:90,0
DA:92,0
LF:50
[...]
FNDA:0,convertLegacyPreset
FNDA:0,migratePresets
FNDA:0,isMigrationNeeded
DA:30,0
DA:31,0
DA:56,0
DA:57,0
DA:58,0
DA:61,0
DA:62,0
DA:65,0
DA:67,0
DA:68,0
DA:69,0
DA:73,0
DA:76,0
DA:79,0
DA:82,0
DA:84,0
DA:86,0
DA:88,0
DA:90,0
DA:98,0
DA:99,0
DA:100,0
DA:101,0
DA:103,0
LF:24
LH:0
BRDA:34,0,0,0
BRDA:34,0,1,0
BRDA:35,1,0,0
BRDA:35,1,1,0
BRDA:61,2,0,0
BRDA:61,2,1,0
BRDA:61,3,0,0
BRDA:61,3,1,0
BRDA:67,4,0,0
BRDA:67,4,1,0
BRDA:101,5,0,0
BRDA:101,5,1,0
BRF:12
BRH:0
end_of_record
TN:
SF:src\ts\utils\progressUtils.ts
FN:26,createProgressState
FN:41,updateProgress
FN:53,resetProgress
FN:65,getProgressPercentage
FNF:4
FNH:4
FNDA:60,createProgressState
FNDA:132,updateProgress
FNDA:5,resetProgress
FNDA:7,getProgressPercentage
DA:30,60
DA:42,132
DA:43,132
DA:44,6
DA:54,5
DA:55,5
DA:56,3
DA:66,7
DA:67,6
LF:9
LH:9
BRDA:28,0,0,60
BRDA:43,1,0,6
BRDA:43,1,1,126
BRDA:55,2,0,3
BRDA:55,2,1,2
BRDA:66,3,0,1
BRDA:66,3,1,6
BRF:7
BRH:7
end_of_record
TN:
SF:src\ts\utils\projectDiff.ts
FN:132,calculateProjectDiff
FN:153,areStatesEqual
FN:164,compareCharacters
FN:165,(anonymous_3)
FN:166,(anonymous_4)
FN:201,findCharacterChanges
FN:218,compareScriptMeta
FN:249,compareGenerationOptions
FN:280,compareCustomIcons
FN:284,(anonymous_9)
FN:285,(anonymous_10)
FN:310,compareFilters
FN:351,getDiffSummary
FN:403,getChangeCount
FN:446,getFieldDisplayName
FN:453,(anonymous_15)
FN:482,findCharacterChangesDetailed
FN:578,compareCharactersDetailed
FN:582,(anonymous_18)
FN:583,(anonymous_19)
FN:623,calculateProjectDiffDetailed
FNF:21
FNH:0
FNDA:0,calculateProjectDiff
FNDA:0,areStatesEqual
FNDA:0,compareCharacters
FNDA:0,(anonymous_3)
FNDA:0,(anonymous_4)
FNDA:0,findCharacterChanges
FNDA:0,compareScriptMeta
FNDA:0,compareGenerationOptions
FNDA:0,compareCustomIcons
FNDA:0,(anonymous_9)
FNDA:0,(anonymous_10)
FNDA:0,compareFilters
FNDA:0,getDiffSummary
FNDA:0,getChangeCount
FNDA:0,getFieldDisplayName
FNDA:0,(anonymous_15)
FNDA:0,findCharacterChangesDetailed
FNDA:0,compareCharactersDetailed
FNDA:0,(anonymous_18)
FNDA:0,(anonymous_19)
FNDA:0,calculateProjectDiffDetailed
DA:133,0
DA:154,0
DA:155,0
DA:157,0
DA:165,0
DA:166,0
DA:168,0
DA:169,0
DA:170,0
DA:171,0
DA:174,0
DA:175,0
DA:176,0
DA:177,0
DA:178,0
DA:179,0
DA:181,0
DA:184,0
DA:189,0
DA:190,0
DA:191,0
DA:195,0
DA:202,0
DA:204,0
DA:205,0
DA:206,0
DA:207,0
DA:208,0
DA:209,0
DA:212,0
DA:222,0
DA:223,0
DA:226,0
DA:227,0
DA:228,0
DA:232,0
DA:233,0
DA:234,0
DA:238,0
DA:239,0
DA:240,0
DA:243,0
DA:253,0
DA:256,0
DA:257,0
DA:258,0
DA:261,0
DA:262,0
DA:263,0
DA:264,0
DA:266,0
DA:267,0
DA:271,0
DA:284,0
DA:285,0
DA:287,0
DA:288,0
DA:291,0
DA:292,0
DA:296,0
DA:297,0
DA:300,0
DA:314,0
DA:316,0
DA:317,0
DA:320,0
DA:321,0
DA:325,0
DA:326,0
DA:328,0
DA:329,0
DA:331,0
DA:332,0
DA:334,0
DA:335,0
DA:338,0
DA:352,0
DA:354,0
DA:355,0
DA:359,0
DA:360,0
DA:364,0
DA:365,0
DA:369,0
DA:370,0
DA:376,0
DA:377,0
DA:381,0
DA:382,0
DA:386,0
DA:387,0
DA:393,0
DA:394,0
DA:397,0
DA:404,0
DA:406,0
DA:407,0
DA:408,0
DA:410,0
DA:411,0
DA:412,0
DA:413,0
DA:415,0
DA:423,0
DA:447,0
DA:448,0
DA:451,0
DA:453,0
DA:458,0
DA:470,0
DA:473,0
DA:476,0
DA:486,0
DA:487,0
DA:495,0
DA:496,0
DA:497,0
DA:499,0
DA:500,0
DA:501,0
DA:502,0
DA:513,0
DA:514,0
DA:515,0
DA:517,0
DA:518,0
DA:519,0
DA:520,0
DA:531,0
DA:532,0
DA:533,0
DA:535,0
DA:536,0
DA:537,0
DA:547,0
DA:548,0
DA:549,0
DA:551,0
DA:552,0
DA:553,0
DA:563,0
DA:564,0
DA:567,0
DA:582,0
DA:583,0
DA:585,0
DA:586,0
DA:587,0
DA:588,0
DA:591,0
DA:592,0
DA:593,0
DA:594,0
DA:595,0
DA:596,0
DA:598,0
DA:601,0
DA:606,0
DA:607,0
DA:608,0
DA:612,0
DA:627,0
LF:162
LH:0
BRDA:176,0,0,0
BRDA:176,0,1,0
BRDA:178,1,0,0
BRDA:178,1,1,0
BRDA:190,2,0,0
BRDA:190,2,1,0
BRDA:204,3,0,0
BRDA:204,3,1,0
BRDA:205,4,0,0
BRDA:205,4,1,0
BRDA:206,5,0,0
BRDA:206,5,1,0
BRDA:207,6,0,0
BRDA:207,6,1,0
BRDA:208,7,0,0
BRDA:208,7,1,0
BRDA:226,8,0,0
BRDA:226,8,1,0
BRDA:232,9,0,0
BRDA:232,9,1,0
BRDA:238,10,0,0
BRDA:238,10,1,0
BRDA:266,11,0,0
BRDA:266,11,1,0
BRDA:292,12,0,0
BRDA:292,12,1,0
BRDA:297,13,0,0
BRDA:297,13,1,0
BRDA:303,14,0,0
BRDA:303,14,1,0
BRDA:316,15,0,0
BRDA:316,15,1,0
BRDA:316,16,0,0
BRDA:316,16,1,0
BRDA:320,17,0,0
BRDA:320,17,1,0
BRDA:320,18,0,0
BRDA:320,18,1,0
BRDA:325,19,0,0
BRDA:325,19,1,0
BRDA:328,20,0,0
BRDA:328,20,1,0
BRDA:331,21,0,0
BRDA:331,21,1,0
BRDA:334,22,0,0
BRDA:334,22,1,0
BRDA:354,23,0,0
BRDA:354,23,1,0
BRDA:359,24,0,0
BRDA:359,24,1,0
BRDA:361,25,0,0
BRDA:361,25,1,0
BRDA:364,26,0,0
BRDA:364,26,1,0
BRDA:366,27,0,0
BRDA:366,27,1,0
BRDA:369,28,0,0
BRDA:369,28,1,0
BRDA:371,29,0,0
BRDA:371,29,1,0
BRDA:376,30,0,0
BRDA:376,30,1,0
BRDA:381,31,0,0
BRDA:381,31,1,0
BRDA:386,32,0,0
BRDA:386,32,1,0
BRDA:388,33,0,0
BRDA:388,33,1,0
BRDA:393,34,0,0
BRDA:393,34,1,0
BRDA:397,35,0,0
BRDA:397,35,1,0
BRDA:410,36,0,0
BRDA:410,36,1,0
BRDA:411,37,0,0
BRDA:411,37,1,0
BRDA:412,38,0,0
BRDA:412,38,1,0
BRDA:413,39,0,0
BRDA:413,39,1,0
BRDA:447,40,0,0
BRDA:447,40,1,0
BRDA:499,41,0,0
BRDA:499,41,1,0
BRDA:517,42,0,0
BRDA:517,42,1,0
BRDA:535,43,0,0
BRDA:535,43,1,0
BRDA:551,44,0,0
BRDA:551,44,1,0
BRDA:563,45,0,0
BRDA:563,45,1,0
BRDA:593,46,0,0
BRDA:593,46,1,0
BRDA:595,47,0,0
BRDA:595,47,1,0
BRDA:607,48,0,0
BRDA:607,48,1,0
BRF:98
BRH:0
end_of_record
TN:
SF:src\ts\utils\scriptEncoder.ts
FN:41,encodeScriptForUrl
FN:70,decodeScriptFromUrl
FN:102,getOfficialScriptToolUrl
FN:119,openInOfficialScriptTool
FN:133,formatCharacterForOfficialTool
FNF:5
FNH:0
FNDA:0,encodeScriptForUrl
FNDA:0,decodeScriptFromUrl
FNDA:0,getOfficialScriptToolUrl
FNDA:0,openInOfficialScriptTool
FNDA:0,formatCharacterForOfficialTool
DA:43,0
DA:46,0
DA:50,0
DA:51,0
DA:52,0
DA:53,0
DA:55,0
DA:72,0
DA:73,0
DA:74,0
DA:75,0
DA:79,0
DA:82,0
DA:103,0
DA:105,0
DA:120,0
DA:121,0
DA:135,0
DA:136,0
DA:140,0
DA:148,0
DA:149,0
DA:150,0
DA:151,0
DA:152,0
DA:153,0
DA:154,0
DA:155,0
DA:157,0
DA:158,0
DA:159,0
DA:161,0
LF:32
LH:0
BRDA:135,0,0,0
BRDA:135,0,1,0
BRDA:143,1,0,0
BRDA:143,1,1,0
BRDA:148,2,0,0
BRDA:148,2,1,0
BRDA:149,3,0,0
BRDA:149,3,1,0
BRDA:150,4,0,0
BRDA:150,4,1,0
BRDA:151,5,0,0
BRDA:151,5,1,0
BRDA:152,6,0,0
BRDA:152,6,1,0
BRDA:153,7,0,0
BRDA:153,7,1,0
BRDA:153,8,0,0
BRDA:153,8,1,0
BRDA:154,9,0,0
BRDA:154,9,1,0
BRDA:154,10,0,0
BRDA:154,10,1,0
BRDA:157,11,0,0
BRDA:157,11,1,0
BRDA:158,12,0,0
BRDA:158,12,1,0
BRDA:159,13,0,0
BRDA:159,13,1,0
BRDA:159,14,0,0
BRDA:159,14,1,0
BRF:30
BRH:0
end_of_record
TN:
SF:src\ts\utils\scriptSorting.ts
FN:139,isMetaEntry
FN:149,isCharacterEntry
FN:161,getAbilityPrefixIndex
FN:181,getTeamIndex
FN:191,compareSAO
FN:222,resolveToCharacter
FN:273,sortScriptBySAO
FN:308,(anonymous_7)
FN:335,sortScriptJsonBySAO
FN:361,isScriptSortedBySAO
FN:420,isScriptJsonSortedBySAO
FN:442,getScriptSortStats
FNF:12
FNH:12
FNDA:93,isMetaEntry
FNDA:68,isCharacterEntry
FNDA:18,getAbilityPrefixIndex
FNDA:56,getTeamIndex
FNDA:28,compareSAO
FNDA:23,resolveToCharacter
FNDA:12,sortScriptBySAO
FNDA:13,(anonymous_7)
FNDA:3,sortScriptJsonBySAO
FNDA:17,isScriptSortedBySAO
FNDA:4,isScriptJsonSortedBySAO
FNDA:8,getScriptSortStats
DA:28,24
DA:44,24
DA:140,93
DA:141,83
DA:143,10
DA:150,68
DA:151,61
DA:152,61
DA:154,7
DA:162,18
DA:163,0
DA:166,18
DA:168,18
DA:169,593
DA:170,4
DA:175,14
DA:182,56
DA:183,56
DA:184,56
DA:193,28
DA:194,28
DA:197,9
DA:198,9
DA:201,8
DA:202,28
DA:203,28
DA:204,28
DA:207,7
DA:208,7
DA:211,6
DA:227,23
DA:228,0
DA:232,23
DA:233,18
DA:237,5
DA:238,3
DA:239,3
DA:240,3
DA:241,2
DA:244,1
DA:248,2
DA:249,2
DA:250,2
DA:251,2
DA:252,2
DA:253,2
DA:256,0
DA:259,0
DA:277,12
DA:280,12
DA:281,12
DA:282,4
DA:283,4
DA:284,4
DA:289,12
DA:290,12
DA:291,12
DA:293,12
DA:294,24
DA:295,1
DA:297,23
DA:298,23
DA:299,22
DA:302,1
DA:308,13
DA:311,12
DA:314,12
DA:315,1
DA:319,12
DA:320,22
DA:324,12
DA:326,12
DA:336,3
DA:337,3
DA:339,3
DA:340,1
DA:343,1
DA:344,1
DA:346,2
DA:347,2
DA:365,17
DA:368,17
DA:369,17
DA:370,4
DA:371,4
DA:372,4
DA:377,17
DA:378,17
DA:379,32
DA:381,30
DA:382,26
DA:383,4
DA:384,4
DA:385,4
DA:386,4
DA:387,4
DA:389,0
DA:390,0
DA:391,0
DA:392,0
DA:393,0
DA:394,0
DA:399,17
DA:400,7
DA:404,10
DA:405,15
DA:406,15
DA:407,5
DA:411,5
DA:424,4
DA:425,4
DA:427,4
DA:428,1
DA:431,2
DA:433,1
DA:448,8
DA:449,8
DA:451,8
DA:462,8
DA:463,14
DA:464,14
DA:465,14
DA:469,8
LF:123
LH:113
BRDA:140,0,0,83
BRDA:140,0,1,10
BRDA:140,1,0,93
BRDA:140,1,1,83
BRDA:140,1,2,83
BRDA:150,2,0,61
BRDA:150,2,1,7
BRDA:150,3,0,68
BRDA:150,3,1,61
BRDA:150,3,2,61
BRDA:152,4,0,61
BRDA:152,4,1,60
BRDA:162,5,0,0
BRDA:162,5,1,18
BRDA:169,6,0,4
BRDA:169,6,1,589
BRDA:182,7,0,0
BRDA:182,7,1,56
BRDA:184,8,0,0
BRDA:184,8,1,56
BRDA:194,9,0,19
BRDA:194,9,1,9
BRDA:198,10,0,1
BRDA:198,10,1,8
BRDA:201,11,0,8
BRDA:201,11,1,0
BRDA:202,12,0,28
BRDA:202,12,1,0
BRDA:204,13,0,1
BRDA:204,13,1,27
BRDA:208,14,0,1
BRDA:208,14,1,6
BRDA:227,15,0,0
BRDA:227,15,1,23
BRDA:232,16,0,18
BRDA:232,16,1,5
BRDA:237,17,0,3
BRDA:237,17,1,2
BRDA:240,18,0,2
BRDA:240,18,1,1
BRDA:248,19,0,2
BRDA:248,19,1,0
BRDA:248,20,0,2
BRDA:248,20,1,2
BRDA:248,20,2,2
BRDA:252,21,0,2
BRDA:252,21,1,0
BRDA:275,22,0,12
BRDA:277,23,0,12
BRDA:277,24,0,12
BRDA:282,25,0,4
BRDA:282,25,1,0
BRDA:294,26,0,1
BRDA:294,26,1,23
BRDA:298,27,0,22
BRDA:298,27,1,1
BRDA:314,28,0,1
BRDA:314,28,1,11
BRDA:314,29,0,12
BRDA:314,29,1,12
BRDA:335,30,0,3
BRDA:339,31,0,1
BRDA:339,31,1,2
BRDA:363,32,0,17
BRDA:365,33,0,17
BRDA:370,34,0,4
BRDA:370,34,1,0
BRDA:379,35,0,2
BRDA:379,35,1,30
BRDA:381,36,0,26
BRDA:381,36,1,4
BRDA:383,37,0,4
BRDA:383,37,1,0
BRDA:386,38,0,4
BRDA:386,38,1,0
BRDA:389,39,0,0
BRDA:389,39,1,0
BRDA:389,40,0,0
BRDA:389,40,1,0
BRDA:389,40,2,0
BRDA:393,41,0,0
BRDA:393,41,1,0
BRDA:399,42,0,7
BRDA:399,42,1,10
BRDA:406,43,0,5
BRDA:406,43,1,10
BRDA:422,44,0,4
BRDA:427,45,0,1
BRDA:427,45,1,3
BRDA:463,46,0,14
BRDA:463,46,1,1
BRDA:464,47,0,14
BRDA:464,47,1,0
BRF:93
BRH:73
end_of_record
TN:
SF:src\ts\utils\searchUtils.ts
FN:86,levenshteinDistance
FN:92,(anonymous_1)
FN:124,normalizeSearchText
FN:136,parseSearchQuery
FN:148,(anonymous_4)
FN:173,matchesTerm
FN:246,findMatchPositions
FN:278,mergeRanges
FN:282,(anonymous_8)
FN:307,getSearchMatch
FN:325,(anonymous_10)
FN:341,matchesAllTerms
FN:349,(anonymous_12)
FN:352,(anonymous_13)
FN:364,searchFilter
FN:371,(anonymous_15)
FN:387,searchWithDetails
FN:396,(anonymous_17)
FN:407,(anonymous_18)
FN:437,(anonymous_19)
FNF:20
FNH:0
FNDA:0,levenshteinDistance
FNDA:0,(anonymous_1)
FNDA:0,normalizeSearchText
FNDA:0,parseSearchQuery
FNDA:0,(anonymous_4)
FNDA:0,matchesTerm
FNDA:0,findMatchPositions
FNDA:0,mergeRanges
FNDA:0,(anonymous_8)
FNDA:0,getSearchMatch
FNDA:0,(anonymous_10)
FNDA:0,matchesAllTerms
FNDA:0,(anonymous_12)
FNDA:0,(anonymous_13)
FNDA:0,searchFilter
FNDA:0,(anonymous_15)
FNDA:0,searchWithDetails
FNDA:0,(anonymous_17)
FNDA:0,(anonymous_18)
FNDA:0,(anonymous_19)
DA:69,6
DA:72,6
DA:88,0
DA:89,0
DA:92,0
DA:93,0
DA:95,0
DA:96,0
DA:98,0
DA:99,0
DA:100,0
DA:108,0
DA:111,0
DA:125,0
DA:137,0
DA:139,0
DA:140,0
DA:148,0
DA:149,0
DA:151,0
DA:178,0
DA:179,0
DA:181,0
DA:184,0
DA:185,0
DA:190,0
DA:191,0
DA:193,0
DA:194,0
DA:199,0
DA:200,0
DA:205,0
DA:207,0
DA:209,0
DA:210,0
DA:213,0
DA:216,0
DA:221,0
DA:222,0
DA:228,0
DA:229,0
DA:230,0
DA:231,0
DA:236,0
DA:247,0
DA:248,0
DA:251,0
DA:252,0
DA:254,0
DA:255,0
DA:258,0
DA:259,0
DA:260,0
DA:261,0
DA:263,0
DA:264,0
DA:269,0
DA:279,0
DA:282,0
DA:283,0
DA:285,0
DA:286,0
DA:287,0
DA:289,0
DA:291,0
DA:293,0
DA:297,0
DA:308,0
DA:309,0
DA:317,0
DA:318,0
DA:321,0
DA:322,0
DA:325,0
DA:326,0
DA:329,0
DA:346,0
DA:349,0
DA:352,0
DA:365,0
DA:367,0
DA:368,0
DA:371,0
DA:372,0
DA:373,0
DA:393,0
DA:395,0
DA:396,0
DA:403,0
DA:405,0
DA:406,0
DA:407,0
DA:410,0
DA:411,0
DA:415,0
DA:416,0
DA:418,0
DA:419,0
DA:420,0
DA:422,0
DA:423,0
DA:424,0
DA:425,0
DA:429,0
DA:437,0
LF:105
LH:2
BRDA:88,0,0,0
BRDA:88,0,1,0
BRDA:89,1,0,0
BRDA:89,1,1,0
BRDA:99,2,0,0
BRDA:99,2,1,0
BRDA:139,3,0,0
BRDA:139,3,1,0
BRDA:176,4,0,0
BRDA:181,5,0,0
BRDA:181,5,1,0
BRDA:184,6,0,0
BRDA:184,6,1,0
BRDA:193,7,0,0
BRDA:193,7,1,0
BRDA:199,8,0,0
BRDA:199,8,1,0
BRDA:209,9,0,0
BRDA:209,9,1,0
BRDA:209,10,0,0
BRDA:209,10,1,0
BRDA:221,11,0,0
BRDA:221,11,1,0
BRDA:228,12,0,0
BRDA:228,12,1,0
BRDA:228,13,0,0
BRDA:228,13,1,0
BRDA:230,14,0,0
BRDA:230,14,1,0
BRDA:230,15,0,0
BRDA:230,15,1,0
BRDA:247,16,0,0
BRDA:247,16,1,0
BRDA:247,17,0,0
BRDA:247,17,1,0
BRDA:261,18,0,0
BRDA:261,18,1,0
BRDA:279,19,0,0
BRDA:279,19,1,0
BRDA:289,20,0,0
BRDA:289,20,1,0
BRDA:308,21,0,0
BRDA:308,21,1,0
BRDA:308,22,0,0
BRDA:308,22,1,0
BRDA:310,23,0,0
BRDA:310,23,1,0
BRDA:313,24,0,0
BRDA:313,24,1,0
BRDA:322,25,0,0
BRDA:322,25,1,0
BRDA:344,26,0,0
BRDA:346,27,0,0
BRDA:346,27,1,0
BRDA:367,28,0,0
BRDA:367,28,1,0
BRDA:395,29,0,0
BRDA:395,29,1,0
BRDA:407,30,0,0
BRDA:407,30,1,0
BRDA:410,31,0,0
BRDA:410,31,1,0
BRDA:420,32,0,0
BRDA:420,32,1,0
BRDA:423,33,0,0
BRDA:423,33,1,0
BRF:66
BRH:0
end_of_record
TN:
SF:src\ts\utils\storageKeys.ts
FN:52,getStorageItem
FN:64,setStorageItem
FN:76,removeStorageItem
FNF:3
FNH:2
FNDA:111,getStorageItem
FNDA:10,setStorageItem
FNDA:0,removeStorageItem
DA:12,25
DA:53,111
DA:54,111
DA:56,1
DA:65,10
DA:66,10
DA:77,0
DA:78,0
LF:8
LH:6
BRF:0
BRH:0
end_of_record
TN:
SF:src\ts\utils\stringUtils.ts
FN:12,generateUniqueFilename
FN:60,sanitizeFilename
FN:122,capitalize
FNF:3
FNH:3
FNDA:112,generateUniqueFilename
FNDA:121,sanitizeFilename
FNDA:8,capitalize
DA:13,112
DA:14,106
DA:16,112
DA:17,112
DA:19,112
DA:20,106
DA:22,6
DA:26,26
DA:29,26
DA:62,121
DA:63,121
DA:65,121
DA:66,1812
DA:69,1812
DA:70,0
DA:74,1812
DA:75,14
DA:79,1798
DA:80,145
DA:81,140
DA:82,140
DA:84,145
DA:88,1653
DA:89,4
DA:92,1649
DA:93,1649
DA:97,121
DA:98,121
DA:99,1
DA:101,121
DA:104,121
DA:105,3
DA:109,121
DA:110,1
DA:114,121
DA:123,8
DA:124,7
LF:37
LH:36
BRDA:13,0,0,106
BRDA:13,0,1,6
BRDA:16,1,0,112
BRDA:16,1,1,0
BRDA:19,2,0,106
BRDA:19,2,1,6
BRDA:69,3,0,0
BRDA:69,3,1,1812
BRDA:74,4,0,14
BRDA:74,4,1,1798
BRDA:79,5,0,145
BRDA:79,5,1,1653
BRDA:79,6,0,1798
BRDA:79,6,1,1667
BRDA:79,6,2,1667
BRDA:80,7,0,140
BRDA:80,7,1,5
BRDA:80,8,0,145
BRDA:80,8,1,143
BRDA:88,9,0,4
BRDA:88,9,1,1649
BRDA:88,10,0,1653
BRDA:88,10,1,11
BRDA:98,11,0,121
BRDA:98,11,1,118
BRDA:98,11,2,117
BRDA:104,12,0,3
BRDA:104,12,1,118
BRDA:109,13,0,1
BRDA:109,13,1,120
BRDA:114,14,0,121
BRDA:114,14,1,4
BRDA:123,15,0,1
BRDA:123,15,1,7
BRF:34
BRH:32
end_of_record
TN:
SF:src\ts\utils\teamUtils.ts
FN:40,getTeamStyleClass
FN:55,normalizeTeamName
FNF:2
FNH:2
FNDA:14,getTeamStyleClass
FNDA:11,normalizeTeamName
DA:15,1
DA:44,14
DA:45,14
DA:46,14
DA:56,11
LF:5
LH:5
BRDA:44,0,0,14
BRDA:44,0,1,1
BRDA:45,1,0,14
BRDA:45,1,1,2
BRDA:46,2,0,14
BRDA:46,2,1,2
BRDA:46,2,2,1
BRDA:56,3,0,11
BRDA:56,3,1,2
BRF:9
BRH:9
end_of_record
TN:
SF:src\ts\utils\textDiff.ts
FN:44,diffText
FN:75,tokenize
FN:85,findLCS
FN:90,(anonymous_3)
FN:125,buildDiffSegments
FN:167,addSegment
FN:174,mergeSegments
FN:205,diffArrays
FN:213,(anonymous_8)
FN:215,(anonymous_9)
FN:216,(anonymous_10)
FN:258,valuesAreDifferent
FN:283,formatValueForDisplay
FNF:13
FNH:0
FNDA:0,diffText
FNDA:0,tokenize
FNDA:0,findLCS
FNDA:0,(anonymous_3)
FNDA:0,buildDiffSegments
FNDA:0,addSegment
FNDA:0,mergeSegments
FNDA:0,diffArrays
FNDA:0,(anonymous_8)
FNDA:0,(anonymous_9)
FNDA:0,(anonymous_10)
FNDA:0,valuesAreDifferent
FNDA:0,formatValueForDisplay
DA:45,0
DA:46,0
DA:49,0
DA:50,0
DA:57,0
DA:58,0
DA:61,0
DA:64,0
DA:66,0
DA:78,0
DA:86,0
DA:87,0
DA:90,0
DA:92,0
DA:93,0
DA:94,0
DA:95,0
DA:97,0
DA:103,0
DA:104,0
DA:105,0
DA:107,0
DA:108,0
DA:109,0
DA:110,0
DA:111,0
DA:112,0
DA:113,0
DA:115,0
DA:119,0
DA:130,0
DA:132,0
DA:133,0
DA:134,0
DA:136,0
DA:137,0
DA:140,0
DA:142,0
DA:143,0
DA:144,0
DA:145,0
DA:148,0
DA:149,0
DA:150,0
DA:154,0
DA:155,0
DA:156,0
DA:161,0
DA:168,0
DA:175,0
DA:177,0
DA:178,0
DA:180,0
DA:181,0
DA:182,0
DA:183,0
DA:185,0
DA:186,0
DA:189,0
DA:191,0
DA:209,0
DA:210,0
DA:213,0
DA:215,0
DA:216,0
DA:218,0
DA:219,0
DA:220,0
DA:223,0
DA:224,0
DA:225,0
DA:227,0
DA:232,0
DA:233,0
DA:234,0
DA:238,0
DA:260,0
DA:261,0
DA:262,0
DA:263,0
DA:266,0
DA:267,0
DA:270,0
DA:271,0
DA:273,0
DA:284,0
DA:285,0
DA:286,0
DA:287,0
DA:288,0
DA:289,0
DA:290,0
DA:292,0
LF:93
LH:0
BRDA:45,0,0,0
BRDA:45,0,1,0
BRDA:46,1,0,0
BRDA:46,1,1,0
BRDA:49,2,0,0
BRDA:49,2,1,0
BRDA:51,3,0,0
BRDA:51,3,1,0
BRDA:78,4,0,0
BRDA:78,4,1,0
BRDA:94,5,0,0
BRDA:94,5,1,0
BRDA:107,6,0,0
BRDA:107,6,1,0
BRDA:108,7,0,0
BRDA:108,7,1,0
BRDA:112,8,0,0
BRDA:112,8,1,0
BRDA:136,9,0,0
BRDA:136,9,1,0
BRDA:140,10,0,0
BRDA:140,10,1,0
BRDA:140,11,0,0
BRDA:140,11,1,0
BRDA:140,11,2,0
BRDA:148,12,0,0
BRDA:148,12,1,0
BRDA:148,12,2,0
BRDA:154,13,0,0
BRDA:154,13,1,0
BRDA:154,13,2,0
BRDA:175,14,0,0
BRDA:175,14,1,0
BRDA:182,15,0,0
BRDA:182,15,1,0
BRDA:209,16,0,0
BRDA:209,16,1,0
BRDA:210,17,0,0
BRDA:210,17,1,0
BRDA:213,18,0,0
BRDA:213,18,1,0
BRDA:224,19,0,0
BRDA:224,19,1,0
BRDA:233,20,0,0
BRDA:233,20,1,0
BRDA:242,21,0,0
BRDA:242,21,1,0
BRDA:260,22,0,0
BRDA:260,22,1,0
BRDA:260,23,0,0
BRDA:260,23,1,0
BRDA:261,24,0,0
BRDA:261,24,1,0
BRDA:261,25,0,0
BRDA:261,25,1,0
BRDA:262,26,0,0
BRDA:262,26,1,0
BRDA:262,27,0,0
BRDA:262,27,1,0
BRDA:262,28,0,0
BRDA:262,28,1,0
BRDA:263,29,0,0
BRDA:263,29,1,0
BRDA:263,30,0,0
BRDA:263,30,1,0
BRDA:266,31,0,0
BRDA:266,31,1,0
BRDA:267,32,0,0
BRDA:267,32,1,0
BRDA:284,33,0,0
BRDA:284,33,1,0
BRDA:284,34,0,0
BRDA:284,34,1,0
BRDA:285,35,0,0
BRDA:285,35,1,0
BRDA:285,36,0,0
BRDA:285,36,1,0
BRDA:286,37,0,0
BRDA:286,37,1,0
BRDA:287,38,0,0
BRDA:287,38,1,0
BRDA:287,39,0,0
BRDA:287,39,1,0
BRDA:288,40,0,0
BRDA:288,40,1,0
BRDA:289,41,0,0
BRDA:289,41,1,0
BRF:87
BRH:0
end_of_record
TN:
SF:src\ts\utils\textFormatAnalyzer.ts
FN:128,analyzeReminderText
FN:152,(anonymous_1)
FN:176,normalizeReminderText
FN:198,hasFormatIssues
FN:207,getIssueSummary
FN:213,(anonymous_5)
FNF:6
FNH:0
FNDA:0,analyzeReminderText
FNDA:0,(anonymous_1)
FNDA:0,normalizeReminderText
FNDA:0,hasFormatIssues
FNDA:0,getIssueSummary
FNDA:0,(anonymous_5)
DA:49,23
DA:129,0
DA:130,0
DA:133,0
DA:135,0
DA:137,0
DA:140,0
DA:141,0
DA:142,0
DA:143,0
DA:149,0
DA:151,0
DA:152,0
DA:155,0
DA:156,0
DA:164,0
DA:168,0
DA:177,0
DA:178,0
DA:181,0
DA:183,0
DA:184,0
DA:188,0
DA:190,0
DA:199,0
DA:208,0
DA:209,0
DA:213,0
DA:214,0
LF:29
LH:1
BRDA:129,0,0,0
BRDA:129,0,1,0
BRDA:129,1,0,0
BRDA:129,1,1,0
BRDA:149,2,0,0
BRDA:149,2,1,0
BRDA:152,3,0,0
BRDA:152,3,1,0
BRDA:155,4,0,0
BRDA:155,4,1,0
BRDA:177,5,0,0
BRDA:177,5,1,0
BRDA:177,6,0,0
BRDA:177,6,1,0
BRDA:208,7,0,0
BRDA:208,7,1,0
BRF:16
BRH:0
end_of_record
TN:
SF:src\ts\utils\tokenGrouping.ts
FN:22,getTokenIdentityKey
FN:42,getVariantGroupKey
FN:58,groupTokensByIdentity
FN:98,(anonymous_3)
FN:108,(anonymous_4)
FNF:5
FNH:5
FNDA:131,getTokenIdentityKey
FNDA:24,getVariantGroupKey
FNDA:16,groupTokensByIdentity
FNDA:5,(anonymous_3)
FNDA:24,(anonymous_4)
DA:23,131
DA:25,9
DA:26,2
DA:28,7
DA:31,122
DA:32,5
DA:35,117
DA:43,24
DA:44,14
DA:46,10
DA:47,8
DA:49,2
DA:60,16
DA:62,16
DA:63,129
DA:65,129
DA:66,129
DA:67,105
DA:68,105
DA:70,24
DA:81,16
DA:83,16
DA:84,24
DA:86,24
DA:87,20
DA:89,24
DA:94,16
DA:96,16
DA:98,20
DA:99,5
DA:100,5
DA:101,5
DA:105,20
DA:108,24
DA:110,20
DA:113,16
LF:36
LH:36
BRDA:23,0,0,9
BRDA:23,0,1,122
BRDA:25,1,0,2
BRDA:25,1,1,7
BRDA:26,2,0,2
BRDA:26,2,1,0
BRDA:26,3,0,2
BRDA:26,3,1,0
BRDA:28,4,0,7
BRDA:28,4,1,0
BRDA:28,5,0,9
BRDA:28,5,1,0
BRDA:31,6,0,5
BRDA:31,6,1,117
BRDA:31,7,0,122
BRDA:31,7,1,117
BRDA:43,8,0,14
BRDA:43,8,1,10
BRDA:46,9,0,8
BRDA:46,9,1,2
BRDA:47,10,0,8
BRDA:47,10,1,0
BRDA:47,11,0,8
BRDA:47,11,1,0
BRDA:66,12,0,105
BRDA:66,12,1,24
BRDA:86,13,0,20
BRDA:86,13,1,4
BRDA:99,14,0,5
BRDA:99,14,1,0
BRDA:100,15,0,5
BRDA:100,15,1,0
BRF:32
BRH:24
end_of_record
TN:
SF:src\ts\workers\prerender-worker.ts
FN:81,encodeImageData
FN:121,blobToDataURL
FN:122,(anonymous_2)
FN:124,(anonymous_3)
FN:133,(anonymous_4)
FNF:5
FNH:0
FNDA:0,encodeImageData
FNDA:0,blobToDataURL
FNDA:0,(anonymous_2)
FNDA:0,(anonymous_3)
FNDA:0,(anonymous_4)
DA:70,0
DA:88,0
DA:89,0
DA:93,0
DA:94,0
DA:96,0
DA:97,0
DA:101,0
DA:104,0
DA:105,0
DA:106,0
DA:109,0
DA:112,0
DA:113,0
DA:122,0
DA:123,0
DA:124,0
DA:125,0
DA:126,0
DA:133,0
DA:134,0
DA:136,0
DA:137,0
DA:138,0
DA:139,0
DA:147,0
DA:153,0
DA:154,0
DA:155,0
DA:156,0
DA:159,0
DA:160,0
DA:167,0
DA:170,0
DA:176,0
DA:178,0
DA:181,0
DA:187,0
DA:195,0
LF:39
LH:0
BRDA:85,0,0,0
BRDA:86,1,0,0
BRDA:88,2,0,0
BRDA:88,2,1,0
BRDA:96,3,0,0
BRDA:96,3,1,0
BRDA:105,4,0,0
BRDA:105,4,1,0
BRDA:137,5,0,0
BRDA:137,5,1,0
BRDA:154,6,0,0
BRDA:154,6,1,0
BRDA:184,7,0,0
BRDA:184,7,1,0
BRF:14
BRH:0
end_of_record
